#
# A fatal error has been detected by the Java Runtime Environment:
#
#  EXCEPTION_ACCESS_VIOLATION (0xc0000005) at pc=0x00007ff8e82966f0, pid=7828, tid=3580
#
# JRE version: Java(TM) SE Runtime Environment (21.0.2+13) (build 21.0.2+13-LTS-58)
# Java VM: Java HotSpot(TM) 64-Bit Server VM (21.0.2+13-LTS-58, mixed mode, sharing, tiered, compressed oops, compressed class ptrs, g1 gc, windows-amd64)
# Problematic frame:
# C  [glass.dll+0x266f0]
#
# No core dump will be written. Minidumps are not enabled by default on client versions of Windows
#
# If you would like to submit a bug report, please visit:
#   https://bugreport.java.com/bugreport/crash.jsp
#

---------------  S U M M A R Y ------------

Command Line: --module-path=C:\Users\User\Documents\NetBeansProjects\Inventario\Inventario\target\classes;C:\Users\User\.m2\repository\at\favre\lib\bcrypt\0.9.0\bcrypt-0.9.0.jar;C:\Users\User\.m2\repository\com\sun\mail\javax.mail\1.6.2\javax.mail-1.6.2.jar;C:\Users\User\.m2\repository\net\sf\jasperreports\jasperreports\6.20.0\jasperreports-6.20.0.jar;C:\Users\User\.m2\repository\org\openjfx\javafx-base\13\javafx-base-13-win.jar;C:\Users\User\.m2\repository\org\openjfx\javafx-controls\13\javafx-controls-13-win.jar;C:\Users\User\.m2\repository\org\openjfx\javafx-fxml\13\javafx-fxml-13-win.jar;C:\Users\User\.m2\repository\org\openjfx\javafx-graphics\13\javafx-graphics-13-win.jar --add-modules=com.mycompany.inventario -Djdk.module.main=com.mycompany.inventario com.mycompany.inventario/com.mycompany.inventario.App

Host: 11th Gen Intel(R) Core(TM) i5-1135G7 @ 2.40GHz, 8 cores, 7G,  Windows 11 , 64 bit Build 22621 (10.0.22621.3958)
Time: Thu Sep 12 22:02:51 2024 Hora estándar de Paraguay elapsed time: 21.557724 seconds (0d 0h 0m 21s)

---------------  T H R E A D  ---------------

Current thread (0x0000019b64e4dff0):  VMThread "VM Thread"          [id=3580, stack(0x0000002350100000,0x0000002350200000) (1024K)]

Stack: [0x0000002350100000,0x0000002350200000],  sp=0x00000023501fedd0,  free space=1019k
Native frames: (J=compiled Java code, j=interpreted, Vv=VM code, C=native code)
C  [glass.dll+0x266f0]


siginfo: EXCEPTION_ACCESS_VIOLATION (0xc0000005), reading address 0x0000000000000000


Registers:
RAX=0x0000000000000000, RBX=0x0000019b64e5eeda, RCX=0x0000019b64e4dff0, RDX=0x00000023501fedd0
RSP=0x00000023501fedd0, RBP=0x0000019b6a76f078, RSI=0x00000023501feee8, RDI=0x0000019b6a76f050
R8 =0x0000000000010002, R9 =0x0000019b6a76f050, R10=0x85f13e9656da4870, R11=0x00000023501fed70
R12=0x00007ff8e8293b84, R13=0x00007ff8f3134720, R14=0x0000e802bb4c5fde, R15=0x0000019b6a76f050
RIP=0x00007ff8e82966f0, EFLAGS=0x0000000000010202


Register to memory mapping:

RAX=0x0 is null
RBX=0x0000019b64e5eeda is a global jni handle
RCX=0x0000019b64e4dff0 points into unknown readable memory: 0x00007ff8f2f46038 | 38 60 f4 f2 f8 7f 00 00
RDX=0x00000023501fedd0 points into unknown readable memory: 0x0000000000000000 | 00 00 00 00 00 00 00 00
RSP=0x00000023501fedd0 points into unknown readable memory: 0x0000000000000000 | 00 00 00 00 00 00 00 00
RBP=0x0000019b6a76f078 points into unknown readable memory: 0x0000e802bb4c5fde | de 5f 4c bb 02 e8 00 00
RSI=0x00000023501feee8 points into unknown readable memory: 0x00000023501feed0 | d0 ee 1f 50 23 00 00 00
RDI=0x0000019b6a76f050 points into unknown readable memory: 0x3a0aa599bb4c4020 | 20 40 4c bb 99 a5 0a 3a
R8 =0x0000000000010002 is an unknown value
R9 =0x0000019b6a76f050 points into unknown readable memory: 0x3a0aa599bb4c4020 | 20 40 4c bb 99 a5 0a 3a
R10=0x85f13e9656da4870 is an unknown value
R11=0x00000023501fed70 points into unknown readable memory: 0x0000019b6a76f050 | 50 f0 76 6a 9b 01 00 00
R12=0x00007ff8e8293b84 glass.dll
R13=0x00007ff8f3134720 jvm.dll
R14=0x0000e802bb4c5fde is an unknown value
R15=0x0000019b6a76f050 points into unknown readable memory: 0x3a0aa599bb4c4020 | 20 40 4c bb 99 a5 0a 3a

Top of Stack: (sp=0x00000023501fedd0)
0x00000023501fedd0:   0000000000000000 00007ff94db3364b
0x00000023501fede0:   0000019b6a76f060 00000023501feee8
0x00000023501fedf0:   fffffffffffffffe 00007ff8e8293b84
0x00000023501fee00:   0000019b6a76f058 00007ff94db73a93
0x00000023501fee10:   0000019b6a76f060 0000002300000000
0x00000023501fee20:   0000019b6a76f078 00000023501feee8
0x00000023501fee30:   fffffffffffffffe 0000000000000000
0x00000023501fee40:   0000000000000001 00007ff8e8270000
0x00000023501fee50:   00000023501feed8 00007ff94db4042e
0x00000023501fee60:   0000000000000000 00000023501feee8
0x00000023501fee70:   00000023501ff1c0 0000000000000001
0x00000023501fee80:   0000000000000000 00007ff94db3dddd
0x00000023501fee90:   0000000000000000 00007ff8e8293259
0x00000023501feea0:   0000000000000000 00000023501feed8
0x00000023501feeb0:   fffffffffffffffe 00007ff94ff36b17
0x00000023501feec0:   0000019b6a998558 00007ff8e8293a12
0x00000023501feed0:   00007ff8e82ad118 00007ff900000002
0x00000023501feee0:   0000000000000002 00000023501feed0
0x00000023501feef0:   0000000000000000 00007ff8e8293b38
0x00000023501fef00:   0000000000000001 0000000000000600
0x00000023501fef10:   0000000000000001 0000000000000000
0x00000023501fef20:   00007ff94f300000 00007ff94f302061
0x00000023501fef30:   0000000000000001 00007ff94c950000
0x00000023501fef40:   00007ff8e8270000 000000007ffe0384
0x00000023501fef50:   0000000000000000 00007ff94ff38b7f
0x00000023501fef60:   00007ff8e8270000 0000000000000000
0x00000023501fef70:   0000000000000001 000000007ffe0385
0x00000023501fef80:   0000000000000000 00007ff94ff617c9
0x00000023501fef90:   000079806485da00 0000000000000014
0x00000023501fefa0:   00007ff8e8293b84 0000000000000000
0x00000023501fefb0:   0000000000000000 000000234f59d000
0x00000023501fefc0:   0000019b6ab77690 00007ff94ff61586 

Instructions: (pc=0x00007ff8e82966f0)
0x00007ff8e82965f0:   8b 4d 60 e8 98 c9 ff ff 48 8b 55 68 48 8b 8d 08
0x00007ff8e8296600:   01 00 00 e8 49 be ff ff 33 d2 33 c9 e8 49 de ff
0x00007ff8e8296610:   ff 90 cc cc cc cc cc cc cc cc cc cc cc cc cc cc
0x00007ff8e8296620:   48 8d 8a 80 00 00 00 e9 14 e9 fe ff 48 89 54 24
0x00007ff8e8296630:   10 55 48 83 ec 20 48 8b ea 48 8d 05 dd ca ff ff
0x00007ff8e8296640:   48 83 c4 20 5d c3 cc 40 55 48 8b ea 48 8b 01 33
0x00007ff8e8296650:   c9 81 38 05 00 00 c0 0f 94 c1 8b c1 5d c3 cc 40
0x00007ff8e8296660:   55 48 83 ec 20 48 8b ea 8a 4d 40 48 83 c4 20 5d
0x00007ff8e8296670:   e9 df cd ff ff cc 40 55 48 83 ec 20 48 8b ea e8
0x00007ff8e8296680:   fc cb ff ff 8a 4d 38 48 83 c4 20 5d e9 c3 cd ff
0x00007ff8e8296690:   ff cc 40 55 48 83 ec 30 48 8b ea 48 8b 01 8b 10
0x00007ff8e82966a0:   48 89 4c 24 28 89 54 24 20 4c 8d 0d a4 d1 ff ff
0x00007ff8e82966b0:   4c 8b 45 70 8b 55 68 48 8b 4d 60 e8 30 cb ff ff
0x00007ff8e82966c0:   90 48 83 c4 30 5d c3 cc cc cc cc cc cc cc cc cc
0x00007ff8e82966d0:   40 53 48 83 ec 30 48 c7 44 24 20 fe ff ff ff 48
0x00007ff8e82966e0:   8b 1d 2a 64 01 00 48 85 db 74 16 e8 90 85 ff ff
0x00007ff8e82966f0:   4c 8b 00 48 8b d3 48 8b c8 41 ff 90 b0 00 00 00
0x00007ff8e8296700:   90 48 83 c4 30 5b c3 cc cc cc cc cc cc cc cc cc
0x00007ff8e8296710:   40 53 48 83 ec 20 48 8b 1d 9b 65 01 00 48 85 db
0x00007ff8e8296720:   74 57 b8 ff ff ff ff f0 0f c1 43 10 83 f8 01 75
0x00007ff8e8296730:   3d 48 85 db 74 38 48 8b 0b 48 85 c9 74 0d ff 15
0x00007ff8e8296740:   64 0b 00 00 48 c7 03 00 00 00 00 48 8b 4b 08 48
0x00007ff8e8296750:   85 c9 74 0d e8 37 c8 ff ff 48 c7 43 08 00 00 00
0x00007ff8e8296760:   00 ba 18 00 00 00 48 8b cb e8 22 c8 ff ff 48 c7
0x00007ff8e8296770:   05 3f 65 01 00 00 00 00 00 48 83 c4 20 5b c3 cc
0x00007ff8e8296780:   40 53 48 83 ec 20 48 8b 1d 0b 65 01 00 48 85 db
0x00007ff8e8296790:   74 57 b8 ff ff ff ff f0 0f c1 43 10 83 f8 01 75
0x00007ff8e82967a0:   3d 48 85 db 74 38 48 8b 0b 48 85 c9 74 0d ff 15
0x00007ff8e82967b0:   f4 0a 00 00 48 c7 03 00 00 00 00 48 8b 4b 08 48
0x00007ff8e82967c0:   85 c9 74 0d e8 c7 c7 ff ff 48 c7 43 08 00 00 00
0x00007ff8e82967d0:   00 ba 18 00 00 00 48 8b cb e8 b2 c7 ff ff 48 c7
0x00007ff8e82967e0:   05 af 64 01 00 00 00 00 00 48 83 c4 20 5b c3 cc 


Stack slot to memory mapping:

stack at sp + 0 slots: 0x0 is null
stack at sp + 1 slots: 0x00007ff94db3364b ucrtbase.dll
stack at sp + 2 slots: 0x0000019b6a76f060 points into unknown readable memory: 0x0000e802bb4c5fde | de 5f 4c bb 02 e8 00 00
stack at sp + 3 slots: 0x00000023501feee8 points into unknown readable memory: 0x00000023501feed0 | d0 ee 1f 50 23 00 00 00
stack at sp + 4 slots: 0xfffffffffffffffe is an unknown value
stack at sp + 5 slots: 0x00007ff8e8293b84 glass.dll
stack at sp + 6 slots: 0x0000019b6a76f058 points into unknown readable memory: 0x0000e802bb4c5fde | de 5f 4c bb 02 e8 00 00
stack at sp + 7 slots: 0x00007ff94db73a93 ucrtbase.dll

VM_Operation (0x00000023510fa020): Exit, mode: safepoint, requested by thread 0x0000019b6a43dd50


---------------  P R O C E S S  ---------------

Threads class SMR info:
_java_thread_list=0x0000019b69d9f3c0, length=19, elements={
0x0000019b46510460, 0x0000019b64e712a0, 0x0000019b64e71fc0, 0x0000019b64e752b0,
0x0000019b64e761a0, 0x0000019b64e80e40, 0x0000019b64ea5030, 0x0000019b64ea9c00,
0x0000019b64eaab20, 0x0000019b69137300, 0x0000019b6a4ffc40, 0x0000019b6ac536b0,
0x0000019b6a634580, 0x0000019b6a43dd50, 0x0000019b64ea0f70, 0x0000019b691573c0,
0x0000019b69300a80, 0x0000019b6ba7d3f0, 0x0000019b71aa1240
}

Java Threads: ( => current thread )
  0x0000019b46510460 JavaThread "main"                              [_thread_blocked, id=9520, stack(0x000000234fa00000,0x000000234fb00000) (1024K)]
  0x0000019b64e712a0 JavaThread "Reference Handler"          daemon [_thread_blocked, id=17204, stack(0x0000002350200000,0x0000002350300000) (1024K)]
  0x0000019b64e71fc0 JavaThread "Finalizer"                  daemon [_thread_blocked, id=16104, stack(0x0000002350300000,0x0000002350400000) (1024K)]
  0x0000019b64e752b0 JavaThread "Signal Dispatcher"          daemon [_thread_blocked, id=164, stack(0x0000002350400000,0x0000002350500000) (1024K)]
  0x0000019b64e761a0 JavaThread "Attach Listener"            daemon [_thread_blocked, id=17928, stack(0x0000002350500000,0x0000002350600000) (1024K)]
  0x0000019b64e80e40 JavaThread "Service Thread"             daemon [_thread_blocked, id=9676, stack(0x0000002350600000,0x0000002350700000) (1024K)]
  0x0000019b64ea5030 JavaThread "Monitor Deflation Thread"   daemon [_thread_blocked, id=13244, stack(0x0000002350700000,0x0000002350800000) (1024K)]
  0x0000019b64ea9c00 JavaThread "C2 CompilerThread0"         daemon [_thread_blocked, id=9572, stack(0x0000002350800000,0x0000002350900000) (1024K)]
  0x0000019b64eaab20 JavaThread "C1 CompilerThread0"         daemon [_thread_blocked, id=6136, stack(0x0000002350900000,0x0000002350a00000) (1024K)]
  0x0000019b69137300 JavaThread "Common-Cleaner"             daemon [_thread_blocked, id=18168, stack(0x0000002350a00000,0x0000002350b00000) (1024K)]
  0x0000019b6a4ffc40 JavaThread "Notification Thread"        daemon [_thread_blocked, id=8088, stack(0x0000002350d00000,0x0000002350e00000) (1024K)]
  0x0000019b6ac536b0 JavaThread "QuantumRenderer-0"          daemon [_thread_blocked, id=6604, stack(0x0000002350e00000,0x0000002350f00000) (1024K)]
  0x0000019b6a634580 JavaThread "InvokeLaterDispatcher"      daemon [_thread_blocked, id=9656, stack(0x0000002350f00000,0x0000002351000000) (1024K)]
  0x0000019b6a43dd50 JavaThread "JavaFX Application Thread"         [_thread_blocked, id=16092, stack(0x0000002351000000,0x0000002351100000) (1024K)]
  0x0000019b64ea0f70 JavaThread "JavaFX-Launcher"                   [_thread_blocked, id=5440, stack(0x0000002351a00000,0x0000002351b00000) (1024K)]
  0x0000019b691573c0 JavaThread "Thread-2"                   daemon [_thread_in_native, id=8892, stack(0x0000002351900000,0x0000002351a00000) (1024K)]
  0x0000019b69300a80 JavaThread "mysql-cj-abandoned-connection-cleanup" daemon [_thread_blocked, id=9360, stack(0x0000002351b00000,0x0000002351c00000) (1024K)]
  0x0000019b6ba7d3f0 JavaThread "Prism Font Disposer"        daemon [_thread_blocked, id=13380, stack(0x0000002352100000,0x0000002352200000) (1024K)]
  0x0000019b71aa1240 JavaThread "Cleaner-0"                  daemon [_thread_blocked, id=5572, stack(0x0000002352600000,0x0000002352700000) (1024K)]
Total: 19

Other Threads:
=>0x0000019b64e4dff0 VMThread "VM Thread"                           [id=3580, stack(0x0000002350100000,0x0000002350200000) (1024K)]
  0x0000019b486b1b90 WorkerThread "GC Thread#0"                     [id=7272, stack(0x000000234fb00000,0x000000234fc00000) (1024K)]
  0x0000019b6ae10db0 WorkerThread "GC Thread#1"                     [id=7268, stack(0x0000002351400000,0x0000002351500000) (1024K)]
  0x0000019b6ae83020 WorkerThread "GC Thread#2"                     [id=16112, stack(0x0000002351500000,0x0000002351600000) (1024K)]
  0x0000019b6ae4cb30 WorkerThread "GC Thread#3"                     [id=3348, stack(0x0000002351600000,0x0000002351700000) (1024K)]
  0x0000019b6ae552e0 WorkerThread "GC Thread#4"                     [id=5336, stack(0x0000002351700000,0x0000002351800000) (1024K)]
  0x0000019b6ae8b570 WorkerThread "GC Thread#5"                     [id=10996, stack(0x0000002351800000,0x0000002351900000) (1024K)]
  0x0000019b6b84dd90 WorkerThread "GC Thread#6"                     [id=6928, stack(0x0000002351c00000,0x0000002351d00000) (1024K)]
  0x0000019b6ae49f70 WorkerThread "GC Thread#7"                     [id=13324, stack(0x0000002351d00000,0x0000002351e00000) (1024K)]
  0x0000019b486c1f80 ConcurrentGCThread "G1 Main Marker"            terminated
  0x0000019b486c2b40 WorkerThread "G1 Conc#0"                       [id=10336, stack(0x000000234fd00000,0x000000234fe00000) (1024K)]
  0x0000019b6b946d90 WorkerThread "G1 Conc#1"                       [id=14876, stack(0x0000002352700000,0x0000002352800000) (1024K)]
  0x0000019b64d0b520 ConcurrentGCThread "G1 Refine#0"               terminated
  0x0000019b4871e010 ConcurrentGCThread "G1 Service"                terminated
Total: 14

Threads with active compile tasks:
Total: 0

VM state: at safepoint (shutting down)

VM Mutex/Monitor currently owned by a thread:  ([mutex/lock_event])
[0x00007ff8f310cd68] Threads_lock - owner thread: 0x0000019b64e4dff0
[0x00007ff8f310ce68] Heap_lock - owner thread: 0x0000019b6a43dd50

Heap address: 0x0000000085800000, size: 1960 MB, Compressed Oops mode: 32-bit

CDS archive(s) mapped at: [0x0000019b00000000-0x0000019b00c90000-0x0000019b00c90000), size 13172736, SharedBaseAddress: 0x0000019b00000000, ArchiveRelocationMode: 1.
Compressed class space mapped at: 0x0000019b01000000-0x0000019b41000000, reserved size: 1073741824
Narrow klass base: 0x0000019b00000000, Narrow klass shift: 0, Narrow klass range: 0x100000000

GC Precious Log:
 CardTable entry size: 512
 Card Set container configuration: InlinePtr #cards 5 size 8 Array Of Cards #cards 12 size 40 Howl #buckets 4 coarsen threshold 1843 Howl Bitmap #cards 512 size 80 coarsen threshold 460 Card regions per heap region 1 cards per card region 2048
 CPUs: 8 total, 8 available
 Memory: 7834M
 Large Page Support: Disabled
 NUMA Support: Disabled
 Compressed Oops: Enabled (32-bit)
 Heap Region Size: 1M
 Heap Min Capacity: 8M
 Heap Initial Capacity: 124M
 Heap Max Capacity: 1960M
 Pre-touch: Disabled
 Parallel Workers: 8
 Concurrent Workers: 2
 Concurrent Refinement Workers: 8
 Periodic GC: Disabled

Heap:
 garbage-first heap   total 109568K, used 100914K [0x0000000085800000, 0x0000000100000000)
  region size 1024K, 47 young (48128K), 9 survivors (9216K)
 Metaspace       used 25530K, committed 25984K, reserved 1114112K
  class space    used 3459K, committed 3648K, reserved 1048576K

Heap Regions: E=young(eden), S=young(survivor), O=old, HS=humongous(starts), HC=humongous(continues), CS=collection set, F=free, TAMS=top-at-mark-start, PB=parsable bottom
|   0|0x0000000085800000, 0x0000000085900000, 0x0000000085900000|100%|HS|  |TAMS 0x0000000085800000| PB 0x0000000085800000| Complete 
|   1|0x0000000085900000, 0x0000000085a00000, 0x0000000085a00000|100%|HS|  |TAMS 0x0000000085900000| PB 0x0000000085900000| Complete 
|   2|0x0000000085a00000, 0x0000000085b00000, 0x0000000085b00000|100%|HS|  |TAMS 0x0000000085a00000| PB 0x0000000085a00000| Complete 
|   3|0x0000000085b00000, 0x0000000085c00000, 0x0000000085c00000|100%|HC|  |TAMS 0x0000000085b00000| PB 0x0000000085b00000| Complete 
|   4|0x0000000085c00000, 0x0000000085d00000, 0x0000000085d00000|100%|HC|  |TAMS 0x0000000085c00000| PB 0x0000000085c00000| Complete 
|   5|0x0000000085d00000, 0x0000000085e00000, 0x0000000085e00000|100%|HC|  |TAMS 0x0000000085d00000| PB 0x0000000085d00000| Complete 
|   6|0x0000000085e00000, 0x0000000085f00000, 0x0000000085f00000|100%| O|  |TAMS 0x0000000085e00000| PB 0x0000000085e00000| Untracked 
|   7|0x0000000085f00000, 0x0000000086000000, 0x0000000086000000|100%| O|  |TAMS 0x0000000085f00000| PB 0x0000000085f00000| Untracked 
|   8|0x0000000086000000, 0x0000000086100000, 0x0000000086100000|100%| O|  |TAMS 0x0000000086000000| PB 0x0000000086000000| Untracked 
|   9|0x0000000086100000, 0x0000000086200000, 0x0000000086200000|100%| O|  |TAMS 0x0000000086100000| PB 0x0000000086100000| Untracked 
|  10|0x0000000086200000, 0x0000000086300000, 0x0000000086300000|100%| O|  |TAMS 0x0000000086200000| PB 0x0000000086200000| Untracked 
|  11|0x0000000086300000, 0x00000000863274d0, 0x0000000086400000| 15%| O|Cm|TAMS 0x0000000086300000| PB 0x0000000086300000| Complete 
|  12|0x0000000086400000, 0x0000000086500000, 0x0000000086500000|100%|HS|  |TAMS 0x0000000086400000| PB 0x0000000086400000| Complete 
|  13|0x0000000086500000, 0x0000000086600000, 0x0000000086600000|100%|HC|  |TAMS 0x0000000086500000| PB 0x0000000086500000| Complete 
|  14|0x0000000086600000, 0x0000000086700000, 0x0000000086700000|100%|HC|  |TAMS 0x0000000086600000| PB 0x0000000086600000| Complete 
|  15|0x0000000086700000, 0x0000000086800000, 0x0000000086800000|100%|HS|  |TAMS 0x0000000086700000| PB 0x0000000086700000| Complete 
|  16|0x0000000086800000, 0x0000000086900000, 0x0000000086900000|100%|HC|  |TAMS 0x0000000086800000| PB 0x0000000086800000| Complete 
|  17|0x0000000086900000, 0x0000000086a00000, 0x0000000086a00000|100%|HC|  |TAMS 0x0000000086900000| PB 0x0000000086900000| Complete 
|  18|0x0000000086a00000, 0x0000000086b00000, 0x0000000086b00000|100%|HS|  |TAMS 0x0000000086a00000| PB 0x0000000086a00000| Complete 
|  19|0x0000000086b00000, 0x0000000086c00000, 0x0000000086c00000|100%|HC|  |TAMS 0x0000000086b00000| PB 0x0000000086b00000| Complete 
|  20|0x0000000086c00000, 0x0000000086d00000, 0x0000000086d00000|100%|HC|  |TAMS 0x0000000086c00000| PB 0x0000000086c00000| Complete 
|  21|0x0000000086d00000, 0x0000000086e00000, 0x0000000086e00000|100%|HS|  |TAMS 0x0000000086d00000| PB 0x0000000086d00000| Complete 
|  22|0x0000000086e00000, 0x0000000086f00000, 0x0000000086f00000|100%|HC|  |TAMS 0x0000000086e00000| PB 0x0000000086e00000| Complete 
|  23|0x0000000086f00000, 0x0000000087000000, 0x0000000087000000|100%|HC|  |TAMS 0x0000000086f00000| PB 0x0000000086f00000| Complete 
|  24|0x0000000087000000, 0x0000000087100000, 0x0000000087100000|100%|HS|  |TAMS 0x0000000087000000| PB 0x0000000087000000| Complete 
|  25|0x0000000087100000, 0x0000000087200000, 0x0000000087200000|100%|HC|  |TAMS 0x0000000087100000| PB 0x0000000087100000| Complete 
|  26|0x0000000087200000, 0x0000000087300000, 0x0000000087300000|100%|HC|  |TAMS 0x0000000087200000| PB 0x0000000087200000| Complete 
|  27|0x0000000087300000, 0x0000000087400000, 0x0000000087400000|100%|HS|  |TAMS 0x0000000087300000| PB 0x0000000087300000| Complete 
|  28|0x0000000087400000, 0x0000000087500000, 0x0000000087500000|100%|HC|  |TAMS 0x0000000087400000| PB 0x0000000087400000| Complete 
|  29|0x0000000087500000, 0x0000000087600000, 0x0000000087600000|100%|HS|  |TAMS 0x0000000087500000| PB 0x0000000087500000| Complete 
|  30|0x0000000087600000, 0x0000000087700000, 0x0000000087700000|100%|HS|  |TAMS 0x0000000087600000| PB 0x0000000087600000| Complete 
|  31|0x0000000087700000, 0x0000000087800000, 0x0000000087800000|100%|HC|  |TAMS 0x0000000087700000| PB 0x0000000087700000| Complete 
|  32|0x0000000087800000, 0x0000000087900000, 0x0000000087900000|100%|HC|  |TAMS 0x0000000087800000| PB 0x0000000087800000| Complete 
|  33|0x0000000087900000, 0x0000000087a00000, 0x0000000087a00000|100%|HS|  |TAMS 0x0000000087900000| PB 0x0000000087900000| Complete 
|  34|0x0000000087a00000, 0x0000000087b00000, 0x0000000087b00000|100%|HC|  |TAMS 0x0000000087a00000| PB 0x0000000087a00000| Complete 
|  35|0x0000000087b00000, 0x0000000087c00000, 0x0000000087c00000|100%|HC|  |TAMS 0x0000000087b00000| PB 0x0000000087b00000| Complete 
|  36|0x0000000087c00000, 0x0000000087d00000, 0x0000000087d00000|100%|HS|  |TAMS 0x0000000087c00000| PB 0x0000000087c00000| Complete 
|  37|0x0000000087d00000, 0x0000000087e00000, 0x0000000087e00000|100%|HC|  |TAMS 0x0000000087d00000| PB 0x0000000087d00000| Complete 
|  38|0x0000000087e00000, 0x0000000087f00000, 0x0000000087f00000|100%|HC|  |TAMS 0x0000000087e00000| PB 0x0000000087e00000| Complete 
|  39|0x0000000087f00000, 0x0000000088000000, 0x0000000088000000|100%|HS|  |TAMS 0x0000000087f00000| PB 0x0000000087f00000| Complete 
|  40|0x0000000088000000, 0x0000000088100000, 0x0000000088100000|100%|HC|  |TAMS 0x0000000088000000| PB 0x0000000088000000| Complete 
|  41|0x0000000088100000, 0x0000000088200000, 0x0000000088200000|100%|HC|  |TAMS 0x0000000088100000| PB 0x0000000088100000| Complete 
|  42|0x0000000088200000, 0x0000000088300000, 0x0000000088300000|100%|HS|  |TAMS 0x0000000088200000| PB 0x0000000088200000| Complete 
|  43|0x0000000088300000, 0x0000000088400000, 0x0000000088400000|100%|HC|  |TAMS 0x0000000088300000| PB 0x0000000088300000| Complete 
|  44|0x0000000088400000, 0x0000000088500000, 0x0000000088500000|100%|HC|  |TAMS 0x0000000088400000| PB 0x0000000088400000| Complete 
|  45|0x0000000088500000, 0x0000000088600000, 0x0000000088600000|100%|HS|  |TAMS 0x0000000088500000| PB 0x0000000088500000| Complete 
|  46|0x0000000088600000, 0x0000000088700000, 0x0000000088700000|100%|HC|  |TAMS 0x0000000088600000| PB 0x0000000088600000| Complete 
|  47|0x0000000088700000, 0x0000000088800000, 0x0000000088800000|100%|HC|  |TAMS 0x0000000088700000| PB 0x0000000088700000| Complete 
|  48|0x0000000088800000, 0x0000000088900000, 0x0000000088900000|100%|HS|  |TAMS 0x0000000088800000| PB 0x0000000088800000| Complete 
|  49|0x0000000088900000, 0x0000000088a00000, 0x0000000088a00000|100%|HC|  |TAMS 0x0000000088900000| PB 0x0000000088900000| Complete 
|  50|0x0000000088a00000, 0x0000000088b00000, 0x0000000088b00000|100%|HC|  |TAMS 0x0000000088a00000| PB 0x0000000088a00000| Complete 
|  51|0x0000000088b00000, 0x0000000088c00000, 0x0000000088c00000|100%|HS|  |TAMS 0x0000000088b00000| PB 0x0000000088b00000| Complete 
|  52|0x0000000088c00000, 0x0000000088d00000, 0x0000000088d00000|100%|HC|  |TAMS 0x0000000088c00000| PB 0x0000000088c00000| Complete 
|  53|0x0000000088d00000, 0x0000000088e00000, 0x0000000088e00000|100%|HC|  |TAMS 0x0000000088d00000| PB 0x0000000088d00000| Complete 
|  54|0x0000000088e00000, 0x0000000088e00000, 0x0000000088f00000|  0%| F|  |TAMS 0x0000000088e00000| PB 0x0000000088e00000| Untracked 
|  55|0x0000000088f00000, 0x0000000088f00000, 0x0000000089000000|  0%| F|  |TAMS 0x0000000088f00000| PB 0x0000000088f00000| Untracked 
|  56|0x0000000089000000, 0x0000000089000000, 0x0000000089100000|  0%| F|  |TAMS 0x0000000089000000| PB 0x0000000089000000| Untracked 
|  57|0x0000000089100000, 0x0000000089100000, 0x0000000089200000|  0%| F|  |TAMS 0x0000000089100000| PB 0x0000000089100000| Untracked 
|  58|0x0000000089200000, 0x0000000089200000, 0x0000000089300000|  0%| F|  |TAMS 0x0000000089200000| PB 0x0000000089200000| Untracked 
|  59|0x0000000089300000, 0x0000000089300000, 0x0000000089400000|  0%| F|  |TAMS 0x0000000089300000| PB 0x0000000089300000| Untracked 
|  60|0x0000000089400000, 0x00000000894d0fa0, 0x0000000089500000| 81%| E|  |TAMS 0x0000000089400000| PB 0x0000000089400000| Complete 
|  61|0x0000000089500000, 0x0000000089600000, 0x0000000089600000|100%| E|CS|TAMS 0x0000000089500000| PB 0x0000000089500000| Complete 
|  62|0x0000000089600000, 0x0000000089700000, 0x0000000089700000|100%| E|CS|TAMS 0x0000000089600000| PB 0x0000000089600000| Complete 
|  63|0x0000000089700000, 0x0000000089800000, 0x0000000089800000|100%| E|CS|TAMS 0x0000000089700000| PB 0x0000000089700000| Complete 
|  64|0x0000000089800000, 0x0000000089900000, 0x0000000089900000|100%| E|CS|TAMS 0x0000000089800000| PB 0x0000000089800000| Complete 
|  65|0x0000000089900000, 0x0000000089a00000, 0x0000000089a00000|100%| E|CS|TAMS 0x0000000089900000| PB 0x0000000089900000| Complete 
|  66|0x0000000089a00000, 0x0000000089b00000, 0x0000000089b00000|100%| E|CS|TAMS 0x0000000089a00000| PB 0x0000000089a00000| Complete 
|  67|0x0000000089b00000, 0x0000000089c00000, 0x0000000089c00000|100%| E|CS|TAMS 0x0000000089b00000| PB 0x0000000089b00000| Complete 
|  68|0x0000000089c00000, 0x0000000089d00000, 0x0000000089d00000|100%| E|CS|TAMS 0x0000000089c00000| PB 0x0000000089c00000| Complete 
|  69|0x0000000089d00000, 0x0000000089e00000, 0x0000000089e00000|100%| E|CS|TAMS 0x0000000089d00000| PB 0x0000000089d00000| Complete 
|  70|0x0000000089e00000, 0x0000000089f00000, 0x0000000089f00000|100%| E|CS|TAMS 0x0000000089e00000| PB 0x0000000089e00000| Complete 
|  71|0x0000000089f00000, 0x000000008a000000, 0x000000008a000000|100%| E|CS|TAMS 0x0000000089f00000| PB 0x0000000089f00000| Complete 
|  72|0x000000008a000000, 0x000000008a100000, 0x000000008a100000|100%| E|CS|TAMS 0x000000008a000000| PB 0x000000008a000000| Complete 
|  73|0x000000008a100000, 0x000000008a1654f0, 0x000000008a200000| 39%| S|CS|TAMS 0x000000008a100000| PB 0x000000008a100000| Complete 
|  74|0x000000008a200000, 0x000000008a300000, 0x000000008a300000|100%| S|CS|TAMS 0x000000008a200000| PB 0x000000008a200000| Complete 
|  75|0x000000008a300000, 0x000000008a400000, 0x000000008a400000|100%| S|CS|TAMS 0x000000008a300000| PB 0x000000008a300000| Complete 
|  76|0x000000008a400000, 0x000000008a500000, 0x000000008a500000|100%| S|CS|TAMS 0x000000008a400000| PB 0x000000008a400000| Complete 
|  77|0x000000008a500000, 0x000000008a600000, 0x000000008a600000|100%| S|CS|TAMS 0x000000008a500000| PB 0x000000008a500000| Complete 
|  78|0x000000008a600000, 0x000000008a700000, 0x000000008a700000|100%| S|CS|TAMS 0x000000008a600000| PB 0x000000008a600000| Complete 
|  79|0x000000008a700000, 0x000000008a800000, 0x000000008a800000|100%| S|CS|TAMS 0x000000008a700000| PB 0x000000008a700000| Complete 
|  80|0x000000008a800000, 0x000000008a900000, 0x000000008a900000|100%| E|CS|TAMS 0x000000008a800000| PB 0x000000008a800000| Complete 
|  81|0x000000008a900000, 0x000000008aa00000, 0x000000008aa00000|100%| E|CS|TAMS 0x000000008a900000| PB 0x000000008a900000| Complete 
|  82|0x000000008aa00000, 0x000000008ab00000, 0x000000008ab00000|100%| E|CS|TAMS 0x000000008aa00000| PB 0x000000008aa00000| Complete 
|  83|0x000000008ab00000, 0x000000008ac00000, 0x000000008ac00000|100%| E|CS|TAMS 0x000000008ab00000| PB 0x000000008ab00000| Complete 
|  84|0x000000008ac00000, 0x000000008ad00000, 0x000000008ad00000|100%| E|CS|TAMS 0x000000008ac00000| PB 0x000000008ac00000| Complete 
|  85|0x000000008ad00000, 0x000000008ae00000, 0x000000008ae00000|100%| S|CS|TAMS 0x000000008ad00000| PB 0x000000008ad00000| Complete 
|  86|0x000000008ae00000, 0x000000008af00000, 0x000000008af00000|100%| S|CS|TAMS 0x000000008ae00000| PB 0x000000008ae00000| Complete 
|  87|0x000000008af00000, 0x000000008b000000, 0x000000008b000000|100%| E|CS|TAMS 0x000000008af00000| PB 0x000000008af00000| Complete 
|  88|0x000000008b000000, 0x000000008b100000, 0x000000008b100000|100%| E|CS|TAMS 0x000000008b000000| PB 0x000000008b000000| Complete 
|  89|0x000000008b100000, 0x000000008b200000, 0x000000008b200000|100%| E|CS|TAMS 0x000000008b100000| PB 0x000000008b100000| Complete 
|  90|0x000000008b200000, 0x000000008b300000, 0x000000008b300000|100%| E|CS|TAMS 0x000000008b200000| PB 0x000000008b200000| Complete 
|  91|0x000000008b300000, 0x000000008b400000, 0x000000008b400000|100%| E|CS|TAMS 0x000000008b300000| PB 0x000000008b300000| Complete 
|  92|0x000000008b400000, 0x000000008b500000, 0x000000008b500000|100%| E|CS|TAMS 0x000000008b400000| PB 0x000000008b400000| Complete 
|  93|0x000000008b500000, 0x000000008b600000, 0x000000008b600000|100%| E|CS|TAMS 0x000000008b500000| PB 0x000000008b500000| Complete 
|  94|0x000000008b600000, 0x000000008b700000, 0x000000008b700000|100%| E|CS|TAMS 0x000000008b600000| PB 0x000000008b600000| Complete 
|  95|0x000000008b700000, 0x000000008b800000, 0x000000008b800000|100%| E|CS|TAMS 0x000000008b700000| PB 0x000000008b700000| Complete 
|  96|0x000000008b800000, 0x000000008b900000, 0x000000008b900000|100%| E|CS|TAMS 0x000000008b800000| PB 0x000000008b800000| Complete 
|  97|0x000000008b900000, 0x000000008ba00000, 0x000000008ba00000|100%| E|CS|TAMS 0x000000008b900000| PB 0x000000008b900000| Complete 
|  98|0x000000008ba00000, 0x000000008bb00000, 0x000000008bb00000|100%| E|CS|TAMS 0x000000008ba00000| PB 0x000000008ba00000| Complete 
|  99|0x000000008bb00000, 0x000000008bc00000, 0x000000008bc00000|100%| E|CS|TAMS 0x000000008bb00000| PB 0x000000008bb00000| Complete 
| 100|0x000000008bc00000, 0x000000008bd00000, 0x000000008bd00000|100%| E|CS|TAMS 0x000000008bc00000| PB 0x000000008bc00000| Complete 
| 101|0x000000008bd00000, 0x000000008be00000, 0x000000008be00000|100%| E|CS|TAMS 0x000000008bd00000| PB 0x000000008bd00000| Complete 
| 102|0x000000008be00000, 0x000000008bf00000, 0x000000008bf00000|100%| E|CS|TAMS 0x000000008be00000| PB 0x000000008be00000| Complete 
| 103|0x000000008bf00000, 0x000000008c000000, 0x000000008c000000|100%| E|CS|TAMS 0x000000008bf00000| PB 0x000000008bf00000| Complete 
| 104|0x000000008c000000, 0x000000008c100000, 0x000000008c100000|100%| E|CS|TAMS 0x000000008c000000| PB 0x000000008c000000| Complete 
| 105|0x000000008c100000, 0x000000008c200000, 0x000000008c200000|100%| E|CS|TAMS 0x000000008c100000| PB 0x000000008c100000| Complete 
| 123|0x000000008d300000, 0x000000008d400000, 0x000000008d400000|100%| E|CS|TAMS 0x000000008d300000| PB 0x000000008d300000| Complete 

Card table byte_map: [0x0000019b601d0000,0x0000019b605b0000] _byte_map_base: 0x0000019b5fda4000

Marking Bits: (CMBitMap*) 0x0000019b486b21a0
 Bits: [0x0000019b605b0000, 0x0000019b62450000)

Polling page: 0x0000019b46630000

Metaspace:

Usage:
  Non-class:     21.55 MB used.
      Class:      3.38 MB used.
       Both:     24.93 MB used.

Virtual space:
  Non-class space:       64.00 MB reserved,      21.81 MB ( 34%) committed,  1 nodes.
      Class space:        1.00 GB reserved,       3.56 MB ( <1%) committed,  1 nodes.
             Both:        1.06 GB reserved,      25.38 MB (  2%) committed. 

Chunk freelists:
   Non-Class:  9.98 MB
       Class:  12.39 MB
        Both:  22.37 MB

MaxMetaspaceSize: unlimited
CompressedClassSpaceSize: 1.00 GB
Initial GC threshold: 21.00 MB
Current GC threshold: 35.12 MB
CDS: on
 - commit_granule_bytes: 65536.
 - commit_granule_words: 8192.
 - virtual_space_node_default_size: 8388608.
 - enlarge_chunks_in_place: 1.
 - use_allocation_guard: 0.


Internal statistics:

num_allocs_failed_limit: 3.
num_arena_births: 438.
num_arena_deaths: 0.
num_vsnodes_births: 2.
num_vsnodes_deaths: 0.
num_space_committed: 406.
num_space_uncommitted: 0.
num_chunks_returned_to_freelist: 3.
num_chunks_taken_from_freelist: 1276.
num_chunk_merges: 3.
num_chunk_splits: 890.
num_chunks_enlarged: 686.
num_inconsistent_stats: 0.

CodeHeap 'non-profiled nmethods': size=120000Kb used=2575Kb max_used=2575Kb free=117424Kb
 bounds [0x0000019b58590000, 0x0000019b58820000, 0x0000019b5fac0000]
CodeHeap 'profiled nmethods': size=120000Kb used=10951Kb max_used=10951Kb free=109048Kb
 bounds [0x0000019b50ac0000, 0x0000019b51580000, 0x0000019b57ff0000]
CodeHeap 'non-nmethods': size=5760Kb used=2161Kb max_used=2219Kb free=3598Kb
 bounds [0x0000019b57ff0000, 0x0000019b58260000, 0x0000019b58590000]
 total_blobs=6188 nmethods=5293 adapters=798
 compilation: enabled
              stopped_count=0, restarted_count=0
 full_count=0

Compilation events (20 events):
Event: 19.692 Thread 0x0000019b64eaab20 5287       3       javafx.scene.Node$1::doPickNodeLocal (7 bytes)
Event: 19.692 Thread 0x0000019b64eaab20 nmethod 5287 0x0000019b5156cf90 code [0x0000019b5156d140, 0x0000019b5156d2f0]
Event: 19.739 Thread 0x0000019b64eaab20 5288       3       com.sun.glass.ui.View::notifyMouse (221 bytes)
Event: 19.742 Thread 0x0000019b64eaab20 nmethod 5288 0x0000019b5156d410 code [0x0000019b5156d720, 0x0000019b5156eb20]
Event: 19.743 Thread 0x0000019b64eaab20 5289       3       com.sun.javafx.tk.quantum.GlassViewEventHandler::handleMouseEvent (108 bytes)
Event: 19.744 Thread 0x0000019b64eaab20 nmethod 5289 0x0000019b5156f190 code [0x0000019b5156f3a0, 0x0000019b5156fa10]
Event: 19.744 Thread 0x0000019b64eaab20 5290       3       com.sun.javafx.tk.quantum.GlassViewEventHandler$$Lambda/0x0000019b0122b130::<init> (10 bytes)
Event: 19.744 Thread 0x0000019b64eaab20 nmethod 5290 0x0000019b5156fc90 code [0x0000019b5156fe40, 0x0000019b5156fff8]
Event: 20.353 Thread 0x0000019b64ea9c00 5292       4       java.util.concurrent.locks.AbstractQueuedSynchronizer::casTail (13 bytes)
Event: 20.356 Thread 0x0000019b64ea9c00 nmethod 5292 0x0000019b58813410 code [0x0000019b588135a0, 0x0000019b58813710]
Event: 20.356 Thread 0x0000019b64ea9c00 5291       4       java.util.concurrent.locks.AbstractQueuedSynchronizer$Node::setPrevRelaxed (12 bytes)
Event: 20.359 Thread 0x0000019b64ea9c00 nmethod 5291 0x0000019b58813790 code [0x0000019b58813920, 0x0000019b58813a78]
Event: 20.785 Thread 0x0000019b64eaab20 5293       3       com.sun.javafx.css.SubCssMetaData::getStyleableProperty (9 bytes)
Event: 20.786 Thread 0x0000019b64eaab20 nmethod 5293 0x0000019b51570090 code [0x0000019b51570240, 0x0000019b515704b8]
Event: 20.786 Thread 0x0000019b64eaab20 5294   !   3       javafx.css.converter.EnumConverter::convert (75 bytes)
Event: 20.789 Thread 0x0000019b64eaab20 nmethod 5294 0x0000019b51570590 code [0x0000019b51570840, 0x0000019b51571388]
Event: 20.998 Thread 0x0000019b64eaab20 5295       3       javafx.scene.Scene::getFocusOwner (11 bytes)
Event: 20.999 Thread 0x0000019b64eaab20 nmethod 5295 0x0000019b51571890 code [0x0000019b51571a60, 0x0000019b51571e68]
Event: 21.015 Thread 0x0000019b64eaab20 5296       1       java.util.logging.LogManager$LoggerContext::getOwner (5 bytes)
Event: 21.015 Thread 0x0000019b64eaab20 nmethod 5296 0x0000019b58813b10 code [0x0000019b58813ca0, 0x0000019b58813d68]

GC Heap History (6 events):
Event: 0.540 GC heap before
{Heap before GC invocations=0 (full 0):
 garbage-first heap   total 126976K, used 22528K [0x0000000085800000, 0x0000000100000000)
  region size 1024K, 23 young (23552K), 0 survivors (0K)
 Metaspace       used 3755K, committed 3968K, reserved 1114112K
  class space    used 405K, committed 512K, reserved 1048576K
}
Event: 0.543 GC heap after
{Heap after GC invocations=1 (full 0):
 garbage-first heap   total 126976K, used 2624K [0x0000000085800000, 0x0000000100000000)
  region size 1024K, 3 young (3072K), 3 survivors (3072K)
 Metaspace       used 3755K, committed 3968K, reserved 1114112K
  class space    used 405K, committed 512K, reserved 1048576K
}
Event: 1.126 GC heap before
{Heap before GC invocations=1 (full 0):
 garbage-first heap   total 126976K, used 44608K [0x0000000085800000, 0x0000000100000000)
  region size 1024K, 39 young (39936K), 3 survivors (3072K)
 Metaspace       used 12888K, committed 13248K, reserved 1114112K
  class space    used 1549K, committed 1728K, reserved 1048576K
}
Event: 1.132 GC heap after
{Heap after GC invocations=2 (full 0):
 garbage-first heap   total 126976K, used 15517K [0x0000000085800000, 0x0000000100000000)
  region size 1024K, 5 young (5120K), 5 survivors (5120K)
 Metaspace       used 12888K, committed 13248K, reserved 1114112K
  class space    used 1549K, committed 1728K, reserved 1048576K
}
Event: 6.872 GC heap before
{Heap before GC invocations=2 (full 0):
 garbage-first heap   total 126976K, used 68765K [0x0000000085800000, 0x0000000100000000)
  region size 1024K, 42 young (43008K), 5 survivors (5120K)
 Metaspace       used 21136K, committed 21504K, reserved 1114112K
  class space    used 2848K, committed 3072K, reserved 1048576K
}
Event: 6.880 GC heap after
{Heap after GC invocations=3 (full 0):
 garbage-first heap   total 126976K, used 30258K [0x0000000085800000, 0x0000000100000000)
  region size 1024K, 9 young (9216K), 9 survivors (9216K)
 Metaspace       used 21136K, committed 21504K, reserved 1114112K
  class space    used 2848K, committed 3072K, reserved 1048576K
}

Dll operation events (20 events):
Event: 0.376 Loaded shared library C:\Users\User\.openjfx\cache\13\api-ms-win-crt-filesystem-l1-1-0.dll
Event: 0.378 Loaded shared library C:\Users\User\.openjfx\cache\13\api-ms-win-crt-heap-l1-1-0.dll
Event: 0.380 Loaded shared library C:\Users\User\.openjfx\cache\13\api-ms-win-crt-locale-l1-1-0.dll
Event: 0.383 Loaded shared library C:\Users\User\.openjfx\cache\13\api-ms-win-crt-math-l1-1-0.dll
Event: 0.385 Loaded shared library C:\Users\User\.openjfx\cache\13\api-ms-win-crt-multibyte-l1-1-0.dll
Event: 0.388 Loaded shared library C:\Users\User\.openjfx\cache\13\api-ms-win-crt-private-l1-1-0.dll
Event: 0.391 Loaded shared library C:\Users\User\.openjfx\cache\13\api-ms-win-crt-process-l1-1-0.dll
Event: 0.394 Loaded shared library C:\Users\User\.openjfx\cache\13\api-ms-win-crt-runtime-l1-1-0.dll
Event: 0.397 Loaded shared library C:\Users\User\.openjfx\cache\13\api-ms-win-crt-stdio-l1-1-0.dll
Event: 0.399 Loaded shared library C:\Users\User\.openjfx\cache\13\api-ms-win-crt-string-l1-1-0.dll
Event: 0.401 Loaded shared library C:\Users\User\.openjfx\cache\13\api-ms-win-crt-time-l1-1-0.dll
Event: 0.405 Loaded shared library C:\Users\User\.openjfx\cache\13\api-ms-win-crt-utility-l1-1-0.dll
Event: 0.416 Loaded shared library C:\Users\User\.openjfx\cache\13\ucrtbase.dll
Event: 0.420 Loaded shared library C:\Users\User\.openjfx\cache\13\vcruntime140.dll
Event: 0.428 Loaded shared library C:\Users\User\.openjfx\cache\13\msvcp140.dll
Event: 0.434 Loaded shared library C:\Users\User\.openjfx\cache\13\concrt140.dll
Event: 0.464 Loaded shared library C:\Users\User\.openjfx\cache\13\prism_d3d.dll
Event: 0.498 Loaded shared library C:\Users\User\.openjfx\cache\13\glass.dll
Event: 0.574 Loaded shared library C:\Program Files\Java\jdk-21\bin\jimage.dll
Event: 0.983 Loaded shared library C:\Users\User\.openjfx\cache\13\javafx_font.dll

Deoptimization events (20 events):
Event: 15.541 Thread 0x0000019b6ac536b0 Uncommon trap: trap_request=0xffffff45 fr.pc=0x0000019b587c3dfc relative=0x00000000000001bc
Event: 15.541 Thread 0x0000019b6ac536b0 Uncommon trap: reason=unstable_if action=reinterpret pc=0x0000019b587c3dfc method=com.sun.prism.impl.ps.BaseShaderGraphics.setPaint(Lcom/sun/prism/paint/Paint;)V @ 7 c2
Event: 15.541 Thread 0x0000019b6ac536b0 DEOPT PACKING pc=0x0000019b587c3dfc sp=0x0000002350efe250
Event: 15.541 Thread 0x0000019b6ac536b0 DEOPT UNPACKING pc=0x0000019b58047da2 sp=0x0000002350efe1f8 mode 2
Event: 18.702 Thread 0x0000019b6a43dd50 Uncommon trap: trap_request=0xffffffbe fr.pc=0x0000019b5880fb24 relative=0x0000000000001124
Event: 18.702 Thread 0x0000019b6a43dd50 Uncommon trap: reason=profile_predicate action=maybe_recompile pc=0x0000019b5880fb24 method=javafx.scene.CssStyleHelper$CacheContainer.<init>(Ljavafx/scene/Node;Lcom/sun/javafx/css/StyleMap;I)V @ 164 c2
Event: 18.702 Thread 0x0000019b6a43dd50 DEOPT PACKING pc=0x0000019b5880fb24 sp=0x00000023510fbb70
Event: 18.702 Thread 0x0000019b6a43dd50 DEOPT UNPACKING pc=0x0000019b58047da2 sp=0x00000023510fbb08 mode 2
Event: 18.703 Thread 0x0000019b6a43dd50 Uncommon trap: trap_request=0xffffffbe fr.pc=0x0000019b5880fb24 relative=0x0000000000001124
Event: 18.703 Thread 0x0000019b6a43dd50 Uncommon trap: reason=profile_predicate action=maybe_recompile pc=0x0000019b5880fb24 method=javafx.scene.CssStyleHelper$CacheContainer.<init>(Ljavafx/scene/Node;Lcom/sun/javafx/css/StyleMap;I)V @ 164 c2
Event: 18.703 Thread 0x0000019b6a43dd50 DEOPT PACKING pc=0x0000019b5880fb24 sp=0x00000023510fbd00
Event: 18.703 Thread 0x0000019b6a43dd50 DEOPT UNPACKING pc=0x0000019b58047da2 sp=0x00000023510fbc98 mode 2
Event: 18.703 Thread 0x0000019b6a43dd50 Uncommon trap: trap_request=0xffffffbe fr.pc=0x0000019b5880fb24 relative=0x0000000000001124
Event: 18.703 Thread 0x0000019b6a43dd50 Uncommon trap: reason=profile_predicate action=maybe_recompile pc=0x0000019b5880fb24 method=javafx.scene.CssStyleHelper$CacheContainer.<init>(Ljavafx/scene/Node;Lcom/sun/javafx/css/StyleMap;I)V @ 164 c2
Event: 18.703 Thread 0x0000019b6a43dd50 DEOPT PACKING pc=0x0000019b5880fb24 sp=0x00000023510fbdd0
Event: 18.703 Thread 0x0000019b6a43dd50 DEOPT UNPACKING pc=0x0000019b58047da2 sp=0x00000023510fbd68 mode 2
Event: 18.704 Thread 0x0000019b6a43dd50 Uncommon trap: trap_request=0xffffffbe fr.pc=0x0000019b5880fb24 relative=0x0000000000001124
Event: 18.704 Thread 0x0000019b6a43dd50 Uncommon trap: reason=profile_predicate action=maybe_recompile pc=0x0000019b5880fb24 method=javafx.scene.CssStyleHelper$CacheContainer.<init>(Ljavafx/scene/Node;Lcom/sun/javafx/css/StyleMap;I)V @ 164 c2
Event: 18.704 Thread 0x0000019b6a43dd50 DEOPT PACKING pc=0x0000019b5880fb24 sp=0x00000023510fb9d0
Event: 18.704 Thread 0x0000019b6a43dd50 DEOPT UNPACKING pc=0x0000019b58047da2 sp=0x00000023510fb968 mode 2

Classes loaded (20 events):
Event: 8.456 Loading class java/lang/reflect/WildcardType done
Event: 8.456 Loading class sun/reflect/generics/reflectiveObjects/WildcardTypeImpl done
Event: 8.606 Loading class java/util/BitSet$1BitSetSpliterator
Event: 8.606 Loading class java/util/BitSet$1BitSetSpliterator done
Event: 8.606 Loading class java/util/stream/IntPipeline$1
Event: 8.606 Loading class java/util/stream/IntPipeline$1 done
Event: 8.606 Loading class java/util/stream/IntPipeline$1$1
Event: 8.607 Loading class java/util/stream/IntPipeline$1$1 done
Event: 8.776 Loading class jdk/internal/icu/impl/UCharacterProperty
Event: 8.776 Loading class jdk/internal/icu/impl/UCharacterProperty done
Event: 8.776 Loading class jdk/internal/icu/impl/UCharacterProperty$1
Event: 8.776 Loading class jdk/internal/icu/impl/UCharacterProperty$BiDiIntProperty
Event: 8.776 Loading class jdk/internal/icu/impl/UCharacterProperty$IntProperty
Event: 8.776 Loading class jdk/internal/icu/impl/UCharacterProperty$IntProperty done
Event: 8.776 Loading class jdk/internal/icu/impl/UCharacterProperty$BiDiIntProperty done
Event: 8.776 Loading class jdk/internal/icu/impl/UCharacterProperty$1 done
Event: 8.777 Loading class jdk/internal/icu/impl/UCharacterProperty$IsAcceptable
Event: 8.777 Loading class jdk/internal/icu/impl/UCharacterProperty$IsAcceptable done
Event: 8.780 Loading class java/lang/CharacterData01
Event: 8.780 Loading class java/lang/CharacterData01 done

Classes unloaded (0 events):
No events

Classes redefined (0 events):
No events

Internal exceptions (20 events):
Event: 2.762 Thread 0x0000019b6a43dd50 Exception <a 'java/lang/NoSuchMethodError'{0x000000008be721e0}: 'java.lang.Object java.lang.invoke.DirectMethodHandle$Holder.newInvokeSpecial(java.lang.Object, double)'> (0x000000008be721e0) 
thrown [s\open\src\hotspot\share\interpreter\linkResolver.cpp, line 773]
Event: 2.835 Thread 0x0000019b6a43dd50 Exception <a 'java/lang/ClassNotFoundException'{0x000000008bb99238}: com/sun/javafx/scene/control/skin/resources/controls> (0x000000008bb99238) 
thrown [s\open\src\hotspot\share\prims\jni.cpp, line 539]
Event: 2.835 Thread 0x0000019b6a43dd50 Exception <a 'java/lang/ClassNotFoundException'{0x000000008bba70b8}: com/sun/javafx/scene/control/skin/resources/controls_es> (0x000000008bba70b8) 
thrown [s\open\src\hotspot\share\prims\jni.cpp, line 539]
Event: 2.836 Thread 0x0000019b6a43dd50 Exception <a 'java/lang/ClassNotFoundException'{0x000000008bbb4940}: com/sun/javafx/scene/control/skin/resources/controls_es_AR> (0x000000008bbb4940) 
thrown [s\open\src\hotspot\share\prims\jni.cpp, line 539]
Event: 2.856 Thread 0x0000019b6a43dd50 Exception <a 'java/lang/NoSuchMethodError'{0x000000008bac4300}: 'void java.lang.invoke.DirectMethodHandle$Holder.invokeSpecial(java.lang.Object, java.lang.Object, java.lang.Object, java.lang.Object, java.lang.Object, java.lang.Object)'> (0x000000008bac4300) 
thrown [s\open\src\hotspot\share\interpreter\linkResolver.cpp, line 773]
Event: 2.933 Thread 0x0000019b6a43dd50 Exception <a 'java/lang/NoSuchMethodError'{0x000000008b670500}: 'long java.lang.invoke.DirectMethodHandle$Holder.invokeStatic(java.lang.Object, java.lang.Object, java.lang.Object)'> (0x000000008b670500) 
thrown [s\open\src\hotspot\share\interpreter\linkResolver.cpp, line 773]
Event: 2.933 Thread 0x0000019b6a43dd50 Exception <a 'java/lang/NoSuchMethodError'{0x000000008b6738d0}: 'long java.lang.invoke.DirectMethodHandle$Holder.invokeStaticInit(java.lang.Object, java.lang.Object, java.lang.Object)'> (0x000000008b6738d0) 
thrown [s\open\src\hotspot\share\interpreter\linkResolver.cpp, line 773]
Event: 2.935 Thread 0x0000019b6a43dd50 Exception <a 'java/lang/NoSuchMethodError'{0x000000008b688020}: 'java.lang.Object java.lang.invoke.DirectMethodHandle$Holder.newInvokeSpecial(java.lang.Object, java.lang.Object, long)'> (0x000000008b688020) 
thrown [s\open\src\hotspot\share\interpreter\linkResolver.cpp, line 773]
Event: 2.935 Thread 0x0000019b6a43dd50 Exception <a 'java/lang/NoSuchMethodError'{0x000000008b68b918}: 'java.lang.Object java.lang.invoke.Invokers$Holder.linkToTargetMethod(java.lang.Object, long, java.lang.Object)'> (0x000000008b68b918) 
thrown [s\open\src\hotspot\share\interpreter\linkResolver.cpp, line 773]
Event: 6.524 Thread 0x0000019b6a43dd50 Exception <a 'java/lang/NoSuchMethodError'{0x000000008b1c2ef8}: 'java.lang.Object java.lang.invoke.DirectMethodHandle$Holder.invokeStaticInit(java.lang.Object, int, int, int, int)'> (0x000000008b1c2ef8) 
thrown [s\open\src\hotspot\share\interpreter\linkResolver.cpp, line 773]
Event: 6.865 Thread 0x0000019b6a43dd50 Exception <a 'java/lang/NoSuchMethodError'{0x000000008b0b27e8}: 'java.lang.Object java.lang.invoke.DirectMethodHandle$Holder.invokeStaticInit(java.lang.Object, java.lang.Object, int, int, int, int)'> (0x000000008b0b27e8) 
thrown [s\open\src\hotspot\share\interpreter\linkResolver.cpp, line 773]
Event: 8.613 Thread 0x0000019b6a43dd50 Exception <a 'java/lang/NoSuchMethodError'{0x000000008b359bf0}: 'void java.lang.invoke.DirectMethodHandle$Holder.invokeSpecialIFC(java.lang.Object, java.lang.Object, java.lang.Object, java.lang.Object)'> (0x000000008b359bf0) 
thrown [s\open\src\hotspot\share\interpreter\linkResolver.cpp, line 773]
Event: 8.682 Thread 0x0000019b6a43dd50 Exception <a 'java/lang/NoSuchMethodError'{0x000000008b0fefd8}: 'int java.lang.invoke.DirectMethodHandle$Holder.invokeVirtual(java.lang.Object, java.lang.Object)'> (0x000000008b0fefd8) 
thrown [s\open\src\hotspot\share\interpreter\linkResolver.cpp, line 773]
Event: 8.683 Thread 0x0000019b6a43dd50 Exception <a 'java/lang/NoSuchMethodError'{0x000000008af0b4d0}: 'double java.lang.invoke.DirectMethodHandle$Holder.invokeVirtual(java.lang.Object, java.lang.Object)'> (0x000000008af0b4d0) 
thrown [s\open\src\hotspot\share\interpreter\linkResolver.cpp, line 773]
Event: 8.683 Thread 0x0000019b6a43dd50 Exception <a 'java/lang/NoSuchMethodError'{0x000000008af0ef08}: 'double java.lang.invoke.DelegatingMethodHandle$Holder.reinvoke_L(java.lang.Object, java.lang.Object)'> (0x000000008af0ef08) 
thrown [s\open\src\hotspot\share\interpreter\linkResolver.cpp, line 773]
Event: 8.782 Thread 0x0000019b6a43dd50 Exception <a 'java/io/FileNotFoundException'{0x0000000089f4aa08}> (0x0000000089f4aa08) 
thrown [s\open\src\hotspot\share\prims\jni.cpp, line 520]
Event: 8.783 Thread 0x0000019b6a43dd50 Exception <a 'java/io/FileNotFoundException'{0x0000000089f4c0d8}> (0x0000000089f4c0d8) 
thrown [s\open\src\hotspot\share\prims\jni.cpp, line 520]
Event: 8.783 Thread 0x0000019b6a43dd50 Exception <a 'java/io/FileNotFoundException'{0x0000000089f50588}> (0x0000000089f50588) 
thrown [s\open\src\hotspot\share\prims\jni.cpp, line 520]
Event: 8.783 Thread 0x0000019b6a43dd50 Exception <a 'java/io/FileNotFoundException'{0x0000000089f516c8}> (0x0000000089f516c8) 
thrown [s\open\src\hotspot\share\prims\jni.cpp, line 520]
Event: 8.834 Thread 0x0000019b6ac536b0 Exception <a 'java/lang/NoSuchMethodError'{0x000000008bf8a108}: 'java.lang.Object java.lang.invoke.DirectMethodHandle$Holder.invokeStaticInit(java.lang.Object, int)'> (0x000000008bf8a108) 
thrown [s\open\src\hotspot\share\interpreter\linkResolver.cpp, line 773]

ZGC Phase Switch (0 events):
No events

VM Operations (20 events):
Event: 8.752 Executing VM operation: ICBufferFull done
Event: 9.753 Executing VM operation: Cleanup
Event: 9.753 Executing VM operation: Cleanup done
Event: 10.754 Executing VM operation: Cleanup
Event: 10.754 Executing VM operation: Cleanup done
Event: 12.754 Executing VM operation: Cleanup
Event: 12.755 Executing VM operation: Cleanup done
Event: 14.755 Executing VM operation: Cleanup
Event: 14.755 Executing VM operation: Cleanup done
Event: 15.755 Executing VM operation: Cleanup
Event: 15.755 Executing VM operation: Cleanup done
Event: 16.756 Executing VM operation: Cleanup
Event: 16.756 Executing VM operation: Cleanup done
Event: 17.756 Executing VM operation: Cleanup
Event: 17.756 Executing VM operation: Cleanup done
Event: 18.756 Executing VM operation: Cleanup
Event: 18.756 Executing VM operation: Cleanup done
Event: 19.757 Executing VM operation: Cleanup
Event: 19.757 Executing VM operation: Cleanup done
Event: 21.018 Executing VM operation: Exit

Events (20 events):
Event: 2.765 Thread 0x0000019b6b87a9d0 Thread added: 0x0000019b6b87a9d0
Event: 2.958 Thread 0x0000019b71aa1240 Thread added: 0x0000019b71aa1240
Event: 3.153 Thread 0x0000019b6b87a9d0 Thread exited: 0x0000019b6b87a9d0
Event: 3.218 Thread 0x0000019b6b878880 Thread exited: 0x0000019b6b878880
Event: 6.472 Thread 0x0000019b717e3b00 Thread added: 0x0000019b717e3b00
Event: 6.472 Thread 0x0000019b6b878880 Thread added: 0x0000019b6b878880
Event: 7.297 Thread 0x0000019b6b878880 Thread exited: 0x0000019b6b878880
Event: 7.297 Thread 0x0000019b717e3b00 Thread exited: 0x0000019b717e3b00
Event: 8.486 Thread 0x0000019b69319000 Thread added: 0x0000019b69319000
Event: 8.492 Thread 0x0000019b6a8df440 Thread added: 0x0000019b6a8df440
Event: 9.066 Thread 0x0000019b6a8df440 Thread exited: 0x0000019b6a8df440
Event: 9.159 Thread 0x0000019b69319000 Thread exited: 0x0000019b69319000
Event: 9.862 Thread 0x0000019b69b530f0 Thread added: 0x0000019b69b530f0
Event: 10.627 Thread 0x0000019b69b530f0 Thread exited: 0x0000019b69b530f0
Event: 15.516 Thread 0x0000019b69e83690 Thread added: 0x0000019b69e83690
Event: 15.943 Thread 0x0000019b69e83690 Thread exited: 0x0000019b69e83690
Event: 21.012 Thread 0x0000019b71aa18d0 Thread added: 0x0000019b71aa18d0
Event: 21.012 Thread 0x0000019b71a9f800 Thread added: 0x0000019b71a9f800
Event: 21.015 Thread 0x0000019b71aa18d0 Thread exited: 0x0000019b71aa18d0
Event: 21.017 Thread 0x0000019b71a9f800 Thread exited: 0x0000019b71a9f800


Dynamic libraries:
0x00007ff77f030000 - 0x00007ff77f040000 	C:\Program Files\Java\jdk-21\bin\java.exe
0x00007ff94ff10000 - 0x00007ff950127000 	C:\WINDOWS\SYSTEM32\ntdll.dll
0x00007ff94ee70000 - 0x00007ff94ef34000 	C:\WINDOWS\System32\KERNEL32.DLL
0x00007ff94d320000 - 0x00007ff94d6cd000 	C:\WINDOWS\System32\KERNELBASE.dll
0x00007ff94db20000 - 0x00007ff94dc31000 	C:\WINDOWS\System32\ucrtbase.dll
0x00007ff927930000 - 0x00007ff927949000 	C:\Program Files\Java\jdk-21\bin\jli.dll
0x00007ff9490c0000 - 0x00007ff9490db000 	C:\Program Files\Java\jdk-21\bin\VCRUNTIME140.dll
0x00007ff94e080000 - 0x00007ff94e132000 	C:\WINDOWS\System32\ADVAPI32.dll
0x00007ff94e150000 - 0x00007ff94e1f7000 	C:\WINDOWS\System32\msvcrt.dll
0x00007ff94dfd0000 - 0x00007ff94e079000 	C:\WINDOWS\System32\sechost.dll
0x00007ff94d8b0000 - 0x00007ff94d8d8000 	C:\WINDOWS\System32\bcrypt.dll
0x00007ff94f840000 - 0x00007ff94f954000 	C:\WINDOWS\System32\RPCRT4.dll
0x00007ff94f130000 - 0x00007ff94f2de000 	C:\WINDOWS\System32\USER32.dll
0x00007ff94d2f0000 - 0x00007ff94d316000 	C:\WINDOWS\System32\win32u.dll
0x00007ff928f90000 - 0x00007ff929223000 	C:\WINDOWS\WinSxS\amd64_microsoft.windows.common-controls_6595b64144ccf1df_6.0.22621.3672_none_2713b9d173822955\COMCTL32.dll
0x00007ff94fca0000 - 0x00007ff94fcc9000 	C:\WINDOWS\System32\GDI32.dll
0x00007ff94d8e0000 - 0x00007ff94d9f9000 	C:\WINDOWS\System32\gdi32full.dll
0x00007ff94da80000 - 0x00007ff94db1a000 	C:\WINDOWS\System32\msvcp_win.dll
0x00007ff943f00000 - 0x00007ff943f0a000 	C:\WINDOWS\SYSTEM32\VERSION.dll
0x00007ff94f9f0000 - 0x00007ff94fa21000 	C:\WINDOWS\System32\IMM32.DLL
0x00007ff944420000 - 0x00007ff94442c000 	C:\Program Files\Java\jdk-21\bin\vcruntime140_1.dll
0x00007ff9276b0000 - 0x00007ff92773e000 	C:\Program Files\Java\jdk-21\bin\msvcp140.dll
0x00007ff8f24d0000 - 0x00007ff8f31e7000 	C:\Program Files\Java\jdk-21\bin\server\jvm.dll
0x00007ff94f970000 - 0x00007ff94f9e1000 	C:\WINDOWS\System32\WS2_32.dll
0x00007ff94cea0000 - 0x00007ff94ceed000 	C:\WINDOWS\SYSTEM32\POWRPROF.dll
0x00007ff944570000 - 0x00007ff9445a4000 	C:\WINDOWS\SYSTEM32\WINMM.dll
0x00007ff94ce80000 - 0x00007ff94ce93000 	C:\WINDOWS\SYSTEM32\UMPDC.dll
0x00007ff94c280000 - 0x00007ff94c298000 	C:\WINDOWS\SYSTEM32\kernel.appcore.dll
0x00007ff944410000 - 0x00007ff94441a000 	C:\Program Files\Java\jdk-21\bin\jimage.dll
0x00007ff94a4f0000 - 0x00007ff94a722000 	C:\WINDOWS\SYSTEM32\DBGHELP.DLL
0x00007ff94dc40000 - 0x00007ff94dfce000 	C:\WINDOWS\System32\combase.dll
0x00007ff94ed90000 - 0x00007ff94ee67000 	C:\WINDOWS\System32\OLEAUT32.dll
0x00007ff920520000 - 0x00007ff920552000 	C:\WINDOWS\SYSTEM32\dbgcore.DLL
0x00007ff94da00000 - 0x00007ff94da7b000 	C:\WINDOWS\System32\bcryptPrimitives.dll
0x00007ff943dd0000 - 0x00007ff943def000 	C:\Program Files\Java\jdk-21\bin\java.dll
0x00007ff94e520000 - 0x00007ff94ed87000 	C:\WINDOWS\System32\SHELL32.dll
0x00007ff94b160000 - 0x00007ff94ba5f000 	C:\WINDOWS\SYSTEM32\windows.storage.dll
0x00007ff94b020000 - 0x00007ff94b15f000 	C:\WINDOWS\SYSTEM32\wintypes.dll
0x00007ff94f030000 - 0x00007ff94f129000 	C:\WINDOWS\System32\SHCORE.dll
0x00007ff94fc20000 - 0x00007ff94fc7e000 	C:\WINDOWS\System32\shlwapi.dll
0x00007ff94d160000 - 0x00007ff94d187000 	C:\WINDOWS\SYSTEM32\profapi.dll
0x00007ff927740000 - 0x00007ff927817000 	C:\Program Files\Java\jdk-21\bin\jsvml.dll
0x00007ff943f60000 - 0x00007ff943f70000 	C:\Program Files\Java\jdk-21\bin\net.dll
0x00007ff949620000 - 0x00007ff949756000 	C:\WINDOWS\SYSTEM32\WINHTTP.dll
0x00007ff94c6f0000 - 0x00007ff94c759000 	C:\WINDOWS\system32\mswsock.dll
0x00007ff9424b0000 - 0x00007ff9424c6000 	C:\Program Files\Java\jdk-21\bin\nio.dll
0x00007ff934670000 - 0x00007ff934688000 	C:\Program Files\Java\jdk-21\bin\zip.dll
0x0000019b485d0000 - 0x0000019b485d3000 	C:\Users\User\.openjfx\cache\13\api-ms-win-core-console-l1-1-0.dll
0x0000019b485e0000 - 0x0000019b485e3000 	C:\Users\User\.openjfx\cache\13\api-ms-win-core-datetime-l1-1-0.dll
0x0000019b485f0000 - 0x0000019b485f3000 	C:\Users\User\.openjfx\cache\13\api-ms-win-core-debug-l1-1-0.dll
0x0000019b48600000 - 0x0000019b48603000 	C:\Users\User\.openjfx\cache\13\api-ms-win-core-errorhandling-l1-1-0.dll
0x0000019b48610000 - 0x0000019b48614000 	C:\Users\User\.openjfx\cache\13\api-ms-win-core-file-l1-1-0.dll
0x0000019b6bcb0000 - 0x0000019b6bcb3000 	C:\Users\User\.openjfx\cache\13\api-ms-win-core-file-l1-2-0.dll
0x0000019b6bcc0000 - 0x0000019b6bcc3000 	C:\Users\User\.openjfx\cache\13\api-ms-win-core-file-l2-1-0.dll
0x0000019b6bcd0000 - 0x0000019b6bcd3000 	C:\Users\User\.openjfx\cache\13\api-ms-win-core-handle-l1-1-0.dll
0x0000019b6bce0000 - 0x0000019b6bce3000 	C:\Users\User\.openjfx\cache\13\api-ms-win-core-heap-l1-1-0.dll
0x0000019b6bcf0000 - 0x0000019b6bcf3000 	C:\Users\User\.openjfx\cache\13\api-ms-win-core-interlocked-l1-1-0.dll
0x0000019b6bba0000 - 0x0000019b6bba3000 	C:\Users\User\.openjfx\cache\13\api-ms-win-core-libraryloader-l1-1-0.dll
0x0000019b6bbb0000 - 0x0000019b6bbb3000 	C:\Users\User\.openjfx\cache\13\api-ms-win-core-localization-l1-2-0.dll
0x0000019b6bbc0000 - 0x0000019b6bbc3000 	C:\Users\User\.openjfx\cache\13\api-ms-win-core-memory-l1-1-0.dll
0x0000019b6bbd0000 - 0x0000019b6bbd3000 	C:\Users\User\.openjfx\cache\13\api-ms-win-core-namedpipe-l1-1-0.dll
0x0000019b6bbe0000 - 0x0000019b6bbe3000 	C:\Users\User\.openjfx\cache\13\api-ms-win-core-processenvironment-l1-1-0.dll
0x0000019b6bbf0000 - 0x0000019b6bbf3000 	C:\Users\User\.openjfx\cache\13\api-ms-win-core-processthreads-l1-1-0.dll
0x0000019b6bc00000 - 0x0000019b6bc03000 	C:\Users\User\.openjfx\cache\13\api-ms-win-core-processthreads-l1-1-1.dll
0x0000019b6bc10000 - 0x0000019b6bc13000 	C:\Users\User\.openjfx\cache\13\api-ms-win-core-profile-l1-1-0.dll
0x0000019b6bc20000 - 0x0000019b6bc23000 	C:\Users\User\.openjfx\cache\13\api-ms-win-core-rtlsupport-l1-1-0.dll
0x0000019b6bc30000 - 0x0000019b6bc33000 	C:\Users\User\.openjfx\cache\13\api-ms-win-core-string-l1-1-0.dll
0x0000019b6bc40000 - 0x0000019b6bc43000 	C:\Users\User\.openjfx\cache\13\api-ms-win-core-synch-l1-1-0.dll
0x0000019b6bc50000 - 0x0000019b6bc53000 	C:\Users\User\.openjfx\cache\13\api-ms-win-core-synch-l1-2-0.dll
0x0000019b6bc60000 - 0x0000019b6bc63000 	C:\Users\User\.openjfx\cache\13\api-ms-win-core-sysinfo-l1-1-0.dll
0x0000019b6bc70000 - 0x0000019b6bc73000 	C:\Users\User\.openjfx\cache\13\api-ms-win-core-timezone-l1-1-0.dll
0x0000019b6bc80000 - 0x0000019b6bc83000 	C:\Users\User\.openjfx\cache\13\api-ms-win-core-util-l1-1-0.dll
0x0000019b6bc90000 - 0x0000019b6bc93000 	C:\Users\User\.openjfx\cache\13\api-ms-win-crt-conio-l1-1-0.dll
0x0000019b6bca0000 - 0x0000019b6bca4000 	C:\Users\User\.openjfx\cache\13\api-ms-win-crt-convert-l1-1-0.dll
0x0000019b6bd00000 - 0x0000019b6bd03000 	C:\Users\User\.openjfx\cache\13\api-ms-win-crt-environment-l1-1-0.dll
0x0000019b6bd10000 - 0x0000019b6bd13000 	C:\Users\User\.openjfx\cache\13\api-ms-win-crt-filesystem-l1-1-0.dll
0x0000019b6bd20000 - 0x0000019b6bd23000 	C:\Users\User\.openjfx\cache\13\api-ms-win-crt-heap-l1-1-0.dll
0x0000019b6bd30000 - 0x0000019b6bd33000 	C:\Users\User\.openjfx\cache\13\api-ms-win-crt-locale-l1-1-0.dll
0x0000019b6bd40000 - 0x0000019b6bd45000 	C:\Users\User\.openjfx\cache\13\api-ms-win-crt-math-l1-1-0.dll
0x0000019b6bd50000 - 0x0000019b6bd55000 	C:\Users\User\.openjfx\cache\13\api-ms-win-crt-multibyte-l1-1-0.dll
0x0000019b6bd60000 - 0x0000019b6bd70000 	C:\Users\User\.openjfx\cache\13\api-ms-win-crt-private-l1-1-0.dll
0x0000019b6bd70000 - 0x0000019b6bd73000 	C:\Users\User\.openjfx\cache\13\api-ms-win-crt-process-l1-1-0.dll
0x0000019b6bd80000 - 0x0000019b6bd84000 	C:\Users\User\.openjfx\cache\13\api-ms-win-crt-runtime-l1-1-0.dll
0x0000019b6bd90000 - 0x0000019b6bd94000 	C:\Users\User\.openjfx\cache\13\api-ms-win-crt-stdio-l1-1-0.dll
0x0000019b6bda0000 - 0x0000019b6bda4000 	C:\Users\User\.openjfx\cache\13\api-ms-win-crt-string-l1-1-0.dll
0x0000019b6bdb0000 - 0x0000019b6bdb3000 	C:\Users\User\.openjfx\cache\13\api-ms-win-crt-time-l1-1-0.dll
0x0000019b6bdc0000 - 0x0000019b6bdc3000 	C:\Users\User\.openjfx\cache\13\api-ms-win-crt-utility-l1-1-0.dll
0x00007ff8e0ff0000 - 0x00007ff8e10ec000 	C:\Users\User\.openjfx\cache\13\ucrtbase.dll
0x00007ff927620000 - 0x00007ff927635000 	C:\Users\User\.openjfx\cache\13\vcruntime140.dll
0x00007ff925dd0000 - 0x00007ff925e6b000 	C:\Users\User\.openjfx\cache\13\msvcp140.dll
0x00007ff925f20000 - 0x00007ff925f71000 	C:\Users\User\.openjfx\cache\13\concrt140.dll
0x00007ff8e83c0000 - 0x00007ff8e83e3000 	C:\Users\User\.openjfx\cache\13\prism_d3d.dll
0x00007ff8df920000 - 0x00007ff8dfac8000 	C:\WINDOWS\system32\d3d9.dll
0x00007ff94a990000 - 0x00007ff94a9bb000 	C:\WINDOWS\SYSTEM32\dwmapi.dll
0x00007ff94a740000 - 0x00007ff94a777000 	C:\WINDOWS\SYSTEM32\dxcore.dll
0x00007ff94a330000 - 0x00007ff94a3e1000 	C:\WINDOWS\system32\uxtheme.dll
0x00007ff94fcd0000 - 0x00007ff94fe75000 	C:\WINDOWS\System32\ole32.dll
0x00007ff943b30000 - 0x00007ff943b79000 	C:\WINDOWS\SYSTEM32\directxdatabasehelper.dll
0x00007ff8e8270000 - 0x00007ff8e82b5000 	C:\Users\User\.openjfx\cache\13\glass.dll
0x00007ff94e200000 - 0x00007ff94e2ff000 	C:\WINDOWS\System32\COMDLG32.dll
0x00007ff94fac0000 - 0x00007ff94fc1e000 	C:\WINDOWS\System32\MSCTF.dll
0x00007ff94bce0000 - 0x00007ff94bdd8000 	C:\WINDOWS\SYSTEM32\DNSAPI.dll
0x00007ff94bcb0000 - 0x00007ff94bcdd000 	C:\WINDOWS\SYSTEM32\IPHLPAPI.DLL
0x00007ff94f300000 - 0x00007ff94f309000 	C:\WINDOWS\System32\NSI.dll
0x00007ff944190000 - 0x00007ff94419a000 	C:\Windows\System32\rasadhlp.dll
0x00007ff9485d0000 - 0x00007ff948653000 	C:\WINDOWS\System32\fwpuclnt.dll
0x00007ff8ecb10000 - 0x00007ff8ecb24000 	C:\Users\User\.openjfx\cache\13\javafx_font.dll
0x00007ff947740000 - 0x00007ff9479b3000 	C:\WINDOWS\SYSTEM32\dwrite.dll
0x00007ff94f790000 - 0x00007ff94f840000 	C:\WINDOWS\System32\clbcatq.dll
0x00007ff94a140000 - 0x00007ff94a2f1000 	C:\WINDOWS\SYSTEM32\WindowsCodecs.dll
0x00007ff911c50000 - 0x00007ff911cae000 	C:\WINDOWS\system32\dataexchange.dll
0x00007ff941e50000 - 0x00007ff9420da000 	C:\WINDOWS\system32\twinapi.appcore.dll
0x00007ff8e7d20000 - 0x00007ff8e7d52000 	C:\Program Files\Common Files\Microsoft Shared\Ink\rtscom.dll
0x00007ff932f00000 - 0x00007ff933043000 	C:\WINDOWS\SYSTEM32\textinputframework.dll
0x00007ff9482e0000 - 0x00007ff948413000 	C:\WINDOWS\SYSTEM32\CoreMessaging.dll
0x00007ff942fb0000 - 0x00007ff94331d000 	C:\WINDOWS\SYSTEM32\CoreUIComponents.dll
0x00007ff94c940000 - 0x00007ff94c94c000 	C:\WINDOWS\SYSTEM32\CRYPTBASE.DLL
0x00007ff9447a0000 - 0x00007ff944d8e000 	C:\WINDOWS\SYSTEM32\d2d1.dll
0x00007ff947a00000 - 0x00007ff947c57000 	C:\WINDOWS\SYSTEM32\d3d11.dll
0x00007ff94a860000 - 0x00007ff94a957000 	C:\WINDOWS\SYSTEM32\dxgi.dll
0x00007ff9425f0000 - 0x00007ff942d01000 	C:\WINDOWS\SYSTEM32\D3D10Warp.dll
0x00007ff94c950000 - 0x00007ff94c96b000 	C:\WINDOWS\SYSTEM32\CRYPTSP.dll
0x00007ff94c1e0000 - 0x00007ff94c215000 	C:\WINDOWS\system32\rsaenh.dll
0x00007ff94c7e0000 - 0x00007ff94c808000 	C:\WINDOWS\SYSTEM32\USERENV.dll

dbghelp: loaded successfully - version: 4.0.5 - missing functions: none
symbol engine: initialized successfully - sym options: 0x614 - pdb path: .;C:\Program Files\Java\jdk-21\bin;C:\WINDOWS\SYSTEM32;C:\WINDOWS\WinSxS\amd64_microsoft.windows.common-controls_6595b64144ccf1df_6.0.22621.3672_none_2713b9d173822955;C:\Program Files\Java\jdk-21\bin\server;C:\Users\User\.openjfx\cache\13;C:\WINDOWS\System32\DriverStore\FileRepository\iigd_dch.inf_amd64_46a183a099a0cf25;C:\Program Files\Common Files\Microsoft Shared\Ink

VM Arguments:
jvm_args: --module-path=C:\Users\User\Documents\NetBeansProjects\Inventario\Inventario\target\classes;C:\Users\User\.m2\repository\at\favre\lib\bcrypt\0.9.0\bcrypt-0.9.0.jar;C:\Users\User\.m2\repository\com\sun\mail\javax.mail\1.6.2\javax.mail-1.6.2.jar;C:\Users\User\.m2\repository\net\sf\jasperreports\jasperreports\6.20.0\jasperreports-6.20.0.jar;C:\Users\User\.m2\repository\org\openjfx\javafx-base\13\javafx-base-13-win.jar;C:\Users\User\.m2\repository\org\openjfx\javafx-controls\13\javafx-controls-13-win.jar;C:\Users\User\.m2\repository\org\openjfx\javafx-fxml\13\javafx-fxml-13-win.jar;C:\Users\User\.m2\repository\org\openjfx\javafx-graphics\13\javafx-graphics-13-win.jar --add-modules=com.mycompany.inventario -Djdk.module.main=com.mycompany.inventario 
java_command: com.mycompany.inventario/com.mycompany.inventario.App
java_class_path (initial): C:\Users\User\Documents\NetBeansProjects\Inventario\Inventario\target\classes;C:\Users\User\.m2\repository\at\favre\lib\bytes\1.3.0\bytes-1.3.0.jar;C:\Users\User\.m2\repository\com\fasterxml\jackson\core\jackson-annotations\2.13.3\jackson-annotations-2.13.3.jar;C:\Users\User\.m2\repository\com\fasterxml\jackson\core\jackson-core\2.13.3\jackson-core-2.13.3.jar;C:\Users\User\.m2\repository\com\fasterxml\jackson\core\jackson-databind\2.13.3\jackson-databind-2.13.3.jar;C:\Users\User\.m2\repository\com\fasterxml\jackson\dataformat\jackson-dataformat-xml\2.13.3\jackson-dataformat-xml-2.13.3.jar;C:\Users\User\.m2\repository\com\fasterxml\woodstox\woodstox-core\6.2.7\woodstox-core-6.2.7.jar;C:\Users\User\.m2\repository\com\google\protobuf\protobuf-java\3.21.9\protobuf-java-3.21.9.jar;C:\Users\User\.m2\repository\com\lowagie\itext\2.1.7.js10\itext-2.1.7.js10.jar;C:\Users\User\.m2\repository\com\mysql\mysql-connector-j\8.0.33\mysql-connector-j-8.0.33.jar;C:\Users\User\.m2\repository\commons-beanutils\commons-beanutils\1.9.4\commons-beanutils-1.9.4.jar;C:\Users\User\.m2\repository\commons-collections\commons-collections\3.2.2\commons-collections-3.2.2.jar;C:\Users\User\.m2\repository\commons-digester\commons-digester\2.1\commons-digester-2.1.jar;C:\Users\User\.m2\repository\commons-logging\commons-logging\1.1.1\commons-logging-1.1.1.jar;C:\Users\User\.m2\repository\javax\activation\activation\1.1\activation-1.1.jar;C:\Users\User\.m2\repository\org\apache\commons\commons-collections4\4.2\commons-collections4-4.2.jar;C:\Users\User\.m2\repository\org\bouncycastle\bcprov-jdk15on\1.70\bcprov-jdk15on-1.70.jar;C:\Users\User\.m2\repository\org\bouncycastle\bcutil-jdk15on\1.70\bcutil-jdk15on-1.70.jar;C:\Users\User\.m2\repository\org\codehaus\woodstox\stax2-api\4.2.1\stax2-api-4.2.1.jar;C:\Users\User\.m2\repository\org\eclipse\jdt\ecj\3.21.0\ecj-3.21.0.jar;C:\Users\User\.m2\repository\org\jfree\jcommon\1.0.23\jcommon-1.0.23.jar;C:\Users\User\.m2\repository\org\jfree\jfreechart\1.0.19\jfreechart-1.0.19.jar;C:\Users\User\.m2\repository\org\openjfx\javafx-base\13\javafx-base-13.jar;C:\Users\User\.m2\repository\org\openjfx\javafx-controls\13\javafx-controls-13.jar;C:\Users\User\.m2\repository\org\openjfx\javafx-fxml\13\javafx-fxml-13.jar;C:\Users\User\.m2\repository\org\openjfx\javafx-graphics\13\javafx-graphics-13.jar
Launcher Type: SUN_STANDARD

[Global flags]
     intx CICompilerCount                          = 4                                         {product} {ergonomic}
     uint ConcGCThreads                            = 2                                         {product} {ergonomic}
     uint G1ConcRefinementThreads                  = 8                                         {product} {ergonomic}
   size_t G1HeapRegionSize                         = 1048576                                   {product} {ergonomic}
    uintx GCDrainStackTargetSize                   = 64                                        {product} {ergonomic}
   size_t InitialHeapSize                          = 130023424                                 {product} {ergonomic}
   size_t MarkStackSize                            = 4194304                                   {product} {ergonomic}
   size_t MaxHeapSize                              = 2055208960                                {product} {ergonomic}
   size_t MaxNewSize                               = 1233125376                                {product} {ergonomic}
   size_t MinHeapDeltaBytes                        = 1048576                                   {product} {ergonomic}
   size_t MinHeapSize                              = 8388608                                   {product} {ergonomic}
    uintx NonNMethodCodeHeapSize                   = 5839372                                {pd product} {ergonomic}
    uintx NonProfiledCodeHeapSize                  = 122909434                              {pd product} {ergonomic}
    uintx ProfiledCodeHeapSize                     = 122909434                              {pd product} {ergonomic}
    uintx ReservedCodeCacheSize                    = 251658240                              {pd product} {ergonomic}
     bool SegmentedCodeCache                       = true                                      {product} {ergonomic}
   size_t SoftMaxHeapSize                          = 2055208960                             {manageable} {ergonomic}
     bool UseCompressedOops                        = true                           {product lp64_product} {ergonomic}
     bool UseG1GC                                  = true                                      {product} {ergonomic}
     bool UseLargePagesIndividualAllocation        = false                                  {pd product} {ergonomic}

Logging:
Log output configuration:
 #0: stdout all=off uptime,level,tags foldmultilines=false
 #1: stderr all=off uptime,level,tags foldmultilines=false

Environment Variables:
JAVA_HOME=C:\Program Files\Java\jdk-21
PATH=C:\Program Files\Common Files\Oracle\Java\javapath;C:\Program Files (x86)\Common Files\Oracle\Java\javapath;C:\ProgramData\Oracle\Java\javapath;C:\WINDOWS\system32;C:\WINDOWS;C:\WINDOWS\System32\Wbem;C:\WINDOWS\System32\WindowsPowerShell\v1.0\;C:\WINDOWS\System32\OpenSSH\;C:\msys64\mingw64\bin;C:\Program Files\Python;C:\Program Files\Java\jdk-21\bin;C:\Python;C:\Python\Scripts;C:\Program Files\dotnet\;C:\Program Files\Git\cmd;C:\Users\User\AppData\Local\Microsoft\WindowsApps;C:\Users\User\AppData\Local\Programs\Microsoft VS Code\bin;C:\SRC\sqlite-tools-win32-x86-3400100;C:\Program Files\JetBrains\PyCharm Community Edition 2023.2.3\bin;;C:\Python\;C:\Python\Scripts;C:\Users\User\.dotnet\tools
USERNAME=User
OS=Windows_NT
PROCESSOR_IDENTIFIER=Intel64 Family 6 Model 140 Stepping 1, GenuineIntel
TMP=C:\Users\User\AppData\Local\Temp
TEMP=C:\Users\User\AppData\Local\Temp




Periodic native trim disabled

---------------  S Y S T E M  ---------------

OS:
 Windows 11 , 64 bit Build 22621 (10.0.22621.3958)
OS uptime: 0 days 10:45 hours
Hyper-V role detected

CPU: total 8 (initial active 8) (4 cores per cpu, 2 threads per core) family 6 model 140 stepping 1 microcode 0xb4, cx8, cmov, fxsr, ht, mmx, 3dnowpref, sse, sse2, sse3, ssse3, sse4.1, sse4.2, popcnt, lzcnt, tsc, tscinvbit, avx, avx2, aes, erms, clmul, bmi1, bmi2, adx, avx512f, avx512dq, avx512cd, avx512bw, avx512vl, sha, fma, vzeroupper, avx512_vpopcntdq, avx512_vpclmulqdq, avx512_vaes, avx512_vnni, clflush, clflushopt, clwb, avx512_vbmi2, avx512_vbmi, hv, rdtscp, rdpid, fsrm, gfni, avx512_bitalg, f16c, cet_ibt, cet_ss, avx512_ifma
Processor Information for processor 0
  Max Mhz: 2401, Current Mhz: 2401, Mhz Limit: 2401
Processor Information for processor 1
  Max Mhz: 2401, Current Mhz: 1500, Mhz Limit: 2401
Processor Information for processor 2
  Max Mhz: 2401, Current Mhz: 2401, Mhz Limit: 2401
Processor Information for processor 3
  Max Mhz: 2401, Current Mhz: 1500, Mhz Limit: 2401
Processor Information for processor 4
  Max Mhz: 2401, Current Mhz: 1100, Mhz Limit: 2401
Processor Information for processor 5
  Max Mhz: 2401, Current Mhz: 1100, Mhz Limit: 2401
Processor Information for processor 6
  Max Mhz: 2401, Current Mhz: 1100, Mhz Limit: 2401
Processor Information for processor 7
  Max Mhz: 2401, Current Mhz: 400, Mhz Limit: 2401

Memory: 4k page, system-wide physical 7834M (1476M free)
TotalPageFile size 9709M (AvailPageFile size 1460M)
current process WorkingSet (physical memory assigned to process): 254M, peak: 296M
current process commit charge ("private bytes"): 303M, peak: 364M

vm_info: Java HotSpot(TM) 64-Bit Server VM (21.0.2+13-LTS-58) for windows-amd64 JRE (21.0.2+13-LTS-58), built on 2024-01-05T18:32:24Z by "mach5one" with MS VC++ 17.1 (VS2022)

END.
