#
# A fatal error has been detected by the Java Runtime Environment:
#
#  EXCEPTION_ACCESS_VIOLATION (0xc0000005) at pc=0x00007ffb894d66f0, pid=12920, tid=928
#
# JRE version: Java(TM) SE Runtime Environment (21.0.2+13) (build 21.0.2+13-LTS-58)
# Java VM: Java HotSpot(TM) 64-Bit Server VM (21.0.2+13-LTS-58, mixed mode, sharing, tiered, compressed oops, compressed class ptrs, g1 gc, windows-amd64)
# Problematic frame:
# C  [glass.dll+0x266f0]
#
# No core dump will be written. Minidumps are not enabled by default on client versions of Windows
#
# If you would like to submit a bug report, please visit:
#   https://bugreport.java.com/bugreport/crash.jsp
#

---------------  S U M M A R Y ------------

Command Line: --module-path=C:\Users\User\Documents\NetBeansProjects\Inventario\Inventario\target\classes;C:\Users\User\.m2\repository\at\favre\lib\bcrypt\0.9.0\bcrypt-0.9.0.jar;C:\Users\User\.m2\repository\com\sun\mail\javax.mail\1.6.2\javax.mail-1.6.2.jar;C:\Users\User\.m2\repository\net\sf\jasperreports\jasperreports\6.20.0\jasperreports-6.20.0.jar;C:\Users\User\.m2\repository\org\openjfx\javafx-base\13\javafx-base-13-win.jar;C:\Users\User\.m2\repository\org\openjfx\javafx-controls\13\javafx-controls-13-win.jar;C:\Users\User\.m2\repository\org\openjfx\javafx-fxml\13\javafx-fxml-13-win.jar;C:\Users\User\.m2\repository\org\openjfx\javafx-graphics\13\javafx-graphics-13-win.jar --add-modules=com.mycompany.inventario -Djdk.module.main=com.mycompany.inventario com.mycompany.inventario/com.mycompany.inventario.App

Host: 11th Gen Intel(R) Core(TM) i5-1135G7 @ 2.40GHz, 8 cores, 7G,  Windows 11 , 64 bit Build 22621 (10.0.22621.3958)
Time: Sun Sep 22 17:56:02 2024 Hora estándar de Paraguay elapsed time: 63.378670 seconds (0d 0h 1m 3s)

---------------  T H R E A D  ---------------

Current thread (0x0000027499b91cf0):  VMThread "VM Thread"          [id=928, stack(0x000000a0f6b00000,0x000000a0f6c00000) (1024K)]

Stack: [0x000000a0f6b00000,0x000000a0f6c00000],  sp=0x000000a0f6bfed90,  free space=1019k
Native frames: (J=compiled Java code, j=interpreted, Vv=VM code, C=native code)
C  [glass.dll+0x266f0]


siginfo: EXCEPTION_ACCESS_VIOLATION (0xc0000005), reading address 0x0000000000000000


Registers:
RAX=0x0000000000000000, RBX=0x00000274e678f0ea, RCX=0x0000027499b91cf0, RDX=0x000000a0f6bfed90
RSP=0x000000a0f6bfed90, RBP=0x00000274df9f8598, RSI=0x000000a0f6bfeea8, RDI=0x00000274df9f8570
R8 =0x0000000000010002, R9 =0x00000274df9f8570, R10=0x85f13e9656da4870, R11=0x000000a0f6bfed30
R12=0x00007ffb894d3b84, R13=0x00007ffb8df14720, R14=0x00001ab2545b02af, R15=0x00000274df9f8570
RIP=0x00007ffb894d66f0, EFLAGS=0x0000000000010206


Register to memory mapping:

RAX=0x0 is null
RBX=0x00000274e678f0ea is a global jni handle
RCX=0x0000027499b91cf0 points into unknown readable memory: 0x00007ffb8dd26038 | 38 60 d2 8d fb 7f 00 00
RDX=0x000000a0f6bfed90 points into unknown readable memory: 0x0000000000000000 | 00 00 00 00 00 00 00 00
RSP=0x000000a0f6bfed90 points into unknown readable memory: 0x0000000000000000 | 00 00 00 00 00 00 00 00
RBP=0x00000274df9f8598 points into unknown readable memory: 0x00001ab2545b02af | af 02 5b 54 b2 1a 00 00
RSI=0x000000a0f6bfeea8 points into unknown readable memory: 0x000000a0f6bfee90 | 90 ee bf f6 a0 00 00 00
RDI=0x00000274df9f8570 points into unknown readable memory: 0x9b361ab26ba6c609 | 09 c6 a6 6b b2 1a 36 9b
R8 =0x0000000000010002 is an unknown value
R9 =0x00000274df9f8570 points into unknown readable memory: 0x9b361ab26ba6c609 | 09 c6 a6 6b b2 1a 36 9b
R10=0x85f13e9656da4870 is an unknown value
R11=0x000000a0f6bfed30 points into unknown readable memory: 0x00000274df9f8570 | 70 85 9f df 74 02 00 00
R12=0x00007ffb894d3b84 glass.dll
R13=0x00007ffb8df14720 jvm.dll
R14=0x00001ab2545b02af is an unknown value
R15=0x00000274df9f8570 points into unknown readable memory: 0x9b361ab26ba6c609 | 09 c6 a6 6b b2 1a 36 9b

Top of Stack: (sp=0x000000a0f6bfed90)
0x000000a0f6bfed90:   0000000000000000 00007ffc0477364b
0x000000a0f6bfeda0:   00000274df9f8580 000000a0f6bfeea8
0x000000a0f6bfedb0:   fffffffffffffffe 00007ffb894d3b84
0x000000a0f6bfedc0:   00000274df9f8578 00007ffc047b3a93
0x000000a0f6bfedd0:   00000274df9f8580 000000a000000000
0x000000a0f6bfede0:   00000274df9f8598 000000a0f6bfeea8
0x000000a0f6bfedf0:   fffffffffffffffe 0000000000000000
0x000000a0f6bfee00:   0000000000000001 00007ffb894b0000
0x000000a0f6bfee10:   000000a0f6bfee98 00007ffc0478042e
0x000000a0f6bfee20:   0000000000000000 000000a0f6bfeea8
0x000000a0f6bfee30:   000000a0f6bff180 0000000000000001
0x000000a0f6bfee40:   0000000000000000 00007ffc0477dddd
0x000000a0f6bfee50:   0000000000000000 00007ffb894d3259
0x000000a0f6bfee60:   0000000000000000 000000a0f6bfee98
0x000000a0f6bfee70:   fffffffffffffffe 00007ffc06b76b17
0x000000a0f6bfee80:   00000274df1f24b8 00007ffb894d3a12
0x000000a0f6bfee90:   00007ffb894ed118 00007ffc00000002
0x000000a0f6bfeea0:   0000000000000002 000000a0f6bfee90
0x000000a0f6bfeeb0:   0000000000000000 00007ffb894d3b38
0x000000a0f6bfeec0:   0000000000000001 0000000000000600
0x000000a0f6bfeed0:   0000000000000001 0000000000000000
0x000000a0f6bfeee0:   00007ffc058f0000 00007ffc058f2061
0x000000a0f6bfeef0:   0000000000000001 00007ffc03580000
0x000000a0f6bfef00:   00007ffb894b0000 000000007ffe0384
0x000000a0f6bfef10:   0000000000000000 00007ffc06b78b7f
0x000000a0f6bfef20:   00007ffb894b0000 0000000000000000
0x000000a0f6bfef30:   0000000000000001 000000007ffe0385
0x000000a0f6bfef40:   0000000000000000 00007ffc06ba17c9
0x000000a0f6bfef50:   0000dcc5d21b6b00 0000000000000014
0x000000a0f6bfef60:   00007ffb894d3b84 0000000000000000
0x000000a0f6bfef70:   0000000000000000 000000a0f5f58000
0x000000a0f6bfef80:   00000274df2b8b10 00007ffc06ba1586 

Instructions: (pc=0x00007ffb894d66f0)
0x00007ffb894d65f0:   8b 4d 60 e8 98 c9 ff ff 48 8b 55 68 48 8b 8d 08
0x00007ffb894d6600:   01 00 00 e8 49 be ff ff 33 d2 33 c9 e8 49 de ff
0x00007ffb894d6610:   ff 90 cc cc cc cc cc cc cc cc cc cc cc cc cc cc
0x00007ffb894d6620:   48 8d 8a 80 00 00 00 e9 14 e9 fe ff 48 89 54 24
0x00007ffb894d6630:   10 55 48 83 ec 20 48 8b ea 48 8d 05 dd ca ff ff
0x00007ffb894d6640:   48 83 c4 20 5d c3 cc 40 55 48 8b ea 48 8b 01 33
0x00007ffb894d6650:   c9 81 38 05 00 00 c0 0f 94 c1 8b c1 5d c3 cc 40
0x00007ffb894d6660:   55 48 83 ec 20 48 8b ea 8a 4d 40 48 83 c4 20 5d
0x00007ffb894d6670:   e9 df cd ff ff cc 40 55 48 83 ec 20 48 8b ea e8
0x00007ffb894d6680:   fc cb ff ff 8a 4d 38 48 83 c4 20 5d e9 c3 cd ff
0x00007ffb894d6690:   ff cc 40 55 48 83 ec 30 48 8b ea 48 8b 01 8b 10
0x00007ffb894d66a0:   48 89 4c 24 28 89 54 24 20 4c 8d 0d a4 d1 ff ff
0x00007ffb894d66b0:   4c 8b 45 70 8b 55 68 48 8b 4d 60 e8 30 cb ff ff
0x00007ffb894d66c0:   90 48 83 c4 30 5d c3 cc cc cc cc cc cc cc cc cc
0x00007ffb894d66d0:   40 53 48 83 ec 30 48 c7 44 24 20 fe ff ff ff 48
0x00007ffb894d66e0:   8b 1d 2a 64 01 00 48 85 db 74 16 e8 90 85 ff ff
0x00007ffb894d66f0:   4c 8b 00 48 8b d3 48 8b c8 41 ff 90 b0 00 00 00
0x00007ffb894d6700:   90 48 83 c4 30 5b c3 cc cc cc cc cc cc cc cc cc
0x00007ffb894d6710:   40 53 48 83 ec 20 48 8b 1d 9b 65 01 00 48 85 db
0x00007ffb894d6720:   74 57 b8 ff ff ff ff f0 0f c1 43 10 83 f8 01 75
0x00007ffb894d6730:   3d 48 85 db 74 38 48 8b 0b 48 85 c9 74 0d ff 15
0x00007ffb894d6740:   64 0b 00 00 48 c7 03 00 00 00 00 48 8b 4b 08 48
0x00007ffb894d6750:   85 c9 74 0d e8 37 c8 ff ff 48 c7 43 08 00 00 00
0x00007ffb894d6760:   00 ba 18 00 00 00 48 8b cb e8 22 c8 ff ff 48 c7
0x00007ffb894d6770:   05 3f 65 01 00 00 00 00 00 48 83 c4 20 5b c3 cc
0x00007ffb894d6780:   40 53 48 83 ec 20 48 8b 1d 0b 65 01 00 48 85 db
0x00007ffb894d6790:   74 57 b8 ff ff ff ff f0 0f c1 43 10 83 f8 01 75
0x00007ffb894d67a0:   3d 48 85 db 74 38 48 8b 0b 48 85 c9 74 0d ff 15
0x00007ffb894d67b0:   f4 0a 00 00 48 c7 03 00 00 00 00 48 8b 4b 08 48
0x00007ffb894d67c0:   85 c9 74 0d e8 c7 c7 ff ff 48 c7 43 08 00 00 00
0x00007ffb894d67d0:   00 ba 18 00 00 00 48 8b cb e8 b2 c7 ff ff 48 c7
0x00007ffb894d67e0:   05 af 64 01 00 00 00 00 00 48 83 c4 20 5b c3 cc 


Stack slot to memory mapping:

stack at sp + 0 slots: 0x0 is null
stack at sp + 1 slots: 0x00007ffc0477364b ucrtbase.dll
stack at sp + 2 slots: 0x00000274df9f8580 points into unknown readable memory: 0x00001ab2545b02af | af 02 5b 54 b2 1a 00 00
stack at sp + 3 slots: 0x000000a0f6bfeea8 points into unknown readable memory: 0x000000a0f6bfee90 | 90 ee bf f6 a0 00 00 00
stack at sp + 4 slots: 0xfffffffffffffffe is an unknown value
stack at sp + 5 slots: 0x00007ffb894d3b84 glass.dll
stack at sp + 6 slots: 0x00000274df9f8578 points into unknown readable memory: 0x00001ab2545b02af | af 02 5b 54 b2 1a 00 00
stack at sp + 7 slots: 0x00007ffc047b3a93 ucrtbase.dll

VM_Operation (0x000000a0f78fbdb0): Exit, mode: safepoint, requested by thread 0x00000274df0c2010


---------------  P R O C E S S  ---------------

Threads class SMR info:
_java_thread_list=0x00000274e563de80, length=20, elements={
0x00000274fb09f2c0, 0x0000027499bb1320, 0x0000027499bb21f0, 0x0000027499bb5570,
0x0000027499bb6fe0, 0x0000027499bd81c0, 0x0000027499be0f90, 0x0000027499be8370,
0x0000027499be9f50, 0x00000274df0c4770, 0x00000274df0c4e00, 0x00000274df0c40e0,
0x00000274df0c2010, 0x00000274df0c26a0, 0x00000274df0c2d30, 0x00000274df0c33c0,
0x00000274df0c3a50, 0x00000274e6776330, 0x00000274e6771b00, 0x00000274e6772820
}

Java Threads: ( => current thread )
  0x00000274fb09f2c0 JavaThread "main"                              [_thread_blocked, id=10392, stack(0x000000a0f6400000,0x000000a0f6500000) (1024K)]
  0x0000027499bb1320 JavaThread "Reference Handler"          daemon [_thread_blocked, id=14788, stack(0x000000a0f6c00000,0x000000a0f6d00000) (1024K)]
  0x0000027499bb21f0 JavaThread "Finalizer"                  daemon [_thread_blocked, id=5044, stack(0x000000a0f6d00000,0x000000a0f6e00000) (1024K)]
  0x0000027499bb5570 JavaThread "Signal Dispatcher"          daemon [_thread_blocked, id=14876, stack(0x000000a0f6e00000,0x000000a0f6f00000) (1024K)]
  0x0000027499bb6fe0 JavaThread "Attach Listener"            daemon [_thread_blocked, id=4640, stack(0x000000a0f6f00000,0x000000a0f7000000) (1024K)]
  0x0000027499bd81c0 JavaThread "Service Thread"             daemon [_thread_blocked, id=15216, stack(0x000000a0f7000000,0x000000a0f7100000) (1024K)]
  0x0000027499be0f90 JavaThread "Monitor Deflation Thread"   daemon [_thread_blocked, id=1684, stack(0x000000a0f7100000,0x000000a0f7200000) (1024K)]
  0x0000027499be8370 JavaThread "C2 CompilerThread0"         daemon [_thread_blocked, id=13876, stack(0x000000a0f7200000,0x000000a0f7300000) (1024K)]
  0x0000027499be9f50 JavaThread "C1 CompilerThread0"         daemon [_thread_blocked, id=9236, stack(0x000000a0f7300000,0x000000a0f7400000) (1024K)]
  0x00000274df0c4770 JavaThread "Common-Cleaner"             daemon [_thread_blocked, id=11240, stack(0x000000a0f7400000,0x000000a0f7500000) (1024K)]
  0x00000274df0c4e00 JavaThread "Notification Thread"        daemon [_thread_blocked, id=12904, stack(0x000000a0f7700000,0x000000a0f7800000) (1024K)]
  0x00000274df0c40e0 JavaThread "InvokeLaterDispatcher"      daemon [_thread_blocked, id=5068, stack(0x000000a0f7600000,0x000000a0f7700000) (1024K)]
  0x00000274df0c2010 JavaThread "JavaFX Application Thread"         [_thread_blocked, id=6228, stack(0x000000a0f7800000,0x000000a0f7900000) (1024K)]
  0x00000274df0c26a0 JavaThread "Thread-1"                   daemon [_thread_in_native, id=2888, stack(0x000000a0f8100000,0x000000a0f8200000) (1024K)]
  0x00000274df0c2d30 JavaThread "JavaFX-Launcher"                   [_thread_blocked, id=12548, stack(0x000000a0f8200000,0x000000a0f8300000) (1024K)]
  0x00000274df0c33c0 JavaThread "mysql-cj-abandoned-connection-cleanup" daemon [_thread_blocked, id=2448, stack(0x000000a0f8300000,0x000000a0f8400000) (1024K)]
  0x00000274df0c3a50 JavaThread "Prism Font Disposer"        daemon [_thread_blocked, id=13416, stack(0x000000a0f8a00000,0x000000a0f8b00000) (1024K)]
  0x00000274e6776330 JavaThread "Cleaner-0"                  daemon [_thread_blocked, id=13260, stack(0x000000a0f8e00000,0x000000a0f8f00000) (1024K)]
  0x00000274e6771b00 JavaThread "Java2D Disposer"            daemon [_thread_blocked, id=4360, stack(0x000000a0f8f00000,0x000000a0f9000000) (1024K)]
  0x00000274e6772820 JavaThread "AWT-Shutdown"                      [_thread_blocked, id=6852, stack(0x000000a0f9000000,0x000000a0f9100000) (1024K)]
Total: 20

Other Threads:
=>0x0000027499b91cf0 VMThread "VM Thread"                           [id=928, stack(0x000000a0f6b00000,0x000000a0f6c00000) (1024K)]
  0x00000274fd3612e0 WorkerThread "GC Thread#0"                     [id=664, stack(0x000000a0f6500000,0x000000a0f6600000) (1024K)]
  0x00000274e4d33050 WorkerThread "GC Thread#1"                     [id=2500, stack(0x000000a0f7c00000,0x000000a0f7d00000) (1024K)]
  0x00000274e4d333f0 WorkerThread "GC Thread#2"                     [id=6072, stack(0x000000a0f7d00000,0x000000a0f7e00000) (1024K)]
  0x00000274e4d31ff0 WorkerThread "GC Thread#3"                     [id=2876, stack(0x000000a0f7e00000,0x000000a0f7f00000) (1024K)]
  0x00000274e4d23590 WorkerThread "GC Thread#4"                     [id=12168, stack(0x000000a0f7f00000,0x000000a0f8000000) (1024K)]
  0x00000274e4d2f810 WorkerThread "GC Thread#5"                     [id=2884, stack(0x000000a0f8000000,0x000000a0f8100000) (1024K)]
  0x00000274e5146f90 WorkerThread "GC Thread#6"                     [id=5080, stack(0x000000a0f8600000,0x000000a0f8700000) (1024K)]
  0x00000274e5b35f10 WorkerThread "GC Thread#7"                     [id=10300, stack(0x000000a0f8700000,0x000000a0f8800000) (1024K)]
  0x00000274fd371880 ConcurrentGCThread "G1 Main Marker"            terminated
  0x00000274fd372290 WorkerThread "G1 Conc#0"                       [id=14748, stack(0x000000a0f6700000,0x000000a0f6800000) (1024K)]
  0x00000274e5a98b20 WorkerThread "G1 Conc#1"                       [id=12416, stack(0x000000a0f8400000,0x000000a0f8500000) (1024K)]
  0x00000274fd3ceb80 ConcurrentGCThread "G1 Refine#0"               terminated
  0x0000027499a4c780 ConcurrentGCThread "G1 Service"                terminated
Total: 14

Threads with active compile tasks:
Total: 0

VM state: at safepoint (shutting down)

VM Mutex/Monitor currently owned by a thread:  ([mutex/lock_event])
[0x00007ffb8deecd68] Threads_lock - owner thread: 0x0000027499b91cf0
[0x00007ffb8deece68] Heap_lock - owner thread: 0x00000274df0c2010

Heap address: 0x0000000085800000, size: 1960 MB, Compressed Oops mode: 32-bit

CDS archive(s) mapped at: [0x000002749a000000-0x000002749ac90000-0x000002749ac90000), size 13172736, SharedBaseAddress: 0x000002749a000000, ArchiveRelocationMode: 1.
Compressed class space mapped at: 0x000002749b000000-0x00000274db000000, reserved size: 1073741824
Narrow klass base: 0x000002749a000000, Narrow klass shift: 0, Narrow klass range: 0x100000000

GC Precious Log:
 CardTable entry size: 512
 Card Set container configuration: InlinePtr #cards 5 size 8 Array Of Cards #cards 12 size 40 Howl #buckets 4 coarsen threshold 1843 Howl Bitmap #cards 512 size 80 coarsen threshold 460 Card regions per heap region 1 cards per card region 2048
 CPUs: 8 total, 8 available
 Memory: 7834M
 Large Page Support: Disabled
 NUMA Support: Disabled
 Compressed Oops: Enabled (32-bit)
 Heap Region Size: 1M
 Heap Min Capacity: 8M
 Heap Initial Capacity: 124M
 Heap Max Capacity: 1960M
 Pre-touch: Disabled
 Parallel Workers: 8
 Concurrent Workers: 2
 Concurrent Refinement Workers: 8
 Periodic GC: Disabled

Heap:
 garbage-first heap   total 136192K, used 69091K [0x0000000085800000, 0x0000000100000000)
  region size 1024K, 7 young (7168K), 4 survivors (4096K)
 Metaspace       used 44890K, committed 45376K, reserved 1114112K
  class space    used 5718K, committed 5952K, reserved 1048576K

Heap Regions: E=young(eden), S=young(survivor), O=old, HS=humongous(starts), HC=humongous(continues), CS=collection set, F=free, TAMS=top-at-mark-start, PB=parsable bottom
|   0|0x0000000085800000, 0x0000000085900000, 0x0000000085900000|100%| O|  |TAMS 0x0000000085800000| PB 0x0000000085800000| Untracked 
|   1|0x0000000085900000, 0x0000000085a00000, 0x0000000085a00000|100%|HS|  |TAMS 0x0000000085900000| PB 0x0000000085900000| Complete 
|   2|0x0000000085a00000, 0x0000000085b00000, 0x0000000085b00000|100%| O|  |TAMS 0x0000000085a00000| PB 0x0000000085a00000| Untracked 
|   3|0x0000000085b00000, 0x0000000085c00000, 0x0000000085c00000|100%| O|  |TAMS 0x0000000085b00000| PB 0x0000000085b00000| Untracked 
|   4|0x0000000085c00000, 0x0000000085d00000, 0x0000000085d00000|100%| O|  |TAMS 0x0000000085c00000| PB 0x0000000085c00000| Untracked 
|   5|0x0000000085d00000, 0x0000000085e00000, 0x0000000085e00000|100%| O|  |TAMS 0x0000000085d00000| PB 0x0000000085d00000| Untracked 
|   6|0x0000000085e00000, 0x0000000085f00000, 0x0000000085f00000|100%| O|  |TAMS 0x0000000085e00000| PB 0x0000000085e00000| Untracked 
|   7|0x0000000085f00000, 0x0000000086000000, 0x0000000086000000|100%|HS|  |TAMS 0x0000000085f00000| PB 0x0000000085f00000| Complete 
|   8|0x0000000086000000, 0x0000000086100000, 0x0000000086100000|100%|HC|  |TAMS 0x0000000086000000| PB 0x0000000086000000| Complete 
|   9|0x0000000086100000, 0x0000000086200000, 0x0000000086200000|100%|HC|  |TAMS 0x0000000086100000| PB 0x0000000086100000| Complete 
|  10|0x0000000086200000, 0x0000000086300000, 0x0000000086300000|100%|HC|  |TAMS 0x0000000086200000| PB 0x0000000086200000| Complete 
|  11|0x0000000086300000, 0x0000000086400000, 0x0000000086400000|100%|HS|  |TAMS 0x0000000086300000| PB 0x0000000086300000| Complete 
|  12|0x0000000086400000, 0x0000000086500000, 0x0000000086500000|100%|HC|  |TAMS 0x0000000086400000| PB 0x0000000086400000| Complete 
|  13|0x0000000086500000, 0x0000000086600000, 0x0000000086600000|100%|HC|  |TAMS 0x0000000086500000| PB 0x0000000086500000| Complete 
|  14|0x0000000086600000, 0x0000000086700000, 0x0000000086700000|100%| O|  |TAMS 0x0000000086600000| PB 0x0000000086600000| Untracked 
|  15|0x0000000086700000, 0x0000000086800000, 0x0000000086800000|100%| O|  |TAMS 0x0000000086700000| PB 0x0000000086700000| Untracked 
|  16|0x0000000086800000, 0x00000000868e3320, 0x0000000086900000| 88%| O|  |TAMS 0x0000000086800000| PB 0x0000000086800000| Untracked 
|  17|0x0000000086900000, 0x0000000086a00000, 0x0000000086a00000|100%|HS|  |TAMS 0x0000000086900000| PB 0x0000000086900000| Complete 
|  18|0x0000000086a00000, 0x0000000086b00000, 0x0000000086b00000|100%|HC|  |TAMS 0x0000000086a00000| PB 0x0000000086a00000| Complete 
|  19|0x0000000086b00000, 0x0000000086c00000, 0x0000000086c00000|100%|HC|  |TAMS 0x0000000086b00000| PB 0x0000000086b00000| Complete 
|  20|0x0000000086c00000, 0x0000000086d00000, 0x0000000086d00000|100%|HS|  |TAMS 0x0000000086c00000| PB 0x0000000086c00000| Complete 
|  21|0x0000000086d00000, 0x0000000086e00000, 0x0000000086e00000|100%|HC|  |TAMS 0x0000000086d00000| PB 0x0000000086d00000| Complete 
|  22|0x0000000086e00000, 0x0000000086f00000, 0x0000000086f00000|100%|HC|  |TAMS 0x0000000086e00000| PB 0x0000000086e00000| Complete 
|  23|0x0000000086f00000, 0x0000000087000000, 0x0000000087000000|100%|HS|  |TAMS 0x0000000086f00000| PB 0x0000000086f00000| Complete 
|  24|0x0000000087000000, 0x0000000087100000, 0x0000000087100000|100%|HC|  |TAMS 0x0000000087000000| PB 0x0000000087000000| Complete 
|  25|0x0000000087100000, 0x0000000087200000, 0x0000000087200000|100%|HC|  |TAMS 0x0000000087100000| PB 0x0000000087100000| Complete 
|  26|0x0000000087200000, 0x0000000087300000, 0x0000000087300000|100%|HS|  |TAMS 0x0000000087200000| PB 0x0000000087200000| Complete 
|  27|0x0000000087300000, 0x0000000087400000, 0x0000000087400000|100%|HC|  |TAMS 0x0000000087300000| PB 0x0000000087300000| Complete 
|  28|0x0000000087400000, 0x0000000087500000, 0x0000000087500000|100%|HS|  |TAMS 0x0000000087400000| PB 0x0000000087400000| Complete 
|  29|0x0000000087500000, 0x0000000087600000, 0x0000000087600000|100%|HC|  |TAMS 0x0000000087500000| PB 0x0000000087500000| Complete 
|  30|0x0000000087600000, 0x0000000087700000, 0x0000000087700000|100%|HC|  |TAMS 0x0000000087600000| PB 0x0000000087600000| Complete 
|  31|0x0000000087700000, 0x0000000087800000, 0x0000000087800000|100%|HS|  |TAMS 0x0000000087700000| PB 0x0000000087700000| Complete 
|  32|0x0000000087800000, 0x0000000087900000, 0x0000000087900000|100%|HS|  |TAMS 0x0000000087800000| PB 0x0000000087800000| Complete 
|  33|0x0000000087900000, 0x0000000087a00000, 0x0000000087a00000|100%| O|  |TAMS 0x0000000087900000| PB 0x0000000087900000| Untracked 
|  34|0x0000000087a00000, 0x0000000087b00000, 0x0000000087b00000|100%| O|  |TAMS 0x0000000087a00000| PB 0x0000000087a00000| Untracked 
|  35|0x0000000087b00000, 0x0000000087c00000, 0x0000000087c00000|100%| O|  |TAMS 0x0000000087b00000| PB 0x0000000087b00000| Untracked 
|  36|0x0000000087c00000, 0x0000000087d00000, 0x0000000087d00000|100%| O|  |TAMS 0x0000000087c00000| PB 0x0000000087c00000| Untracked 
|  37|0x0000000087d00000, 0x0000000087e00000, 0x0000000087e00000|100%| O|  |TAMS 0x0000000087d00000| PB 0x0000000087d00000| Untracked 
|  38|0x0000000087e00000, 0x0000000087f00000, 0x0000000087f00000|100%| O|  |TAMS 0x0000000087e00000| PB 0x0000000087e00000| Untracked 
|  39|0x0000000087f00000, 0x0000000088000000, 0x0000000088000000|100%| O|  |TAMS 0x0000000087f00000| PB 0x0000000087f00000| Untracked 
|  40|0x0000000088000000, 0x0000000088100000, 0x0000000088100000|100%| O|  |TAMS 0x0000000088000000| PB 0x0000000088000000| Untracked 
|  41|0x0000000088100000, 0x0000000088200000, 0x0000000088200000|100%| O|Cm|TAMS 0x0000000088100000| PB 0x0000000088100000| Complete 
|  42|0x0000000088200000, 0x0000000088300000, 0x0000000088300000|100%|HS|  |TAMS 0x0000000088200000| PB 0x0000000088200000| Complete 
|  43|0x0000000088300000, 0x0000000088400000, 0x0000000088400000|100%|HC|  |TAMS 0x0000000088300000| PB 0x0000000088300000| Complete 
|  44|0x0000000088400000, 0x0000000088500000, 0x0000000088500000|100%|HC|  |TAMS 0x0000000088400000| PB 0x0000000088400000| Complete 
|  45|0x0000000088500000, 0x0000000088600000, 0x0000000088600000|100%|HS|  |TAMS 0x0000000088500000| PB 0x0000000088500000| Complete 
|  46|0x0000000088600000, 0x0000000088700000, 0x0000000088700000|100%|HC|  |TAMS 0x0000000088600000| PB 0x0000000088600000| Complete 
|  47|0x0000000088700000, 0x0000000088800000, 0x0000000088800000|100%|HC|  |TAMS 0x0000000088700000| PB 0x0000000088700000| Complete 
|  48|0x0000000088800000, 0x0000000088800000, 0x0000000088900000|  0%| F|  |TAMS 0x0000000088800000| PB 0x0000000088800000| Untracked 
|  49|0x0000000088900000, 0x0000000088900000, 0x0000000088a00000|  0%| F|  |TAMS 0x0000000088900000| PB 0x0000000088900000| Untracked 
|  50|0x0000000088a00000, 0x0000000088b00000, 0x0000000088b00000|100%|HS|  |TAMS 0x0000000088a00000| PB 0x0000000088a00000| Complete 
|  51|0x0000000088b00000, 0x0000000088c00000, 0x0000000088c00000|100%|HC|  |TAMS 0x0000000088b00000| PB 0x0000000088b00000| Complete 
|  52|0x0000000088c00000, 0x0000000088d00000, 0x0000000088d00000|100%|HC|  |TAMS 0x0000000088c00000| PB 0x0000000088c00000| Complete 
|  53|0x0000000088d00000, 0x0000000088e00000, 0x0000000088e00000|100%|HS|  |TAMS 0x0000000088d00000| PB 0x0000000088d00000| Complete 
|  54|0x0000000088e00000, 0x0000000088f00000, 0x0000000088f00000|100%|HC|  |TAMS 0x0000000088e00000| PB 0x0000000088e00000| Complete 
|  55|0x0000000088f00000, 0x0000000089000000, 0x0000000089000000|100%|HC|  |TAMS 0x0000000088f00000| PB 0x0000000088f00000| Complete 
|  56|0x0000000089000000, 0x0000000089100000, 0x0000000089100000|100%| O|  |TAMS 0x0000000089000000| PB 0x0000000089000000| Untracked 
|  57|0x0000000089100000, 0x0000000089200000, 0x0000000089200000|100%| O|  |TAMS 0x0000000089100000| PB 0x0000000089100000| Untracked 
|  58|0x0000000089200000, 0x0000000089300000, 0x0000000089300000|100%| O|  |TAMS 0x0000000089200000| PB 0x0000000089200000| Untracked 
|  59|0x0000000089300000, 0x0000000089400000, 0x0000000089400000|100%|HS|  |TAMS 0x0000000089300000| PB 0x0000000089300000| Complete 
|  60|0x0000000089400000, 0x0000000089500000, 0x0000000089500000|100%|HC|  |TAMS 0x0000000089400000| PB 0x0000000089400000| Complete 
|  61|0x0000000089500000, 0x0000000089600000, 0x0000000089600000|100%|HC|  |TAMS 0x0000000089500000| PB 0x0000000089500000| Complete 
|  62|0x0000000089600000, 0x0000000089600000, 0x0000000089700000|  0%| F|  |TAMS 0x0000000089600000| PB 0x0000000089600000| Untracked 
|  63|0x0000000089700000, 0x0000000089700000, 0x0000000089800000|  0%| F|  |TAMS 0x0000000089700000| PB 0x0000000089700000| Untracked 
|  64|0x0000000089800000, 0x0000000089800000, 0x0000000089900000|  0%| F|  |TAMS 0x0000000089800000| PB 0x0000000089800000| Untracked 
|  65|0x0000000089900000, 0x0000000089900000, 0x0000000089a00000|  0%| F|  |TAMS 0x0000000089900000| PB 0x0000000089900000| Untracked 
|  66|0x0000000089a00000, 0x0000000089a00000, 0x0000000089b00000|  0%| F|  |TAMS 0x0000000089a00000| PB 0x0000000089a00000| Untracked 
|  67|0x0000000089b00000, 0x0000000089b00000, 0x0000000089c00000|  0%| F|  |TAMS 0x0000000089b00000| PB 0x0000000089b00000| Untracked 
|  68|0x0000000089c00000, 0x0000000089c00000, 0x0000000089d00000|  0%| F|  |TAMS 0x0000000089c00000| PB 0x0000000089c00000| Untracked 
|  69|0x0000000089d00000, 0x0000000089d00000, 0x0000000089e00000|  0%| F|  |TAMS 0x0000000089d00000| PB 0x0000000089d00000| Untracked 
|  70|0x0000000089e00000, 0x0000000089e00000, 0x0000000089f00000|  0%| F|  |TAMS 0x0000000089e00000| PB 0x0000000089e00000| Untracked 
|  71|0x0000000089f00000, 0x0000000089f00000, 0x000000008a000000|  0%| F|  |TAMS 0x0000000089f00000| PB 0x0000000089f00000| Untracked 
|  72|0x000000008a000000, 0x000000008a000000, 0x000000008a100000|  0%| F|  |TAMS 0x000000008a000000| PB 0x000000008a000000| Untracked 
|  73|0x000000008a100000, 0x000000008a100000, 0x000000008a200000|  0%| F|  |TAMS 0x000000008a100000| PB 0x000000008a100000| Untracked 
|  74|0x000000008a200000, 0x000000008a200000, 0x000000008a300000|  0%| F|  |TAMS 0x000000008a200000| PB 0x000000008a200000| Untracked 
|  75|0x000000008a300000, 0x000000008a300000, 0x000000008a400000|  0%| F|  |TAMS 0x000000008a300000| PB 0x000000008a300000| Untracked 
|  76|0x000000008a400000, 0x000000008a400000, 0x000000008a500000|  0%| F|  |TAMS 0x000000008a400000| PB 0x000000008a400000| Untracked 
|  77|0x000000008a500000, 0x000000008a500000, 0x000000008a600000|  0%| F|  |TAMS 0x000000008a500000| PB 0x000000008a500000| Untracked 
|  78|0x000000008a600000, 0x000000008a600000, 0x000000008a700000|  0%| F|  |TAMS 0x000000008a600000| PB 0x000000008a600000| Untracked 
|  79|0x000000008a700000, 0x000000008a700000, 0x000000008a800000|  0%| F|  |TAMS 0x000000008a700000| PB 0x000000008a700000| Untracked 
|  80|0x000000008a800000, 0x000000008a800000, 0x000000008a900000|  0%| F|  |TAMS 0x000000008a800000| PB 0x000000008a800000| Untracked 
|  81|0x000000008a900000, 0x000000008a900000, 0x000000008aa00000|  0%| F|  |TAMS 0x000000008a900000| PB 0x000000008a900000| Untracked 
|  82|0x000000008aa00000, 0x000000008aa00000, 0x000000008ab00000|  0%| F|  |TAMS 0x000000008aa00000| PB 0x000000008aa00000| Untracked 
|  83|0x000000008ab00000, 0x000000008ab00000, 0x000000008ac00000|  0%| F|  |TAMS 0x000000008ab00000| PB 0x000000008ab00000| Untracked 
|  84|0x000000008ac00000, 0x000000008ac00000, 0x000000008ad00000|  0%| F|  |TAMS 0x000000008ac00000| PB 0x000000008ac00000| Untracked 
|  85|0x000000008ad00000, 0x000000008ad00000, 0x000000008ae00000|  0%| F|  |TAMS 0x000000008ad00000| PB 0x000000008ad00000| Untracked 
|  86|0x000000008ae00000, 0x000000008ae00000, 0x000000008af00000|  0%| F|  |TAMS 0x000000008ae00000| PB 0x000000008ae00000| Untracked 
|  87|0x000000008af00000, 0x000000008af00000, 0x000000008b000000|  0%| F|  |TAMS 0x000000008af00000| PB 0x000000008af00000| Untracked 
|  88|0x000000008b000000, 0x000000008b000000, 0x000000008b100000|  0%| F|  |TAMS 0x000000008b000000| PB 0x000000008b000000| Untracked 
|  89|0x000000008b100000, 0x000000008b100000, 0x000000008b200000|  0%| F|  |TAMS 0x000000008b100000| PB 0x000000008b100000| Untracked 
|  90|0x000000008b200000, 0x000000008b200000, 0x000000008b300000|  0%| F|  |TAMS 0x000000008b200000| PB 0x000000008b200000| Untracked 
|  91|0x000000008b300000, 0x000000008b300000, 0x000000008b400000|  0%| F|  |TAMS 0x000000008b300000| PB 0x000000008b300000| Untracked 
|  92|0x000000008b400000, 0x000000008b400000, 0x000000008b500000|  0%| F|  |TAMS 0x000000008b400000| PB 0x000000008b400000| Untracked 
|  93|0x000000008b500000, 0x000000008b500000, 0x000000008b600000|  0%| F|  |TAMS 0x000000008b500000| PB 0x000000008b500000| Untracked 
|  94|0x000000008b600000, 0x000000008b600000, 0x000000008b700000|  0%| F|  |TAMS 0x000000008b600000| PB 0x000000008b600000| Untracked 
|  95|0x000000008b700000, 0x000000008b700000, 0x000000008b800000|  0%| F|  |TAMS 0x000000008b700000| PB 0x000000008b700000| Untracked 
|  96|0x000000008b800000, 0x000000008b800000, 0x000000008b900000|  0%| F|  |TAMS 0x000000008b800000| PB 0x000000008b800000| Untracked 
|  97|0x000000008b900000, 0x000000008b900000, 0x000000008ba00000|  0%| F|  |TAMS 0x000000008b900000| PB 0x000000008b900000| Untracked 
|  98|0x000000008ba00000, 0x000000008ba00000, 0x000000008bb00000|  0%| F|  |TAMS 0x000000008ba00000| PB 0x000000008ba00000| Untracked 
|  99|0x000000008bb00000, 0x000000008bb00000, 0x000000008bc00000|  0%| F|  |TAMS 0x000000008bb00000| PB 0x000000008bb00000| Untracked 
| 100|0x000000008bc00000, 0x000000008bc00000, 0x000000008bd00000|  0%| F|  |TAMS 0x000000008bc00000| PB 0x000000008bc00000| Untracked 
| 101|0x000000008bd00000, 0x000000008bd00000, 0x000000008be00000|  0%| F|  |TAMS 0x000000008bd00000| PB 0x000000008bd00000| Untracked 
| 102|0x000000008be00000, 0x000000008be00000, 0x000000008bf00000|  0%| F|  |TAMS 0x000000008be00000| PB 0x000000008be00000| Untracked 
| 103|0x000000008bf00000, 0x000000008bf00000, 0x000000008c000000|  0%| F|  |TAMS 0x000000008bf00000| PB 0x000000008bf00000| Untracked 
| 104|0x000000008c000000, 0x000000008c000000, 0x000000008c100000|  0%| F|  |TAMS 0x000000008c000000| PB 0x000000008c000000| Untracked 
| 105|0x000000008c100000, 0x000000008c100000, 0x000000008c200000|  0%| F|  |TAMS 0x000000008c100000| PB 0x000000008c100000| Untracked 
| 106|0x000000008c200000, 0x000000008c200000, 0x000000008c300000|  0%| F|  |TAMS 0x000000008c200000| PB 0x000000008c200000| Untracked 
| 107|0x000000008c300000, 0x000000008c300000, 0x000000008c400000|  0%| F|  |TAMS 0x000000008c300000| PB 0x000000008c300000| Untracked 
| 108|0x000000008c400000, 0x000000008c400000, 0x000000008c500000|  0%| F|  |TAMS 0x000000008c400000| PB 0x000000008c400000| Untracked 
| 109|0x000000008c500000, 0x000000008c500000, 0x000000008c600000|  0%| F|  |TAMS 0x000000008c500000| PB 0x000000008c500000| Untracked 
| 110|0x000000008c600000, 0x000000008c600000, 0x000000008c700000|  0%| F|  |TAMS 0x000000008c600000| PB 0x000000008c600000| Untracked 
| 111|0x000000008c700000, 0x000000008c700000, 0x000000008c800000|  0%| F|  |TAMS 0x000000008c700000| PB 0x000000008c700000| Untracked 
| 112|0x000000008c800000, 0x000000008c800000, 0x000000008c900000|  0%| F|  |TAMS 0x000000008c800000| PB 0x000000008c800000| Untracked 
| 113|0x000000008c900000, 0x000000008c900000, 0x000000008ca00000|  0%| F|  |TAMS 0x000000008c900000| PB 0x000000008c900000| Untracked 
| 114|0x000000008ca00000, 0x000000008ca00000, 0x000000008cb00000|  0%| F|  |TAMS 0x000000008ca00000| PB 0x000000008ca00000| Untracked 
| 115|0x000000008cb00000, 0x000000008cb00000, 0x000000008cc00000|  0%| F|  |TAMS 0x000000008cb00000| PB 0x000000008cb00000| Untracked 
| 116|0x000000008cc00000, 0x000000008cc00000, 0x000000008cd00000|  0%| F|  |TAMS 0x000000008cc00000| PB 0x000000008cc00000| Untracked 
| 117|0x000000008cd00000, 0x000000008cd00000, 0x000000008ce00000|  0%| F|  |TAMS 0x000000008cd00000| PB 0x000000008cd00000| Untracked 
| 118|0x000000008ce00000, 0x000000008ce00000, 0x000000008cf00000|  0%| F|  |TAMS 0x000000008ce00000| PB 0x000000008ce00000| Untracked 
| 119|0x000000008cf00000, 0x000000008cf00000, 0x000000008d000000|  0%| F|  |TAMS 0x000000008cf00000| PB 0x000000008cf00000| Untracked 
| 120|0x000000008d000000, 0x000000008d000000, 0x000000008d100000|  0%| F|  |TAMS 0x000000008d000000| PB 0x000000008d000000| Untracked 
| 121|0x000000008d100000, 0x000000008d100000, 0x000000008d200000|  0%| F|  |TAMS 0x000000008d100000| PB 0x000000008d100000| Untracked 
| 122|0x000000008d200000, 0x000000008d200000, 0x000000008d300000|  0%| F|  |TAMS 0x000000008d200000| PB 0x000000008d200000| Untracked 
| 123|0x000000008d300000, 0x000000008d300000, 0x000000008d400000|  0%| F|  |TAMS 0x000000008d300000| PB 0x000000008d300000| Untracked 
| 124|0x000000008d400000, 0x000000008d423b50, 0x000000008d500000| 13%| E|  |TAMS 0x000000008d400000| PB 0x000000008d400000| Complete 
| 125|0x000000008d500000, 0x000000008d600000, 0x000000008d600000|100%| E|CS|TAMS 0x000000008d500000| PB 0x000000008d500000| Complete 
| 126|0x000000008d600000, 0x000000008d700000, 0x000000008d700000|100%| E|CS|TAMS 0x000000008d600000| PB 0x000000008d600000| Complete 
| 127|0x000000008d700000, 0x000000008d800000, 0x000000008d800000|100%| S|CS|TAMS 0x000000008d700000| PB 0x000000008d700000| Complete 
| 128|0x000000008d800000, 0x000000008d900000, 0x000000008d900000|100%| S|CS|TAMS 0x000000008d800000| PB 0x000000008d800000| Complete 
| 129|0x000000008d900000, 0x000000008da00000, 0x000000008da00000|100%| S|CS|TAMS 0x000000008d900000| PB 0x000000008d900000| Complete 
| 130|0x000000008da00000, 0x000000008da95c40, 0x000000008db00000| 58%| S|CS|TAMS 0x000000008da00000| PB 0x000000008da00000| Complete 
|1958|0x00000000ffe00000, 0x00000000fff00000, 0x00000000fff00000|100%| O|  |TAMS 0x00000000ffe00000| PB 0x00000000ffe00000| Untracked 
|1959|0x00000000fff00000, 0x0000000100000000, 0x0000000100000000|100%| O|  |TAMS 0x00000000fff00000| PB 0x00000000fff00000| Untracked 

Card table byte_map: [0x00000274fdae0000,0x00000274fdec0000] _byte_map_base: 0x00000274fd6b4000

Marking Bits: (CMBitMap*) 0x00000274fd3618f0
 Bits: [0x00000274fdec0000, 0x00000274ffd60000)

Polling page: 0x00000274fb2a0000

Metaspace:

Usage:
  Non-class:     38.25 MB used.
      Class:      5.58 MB used.
       Both:     43.84 MB used.

Virtual space:
  Non-class space:       64.00 MB reserved,      38.50 MB ( 60%) committed,  1 nodes.
      Class space:        1.00 GB reserved,       5.81 MB ( <1%) committed,  1 nodes.
             Both:        1.06 GB reserved,      44.31 MB (  4%) committed. 

Chunk freelists:
   Non-Class:  9.45 MB
       Class:  10.22 MB
        Both:  19.67 MB

MaxMetaspaceSize: unlimited
CompressedClassSpaceSize: 1.00 GB
Initial GC threshold: 21.00 MB
Current GC threshold: 59.69 MB
CDS: on
 - commit_granule_bytes: 65536.
 - commit_granule_words: 8192.
 - virtual_space_node_default_size: 8388608.
 - enlarge_chunks_in_place: 1.
 - use_allocation_guard: 0.


Internal statistics:

num_allocs_failed_limit: 12.
num_arena_births: 614.
num_arena_deaths: 0.
num_vsnodes_births: 2.
num_vsnodes_deaths: 0.
num_space_committed: 709.
num_space_uncommitted: 0.
num_chunks_returned_to_freelist: 12.
num_chunks_taken_from_freelist: 1877.
num_chunk_merges: 3.
num_chunk_splits: 1258.
num_chunks_enlarged: 907.
num_inconsistent_stats: 0.

CodeHeap 'non-profiled nmethods': size=120000Kb used=3792Kb max_used=3792Kb free=116207Kb
 bounds [0x000002748fe70000, 0x0000027490230000, 0x00000274973a0000]
CodeHeap 'profiled nmethods': size=120000Kb used=14600Kb max_used=14600Kb free=105399Kb
 bounds [0x00000274883a0000, 0x00000274891f0000, 0x000002748f8d0000]
CodeHeap 'non-nmethods': size=5760Kb used=2524Kb max_used=2569Kb free=3236Kb
 bounds [0x000002748f8d0000, 0x000002748fb70000, 0x000002748fe70000]
 total_blobs=8137 nmethods=7007 adapters=1031
 compilation: enabled
              stopped_count=0, restarted_count=0
 full_count=0

Compilation events (20 events):
Event: 62.319 Thread 0x0000027499be9f50 nmethod 7427 0x00000274891e1d90 code [0x00000274891e1fa0, 0x00000274891e2628]
Event: 62.319 Thread 0x0000027499be9f50 7428       3       javafx.scene.shape.Rectangle::doCreatePeer (8 bytes)
Event: 62.319 Thread 0x0000027499be8370 nmethod 7418 0x0000027490222c90 code [0x0000027490222e20, 0x00000274902230b8]
Event: 62.319 Thread 0x0000027499be8370 7419       4       javafx.scene.Node::hasProperties (25 bytes)
Event: 62.320 Thread 0x0000027499be9f50 nmethod 7428 0x00000274891e2890 code [0x00000274891e2a80, 0x00000274891e2fa8]
Event: 62.320 Thread 0x0000027499be9f50 7429       3       com.sun.javafx.sg.prism.NGRectangle::<init> (16 bytes)
Event: 62.320 Thread 0x0000027499be8370 nmethod 7419 0x0000027490223190 code [0x0000027490223320, 0x0000027490223438]
Event: 62.320 Thread 0x0000027499be9f50 nmethod 7429 0x00000274891e3190 code [0x00000274891e3380, 0x00000274891e37d0]
Event: 62.320 Thread 0x0000027499be9f50 7424       1       com.sun.javafx.sg.prism.NGCamera::setViewHeight (6 bytes)
Event: 62.320 Thread 0x0000027499be9f50 nmethod 7424 0x0000027490223590 code [0x0000027490223720, 0x00000274902237e8]
Event: 62.320 Thread 0x0000027499be9f50 7425       1       javafx.scene.Camera::getViewWidth (5 bytes)
Event: 62.320 Thread 0x0000027499be9f50 nmethod 7425 0x0000027490223890 code [0x0000027490223a20, 0x0000027490223af0]
Event: 62.573 Thread 0x0000027499be8370 7430       4       javafx.scene.paint.Color::getGreen (6 bytes)
Event: 62.573 Thread 0x0000027499be9f50 7432       3       com.sun.javafx.geom.DirtyRegionContainer::reset (6 bytes)
Event: 62.573 Thread 0x0000027499be8370 nmethod 7430 0x0000027490223b90 code [0x0000027490223d20, 0x0000027490223db0]
Event: 62.573 Thread 0x0000027499be8370 7431       4       javafx.scene.paint.Color::getBlue (6 bytes)
Event: 62.573 Thread 0x0000027499be9f50 nmethod 7432 0x00000274891e3990 code [0x00000274891e3b20, 0x00000274891e3c30]
Event: 62.574 Thread 0x0000027499be8370 nmethod 7431 0x0000027490223e90 code [0x0000027490224020, 0x00000274902240b0]
Event: 62.661 Thread 0x0000027499be9f50 7433       3       java.util.logging.LogManager::checkPermission (16 bytes)
Event: 62.662 Thread 0x0000027499be9f50 nmethod 7433 0x00000274891e3d10 code [0x00000274891e3ec0, 0x00000274891e40b0]

GC Heap History (14 events):
Event: 0.931 GC heap before
{Heap before GC invocations=0 (full 0):
 garbage-first heap   total 126976K, used 22528K [0x0000000085800000, 0x0000000100000000)
  region size 1024K, 23 young (23552K), 0 survivors (0K)
 Metaspace       used 3777K, committed 3968K, reserved 1114112K
  class space    used 409K, committed 512K, reserved 1048576K
}
Event: 0.938 GC heap after
{Heap after GC invocations=1 (full 0):
 garbage-first heap   total 126976K, used 2887K [0x0000000085800000, 0x0000000100000000)
  region size 1024K, 3 young (3072K), 3 survivors (3072K)
 Metaspace       used 3777K, committed 3968K, reserved 1114112K
  class space    used 409K, committed 512K, reserved 1048576K
}
Event: 1.600 GC heap before
{Heap before GC invocations=1 (full 0):
 garbage-first heap   total 126976K, used 39751K [0x0000000085800000, 0x0000000100000000)
  region size 1024K, 38 young (38912K), 3 survivors (3072K)
 Metaspace       used 12772K, committed 13184K, reserved 1114112K
  class space    used 1545K, committed 1728K, reserved 1048576K
}
Event: 1.606 GC heap after
{Heap after GC invocations=2 (full 0):
 garbage-first heap   total 126976K, used 10788K [0x0000000085800000, 0x0000000100000000)
  region size 1024K, 5 young (5120K), 5 survivors (5120K)
 Metaspace       used 12772K, committed 13184K, reserved 1114112K
  class space    used 1545K, committed 1728K, reserved 1048576K
}
Event: 7.870 GC heap before
{Heap before GC invocations=2 (full 0):
 garbage-first heap   total 126976K, used 70180K [0x0000000085800000, 0x0000000100000000)
  region size 1024K, 44 young (45056K), 5 survivors (5120K)
 Metaspace       used 21121K, committed 21504K, reserved 1114112K
  class space    used 2875K, committed 3072K, reserved 1048576K
}
Event: 7.883 GC heap after
{Heap after GC invocations=3 (full 0):
 garbage-first heap   total 126976K, used 30118K [0x0000000085800000, 0x0000000100000000)
  region size 1024K, 9 young (9216K), 9 survivors (9216K)
 Metaspace       used 21121K, committed 21504K, reserved 1114112K
  class space    used 2875K, committed 3072K, reserved 1048576K
}
Event: 29.869 GC heap before
{Heap before GC invocations=4 (full 0):
 garbage-first heap   total 106496K, used 90534K [0x0000000085800000, 0x0000000100000000)
  region size 1024K, 57 young (58368K), 9 survivors (9216K)
 Metaspace       used 26251K, committed 26688K, reserved 1114112K
  class space    used 3552K, committed 3776K, reserved 1048576K
}
Event: 29.892 GC heap after
{Heap after GC invocations=5 (full 0):
 garbage-first heap   total 107520K, used 37446K [0x0000000085800000, 0x0000000100000000)
  region size 1024K, 5 young (5120K), 5 survivors (5120K)
 Metaspace       used 26251K, committed 26688K, reserved 1114112K
  class space    used 3552K, committed 3776K, reserved 1048576K
}
Event: 45.890 GC heap before
{Heap before GC invocations=5 (full 0):
 garbage-first heap   total 107520K, used 97862K [0x0000000085800000, 0x0000000100000000)
  region size 1024K, 46 young (47104K), 5 survivors (5120K)
 Metaspace       used 35595K, committed 35968K, reserved 1114112K
  class space    used 4623K, committed 4800K, reserved 1048576K
}
Event: 45.896 GC heap after
{Heap after GC invocations=6 (full 0):
 garbage-first heap   total 110592K, used 48181K [0x0000000085800000, 0x0000000100000000)
  region size 1024K, 6 young (6144K), 6 survivors (6144K)
 Metaspace       used 35595K, committed 35968K, reserved 1114112K
  class space    used 4623K, committed 4800K, reserved 1048576K
}
Event: 45.903 GC heap before
{Heap before GC invocations=6 (full 0):
 garbage-first heap   total 110592K, used 48181K [0x0000000085800000, 0x0000000100000000)
  region size 1024K, 7 young (7168K), 6 survivors (6144K)
 Metaspace       used 35878K, committed 36288K, reserved 1114112K
  class space    used 4648K, committed 4864K, reserved 1048576K
}
Event: 45.906 GC heap after
{Heap after GC invocations=7 (full 0):
 garbage-first heap   total 110592K, used 48523K [0x0000000085800000, 0x0000000100000000)
  region size 1024K, 1 young (1024K), 1 survivors (1024K)
 Metaspace       used 35878K, committed 36288K, reserved 1114112K
  class space    used 4648K, committed 4864K, reserved 1048576K
}
Event: 61.674 GC heap before
{Heap before GC invocations=8 (full 0):
 garbage-first heap   total 132096K, used 130443K [0x0000000085800000, 0x0000000100000000)
  region size 1024K, 40 young (40960K), 1 survivors (1024K)
 Metaspace       used 44859K, committed 45376K, reserved 1114112K
  class space    used 5715K, committed 5952K, reserved 1048576K
}
Event: 61.679 GC heap after
{Heap after GC invocations=9 (full 0):
 garbage-first heap   total 136192K, used 60899K [0x0000000085800000, 0x0000000100000000)
  region size 1024K, 4 young (4096K), 4 survivors (4096K)
 Metaspace       used 44859K, committed 45376K, reserved 1114112K
  class space    used 5715K, committed 5952K, reserved 1048576K
}

Dll operation events (20 events):
Event: 0.563 Loaded shared library C:\Users\User\.openjfx\cache\13\api-ms-win-crt-multibyte-l1-1-0.dll
Event: 0.567 Loaded shared library C:\Users\User\.openjfx\cache\13\api-ms-win-crt-private-l1-1-0.dll
Event: 0.570 Loaded shared library C:\Users\User\.openjfx\cache\13\api-ms-win-crt-process-l1-1-0.dll
Event: 0.573 Loaded shared library C:\Users\User\.openjfx\cache\13\api-ms-win-crt-runtime-l1-1-0.dll
Event: 0.577 Loaded shared library C:\Users\User\.openjfx\cache\13\api-ms-win-crt-stdio-l1-1-0.dll
Event: 0.580 Loaded shared library C:\Users\User\.openjfx\cache\13\api-ms-win-crt-string-l1-1-0.dll
Event: 0.583 Loaded shared library C:\Users\User\.openjfx\cache\13\api-ms-win-crt-time-l1-1-0.dll
Event: 0.586 Loaded shared library C:\Users\User\.openjfx\cache\13\api-ms-win-crt-utility-l1-1-0.dll
Event: 0.601 Loaded shared library C:\Users\User\.openjfx\cache\13\ucrtbase.dll
Event: 0.605 Loaded shared library C:\Users\User\.openjfx\cache\13\vcruntime140.dll
Event: 0.616 Loaded shared library C:\Users\User\.openjfx\cache\13\msvcp140.dll
Event: 0.623 Loaded shared library C:\Users\User\.openjfx\cache\13\concrt140.dll
Event: 0.669 Loaded shared library C:\Users\User\.openjfx\cache\13\prism_d3d.dll
Event: 0.750 Loaded shared library C:\Users\User\.openjfx\cache\13\glass.dll
Event: 1.018 Loaded shared library C:\Program Files\Java\jdk-21\bin\jimage.dll
Event: 1.488 Loaded shared library C:\Users\User\.openjfx\cache\13\javafx_font.dll
Event: 44.393 Loaded shared library C:\Program Files\Java\jdk-21\bin\verify.dll
Event: 44.522 Loaded shared library C:\Program Files\Java\jdk-21\bin\awt.dll
Event: 44.584 Loaded shared library C:\Program Files\Java\jdk-21\bin\freetype.dll
Event: 44.585 Loaded shared library C:\Program Files\Java\jdk-21\bin\fontmanager.dll

Deoptimization events (20 events):
Event: 51.356 Thread 0x00000274df0c2010 Uncommon trap: trap_request=0xffffffc6 fr.pc=0x000002749009778c relative=0x00000000000001ec
Event: 51.356 Thread 0x00000274df0c2010 Uncommon trap: reason=bimorphic_or_optimized_type_check action=maybe_recompile pc=0x000002749009778c method=javafx.scene.Node.getGeomBounds(Lcom/sun/javafx/geom/BaseBounds;Lcom/sun/javafx/geom/transform/BaseTransform;)Lcom/sun/javafx/geom/BaseBounds; @ 1 
Event: 51.356 Thread 0x00000274df0c2010 DEOPT PACKING pc=0x000002749009778c sp=0x000000a0f78fe2a0
Event: 51.356 Thread 0x00000274df0c2010 DEOPT UNPACKING pc=0x000002748f927da2 sp=0x000000a0f78fe270 mode 2
Event: 51.528 Thread 0x00000274df0c5490 Uncommon trap: trap_request=0xffffff6e fr.pc=0x00000274901d62dc relative=0x000000000000071c
Event: 51.528 Thread 0x00000274df0c5490 Uncommon trap: reason=loop_limit_check action=maybe_recompile pc=0x00000274901d62dc method=com.sun.javafx.geom.transform.AffineBase.doTransform([FI[FIII)V @ 590 c2
Event: 51.528 Thread 0x00000274df0c5490 DEOPT PACKING pc=0x00000274901d62dc sp=0x000000a0f75fd490
Event: 51.528 Thread 0x00000274df0c5490 DEOPT UNPACKING pc=0x000002748f927da2 sp=0x000000a0f75fd3a8 mode 2
Event: 51.630 Thread 0x00000274df0c5490 Uncommon trap: trap_request=0xffffff6e fr.pc=0x00000274901d9dc8 relative=0x00000000000005a8
Event: 51.630 Thread 0x00000274df0c5490 Uncommon trap: reason=loop_limit_check action=maybe_recompile pc=0x00000274901d9dc8 method=com.sun.javafx.image.impl.BaseByteToByteConverter$ByteAnyToSameConverter.doConvert([BII[BIIII)V @ 5 c2
Event: 51.630 Thread 0x00000274df0c5490 DEOPT PACKING pc=0x00000274901d9dc8 sp=0x000000a0f75fd920
Event: 51.630 Thread 0x00000274df0c5490 DEOPT UNPACKING pc=0x000002748f927da2 sp=0x000000a0f75fd8b8 mode 2
Event: 58.363 Thread 0x00000274df0c5490 Uncommon trap: trap_request=0xffffff76 fr.pc=0x000002748fecc030 relative=0x0000000000000190
Event: 58.363 Thread 0x00000274df0c5490 Uncommon trap: reason=predicate action=maybe_recompile pc=0x000002748fecc030 method=java.util.Arrays.binarySearch0([Ljava/lang/Object;IILjava/lang/Object;Ljava/util/Comparator;)I @ 25 c2
Event: 58.363 Thread 0x00000274df0c5490 DEOPT PACKING pc=0x000002748fecc030 sp=0x000000a0f75fd970
Event: 58.363 Thread 0x00000274df0c5490 DEOPT UNPACKING pc=0x000002748f927da2 sp=0x000000a0f75fd900 mode 2
Event: 62.661 Thread 0x00000274e6777d70 Uncommon trap: trap_request=0xffffffcc fr.pc=0x0000027490201ba0 relative=0x0000000000000360
Event: 62.661 Thread 0x00000274e6777d70 Uncommon trap: reason=intrinsic_or_type_checked_inlining action=make_not_entrant pc=0x0000027490201ba0 method=java.util.Arrays.copyOf([Ljava/lang/Object;ILjava/lang/Class;)[Ljava/lang/Object; @ 35 c2
Event: 62.661 Thread 0x00000274e6777d70 DEOPT PACKING pc=0x0000027490201ba0 sp=0x000000a0f96fed40
Event: 62.661 Thread 0x00000274e6777d70 DEOPT UNPACKING pc=0x000002748f927da2 sp=0x000000a0f96fece8 mode 2

Classes loaded (20 events):
Event: 46.477 Loading class java/util/zip/Deflater$DeflaterZStreamRef
Event: 46.477 Loading class java/util/zip/Deflater$DeflaterZStreamRef done
Event: 46.579 Loading class java/io/FileOutputStream$1
Event: 46.579 Loading class java/io/FileOutputStream$1 done
Event: 49.002 Loading class java/awt/event/MouseWheelEvent
Event: 49.002 Loading class java/awt/event/MouseWheelEvent done
Event: 49.481 Loading class java/awt/LightweightDispatcher$2
Event: 49.482 Loading class java/awt/LightweightDispatcher$2 done
Event: 49.897 Loading class java/awt/KeyboardFocusManager$2
Event: 49.897 Loading class java/awt/KeyboardFocusManager$2 done
Event: 49.898 Loading class sun/awt/SunToolkit$1
Event: 49.898 Loading class sun/awt/SunToolkit$1 done
Event: 49.905 Loading class javax/swing/Autoscroller
Event: 49.905 Loading class javax/swing/Autoscroller done
Event: 49.911 Loading class java/awt/Window$1DisposeAction
Event: 49.911 Loading class java/awt/Window$1DisposeAction done
Event: 51.209 Loading class sun/awt/AppContext$PostShutdownEventRunnable
Event: 51.210 Loading class sun/awt/AppContext$PostShutdownEventRunnable done
Event: 51.210 Loading class sun/awt/AWTAutoShutdown$1
Event: 51.210 Loading class sun/awt/AWTAutoShutdown$1 done

Classes unloaded (0 events):
No events

Classes redefined (0 events):
No events

Internal exceptions (20 events):
Event: 45.755 Thread 0x00000274df0c2010 Exception <a 'sun/nio/fs/WindowsException'{0x0000000089fde870}> (0x0000000089fde870) 
thrown [s\open\src\hotspot\share\prims\jni.cpp, line 520]
Event: 45.815 Thread 0x00000274df0c2010 Implicit null exception at 0x000002748feff8c0 to 0x000002748fefff88
Event: 45.818 Thread 0x00000274df0c2010 Exception <a 'sun/nio/fs/WindowsException'{0x0000000089bdd498}> (0x0000000089bdd498) 
thrown [s\open\src\hotspot\share\prims\jni.cpp, line 520]
Event: 45.818 Thread 0x00000274df0c2010 Exception <a 'java/lang/ClassNotFoundException'{0x0000000089bde4c0}: sun/net/www/protocol/c/Handler> (0x0000000089bde4c0) 
thrown [s\open\src\hotspot\share\classfile\systemDictionary.cpp, line 312]
Event: 45.838 Thread 0x00000274df0c2010 Exception <a 'java/lang/NoSuchMethodError'{0x00000000899db140}: 'int java.lang.invoke.DelegatingMethodHandle$Holder.reinvoke_L(java.lang.Object, java.lang.Object, int, int)'> (0x00000000899db140) 
thrown [s\open\src\hotspot\share\interpreter\linkResolver.cpp, line 773]
Event: 45.943 Thread 0x00000274df0c2010 Exception <a 'java/lang/ClassNotFoundException'{0x000000008c016998}: com/sun/swing/internal/plaf/metal/resources/spi/metalProvider> (0x000000008c016998) 
thrown [s\open\src\hotspot\share\classfile\systemDictionary.cpp, line 312]
Event: 45.944 Thread 0x00000274df0c2010 Exception <a 'java/lang/ClassNotFoundException'{0x000000008c01ad50}: com/sun/swing/internal/plaf/basic/resources/spi/basicProvider> (0x000000008c01ad50) 
thrown [s\open\src\hotspot\share\classfile\systemDictionary.cpp, line 312]
Event: 45.954 Thread 0x00000274df0c2010 Exception <a 'java/lang/NoSuchMethodError'{0x000000008c031198}: 'int java.lang.invoke.Invokers$Holder.invokeExact_MT(java.lang.Object, java.lang.Object)'> (0x000000008c031198) 
thrown [s\open\src\hotspot\share\interpreter\linkResolver.cpp, line 773]
Event: 45.963 Thread 0x00000274e6777d70 Exception <a 'java/lang/NoSuchMethodError'{0x000000008c0927c8}: 'java.lang.Object java.lang.invoke.DirectMethodHandle$Holder.newInvokeSpecial(java.lang.Object, java.lang.Object, java.lang.Object, int, int, int, int, int)'> (0x000000008c0927c8) 
thrown [s\open\src\hotspot\share\interpreter\linkResolver.cpp, line 773]
Event: 45.994 Thread 0x00000274df0c2010 Exception <a 'sun/nio/fs/WindowsException'{0x000000008c06a7a8}> (0x000000008c06a7a8) 
thrown [s\open\src\hotspot\share\prims\jni.cpp, line 520]
Event: 46.001 Thread 0x00000274df0c2010 Exception <a 'java/lang/ClassNotFoundException'{0x000000008bf14a38}: net/sf/jasperreports/view/viewer> (0x000000008bf14a38) 
thrown [s\open\src\hotspot\share\prims\jni.cpp, line 539]
Event: 46.002 Thread 0x00000274df0c2010 Exception <a 'java/lang/ClassNotFoundException'{0x000000008bf1e948}: net/sf/jasperreports/view/viewer_es> (0x000000008bf1e948) 
thrown [s\open\src\hotspot\share\prims\jni.cpp, line 539]
Event: 46.003 Thread 0x00000274df0c2010 Exception <a 'java/lang/ClassNotFoundException'{0x000000008bf27d40}: net/sf/jasperreports/view/viewer_es_AR> (0x000000008bf27d40) 
thrown [s\open\src\hotspot\share\prims\jni.cpp, line 539]
Event: 46.173 Thread 0x00000274e6777050 Exception <a 'sun/nio/fs/WindowsException'{0x000000008b7405b8}> (0x000000008b7405b8) 
thrown [s\open\src\hotspot\share\prims\jni.cpp, line 520]
Event: 46.173 Thread 0x00000274e6777050 Exception <a 'sun/nio/fs/WindowsException'{0x000000008b7420b8}> (0x000000008b7420b8) 
thrown [s\open\src\hotspot\share\prims\jni.cpp, line 520]
Event: 46.173 Thread 0x00000274e6777050 Exception <a 'sun/nio/fs/WindowsException'{0x000000008b743e38}> (0x000000008b743e38) 
thrown [s\open\src\hotspot\share\prims\jni.cpp, line 520]
Event: 46.174 Thread 0x00000274e6777050 Exception <a 'sun/nio/fs/WindowsException'{0x000000008b745a68}> (0x000000008b745a68) 
thrown [s\open\src\hotspot\share\prims\jni.cpp, line 520]
Event: 46.174 Thread 0x00000274e6777050 Exception <a 'sun/nio/fs/WindowsException'{0x000000008b747540}> (0x000000008b747540) 
thrown [s\open\src\hotspot\share\prims\jni.cpp, line 520]
Event: 46.308 Thread 0x00000274df0c2010 Exception <a 'sun/nio/fs/WindowsException'{0x000000008b1c2560}> (0x000000008b1c2560) 
thrown [s\open\src\hotspot\share\prims\jni.cpp, line 520]
Event: 46.322 Thread 0x00000274df0c2010 Exception <a 'sun/nio/fs/WindowsException'{0x000000008ae5aac0}> (0x000000008ae5aac0) 
thrown [s\open\src\hotspot\share\prims\jni.cpp, line 520]

ZGC Phase Switch (0 events):
No events

VM Operations (20 events):
Event: 51.603 Executing VM operation: Cleanup done
Event: 53.604 Executing VM operation: Cleanup
Event: 53.604 Executing VM operation: Cleanup done
Event: 57.605 Executing VM operation: Cleanup
Event: 57.605 Executing VM operation: Cleanup done
Event: 58.607 Executing VM operation: Cleanup
Event: 58.607 Executing VM operation: Cleanup done
Event: 59.607 Executing VM operation: Cleanup
Event: 59.608 Executing VM operation: Cleanup done
Event: 60.170 Executing VM operation: HandshakeAllThreads (HandshakeForDeflation)
Event: 60.170 Executing VM operation: HandshakeAllThreads (HandshakeForDeflation) done
Event: 60.170 Executing VM operation: RendezvousGCThreads
Event: 60.170 Executing VM operation: RendezvousGCThreads done
Event: 61.170 Executing VM operation: Cleanup
Event: 61.170 Executing VM operation: Cleanup done
Event: 61.674 Executing VM operation: G1CollectForAllocation (G1 Evacuation Pause)
Event: 61.679 Executing VM operation: G1CollectForAllocation (G1 Evacuation Pause) done
Event: 62.681 Executing VM operation: Cleanup
Event: 62.681 Executing VM operation: Cleanup done
Event: 62.779 Executing VM operation: Exit

Events (20 events):
Event: 47.725 Thread 0x00000274e52dd5d0 Thread exited: 0x00000274e52dd5d0
Event: 47.952 Thread 0x00000274e52dc160 Thread exited: 0x00000274e52dc160
Event: 51.210 Thread 0x00000274e6774260 Thread exited: 0x00000274e6774260
Event: 51.210 Thread 0x00000274e6777050 Thread exited: 0x00000274e6777050
Event: 51.227 Thread 0x00000274e6777d70 Thread exited: 0x00000274e6777d70
Event: 57.216 Thread 0x00000274e52de370 Thread added: 0x00000274e52de370
Event: 58.350 Thread 0x00000274e52de370 Thread exited: 0x00000274e52de370
Event: 61.679 Thread 0x00000274e6772820 Thread added: 0x00000274e6772820
Event: 62.659 Thread 0x00000274e6773540 Thread added: 0x00000274e6773540
Event: 62.659 Thread 0x00000274e6775ca0 Thread added: 0x00000274e6775ca0
Event: 62.659 Thread 0x00000274e6777d70 Thread added: 0x00000274e6777d70
Event: 62.659 Thread 0x00000274e6778400 Thread added: 0x00000274e6778400
Event: 62.660 Thread 0x00000274e6774f80 Thread added: 0x00000274e6774f80
Event: 62.660 Thread 0x00000274e6775ca0 Thread exited: 0x00000274e6775ca0
Event: 62.661 Thread 0x00000274e6778400 Thread exited: 0x00000274e6778400
Event: 62.662 Thread 0x00000274e6777d70 Thread exited: 0x00000274e6777d70
Event: 62.663 Thread 0x00000274e6774f80 Thread exited: 0x00000274e6774f80
Event: 62.663 Thread 0x00000274e6772eb0 Thread exited: 0x00000274e6772eb0
Event: 62.694 Thread 0x00000274df0c5490 Thread exited: 0x00000274df0c5490
Event: 62.776 Thread 0x00000274e6773540 Thread exited: 0x00000274e6773540


Dynamic libraries:
0x00007ff7b2f30000 - 0x00007ff7b2f40000 	C:\Program Files\Java\jdk-21\bin\java.exe
0x00007ffc06b50000 - 0x00007ffc06d67000 	C:\WINDOWS\SYSTEM32\ntdll.dll
0x00007ffc05460000 - 0x00007ffc05524000 	C:\WINDOWS\System32\KERNEL32.DLL
0x00007ffc03ee0000 - 0x00007ffc0428d000 	C:\WINDOWS\System32\KERNELBASE.dll
0x00007ffc04760000 - 0x00007ffc04871000 	C:\WINDOWS\System32\ucrtbase.dll
0x00007ffb8d290000 - 0x00007ffb8d2ab000 	C:\Program Files\Java\jdk-21\bin\VCRUNTIME140.dll
0x00007ffbb7160000 - 0x00007ffbb7179000 	C:\Program Files\Java\jdk-21\bin\jli.dll
0x00007ffc06940000 - 0x00007ffc069f2000 	C:\WINDOWS\System32\ADVAPI32.dll
0x00007ffc06020000 - 0x00007ffc060c7000 	C:\WINDOWS\System32\msvcrt.dll
0x00007ffc05910000 - 0x00007ffc059b9000 	C:\WINDOWS\System32\sechost.dll
0x00007ffc04730000 - 0x00007ffc04758000 	C:\WINDOWS\System32\bcrypt.dll
0x00007ffc05f00000 - 0x00007ffc06014000 	C:\WINDOWS\System32\RPCRT4.dll
0x00007ffc04c70000 - 0x00007ffc04e1e000 	C:\WINDOWS\System32\USER32.dll
0x00007ffc04350000 - 0x00007ffc04376000 	C:\WINDOWS\System32\win32u.dll
0x00007ffbdf3b0000 - 0x00007ffbdf643000 	C:\WINDOWS\WinSxS\amd64_microsoft.windows.common-controls_6595b64144ccf1df_6.0.22621.3672_none_2713b9d173822955\COMCTL32.dll
0x00007ffc06a00000 - 0x00007ffc06a29000 	C:\WINDOWS\System32\GDI32.dll
0x00007ffc04590000 - 0x00007ffc046a9000 	C:\WINDOWS\System32\gdi32full.dll
0x00007ffc04380000 - 0x00007ffc0441a000 	C:\WINDOWS\System32\msvcp_win.dll
0x00007ffbfcc80000 - 0x00007ffbfcc8a000 	C:\WINDOWS\SYSTEM32\VERSION.dll
0x00007ffc04b30000 - 0x00007ffc04b61000 	C:\WINDOWS\System32\IMM32.DLL
0x00007ffb8d280000 - 0x00007ffb8d28c000 	C:\Program Files\Java\jdk-21\bin\vcruntime140_1.dll
0x00007ffb8ceb0000 - 0x00007ffb8cf3e000 	C:\Program Files\Java\jdk-21\bin\msvcp140.dll
0x00007ffb8d2b0000 - 0x00007ffb8dfc7000 	C:\Program Files\Java\jdk-21\bin\server\jvm.dll
0x00007ffc06a90000 - 0x00007ffc06b01000 	C:\WINDOWS\System32\WS2_32.dll
0x00007ffc03b80000 - 0x00007ffc03bcd000 	C:\WINDOWS\SYSTEM32\POWRPROF.dll
0x00007ffbfc990000 - 0x00007ffbfc9c4000 	C:\WINDOWS\SYSTEM32\WINMM.dll
0x00007ffc03ac0000 - 0x00007ffc03ad3000 	C:\WINDOWS\SYSTEM32\UMPDC.dll
0x00007ffc02e60000 - 0x00007ffc02e78000 	C:\WINDOWS\SYSTEM32\kernel.appcore.dll
0x00007ffb8d210000 - 0x00007ffb8d21a000 	C:\Program Files\Java\jdk-21\bin\jimage.dll
0x00007ffc01010000 - 0x00007ffc01242000 	C:\WINDOWS\SYSTEM32\DBGHELP.DLL
0x00007ffc04f20000 - 0x00007ffc052ae000 	C:\WINDOWS\System32\combase.dll
0x00007ffc05810000 - 0x00007ffc058e7000 	C:\WINDOWS\System32\OLEAUT32.dll
0x00007ffbd16c0000 - 0x00007ffbd16f2000 	C:\WINDOWS\SYSTEM32\dbgcore.DLL
0x00007ffc046b0000 - 0x00007ffc0472b000 	C:\WINDOWS\System32\bcryptPrimitives.dll
0x00007ffb8d220000 - 0x00007ffb8d23f000 	C:\Program Files\Java\jdk-21\bin\java.dll
0x00007ffc060d0000 - 0x00007ffc06937000 	C:\WINDOWS\System32\SHELL32.dll
0x00007ffc01da0000 - 0x00007ffc0269f000 	C:\WINDOWS\SYSTEM32\windows.storage.dll
0x00007ffc01c60000 - 0x00007ffc01d9f000 	C:\WINDOWS\SYSTEM32\wintypes.dll
0x00007ffc04b70000 - 0x00007ffc04c69000 	C:\WINDOWS\System32\SHCORE.dll
0x00007ffc04890000 - 0x00007ffc048ee000 	C:\WINDOWS\System32\shlwapi.dll
0x00007ffc03da0000 - 0x00007ffc03dc7000 	C:\WINDOWS\SYSTEM32\profapi.dll
0x00007ffb8d130000 - 0x00007ffb8d207000 	C:\Program Files\Java\jdk-21\bin\jsvml.dll
0x00007ffb8d110000 - 0x00007ffb8d120000 	C:\Program Files\Java\jdk-21\bin\net.dll
0x00007ffc00250000 - 0x00007ffc00386000 	C:\WINDOWS\SYSTEM32\WINHTTP.dll
0x00007ffc03330000 - 0x00007ffc03399000 	C:\WINDOWS\system32\mswsock.dll
0x00007ffb8d0f0000 - 0x00007ffb8d106000 	C:\Program Files\Java\jdk-21\bin\nio.dll
0x00007ffb8d0d0000 - 0x00007ffb8d0e8000 	C:\Program Files\Java\jdk-21\bin\zip.dll
0x0000027499d50000 - 0x0000027499d53000 	C:\Users\User\.openjfx\cache\13\api-ms-win-core-console-l1-1-0.dll
0x0000027499d60000 - 0x0000027499d63000 	C:\Users\User\.openjfx\cache\13\api-ms-win-core-datetime-l1-1-0.dll
0x0000027499d70000 - 0x0000027499d73000 	C:\Users\User\.openjfx\cache\13\api-ms-win-core-debug-l1-1-0.dll
0x0000027499d80000 - 0x0000027499d83000 	C:\Users\User\.openjfx\cache\13\api-ms-win-core-errorhandling-l1-1-0.dll
0x0000027499d90000 - 0x0000027499d94000 	C:\Users\User\.openjfx\cache\13\api-ms-win-core-file-l1-1-0.dll
0x0000027499da0000 - 0x0000027499da3000 	C:\Users\User\.openjfx\cache\13\api-ms-win-core-file-l1-2-0.dll
0x0000027499db0000 - 0x0000027499db3000 	C:\Users\User\.openjfx\cache\13\api-ms-win-core-file-l2-1-0.dll
0x0000027499dc0000 - 0x0000027499dc3000 	C:\Users\User\.openjfx\cache\13\api-ms-win-core-handle-l1-1-0.dll
0x0000027499dd0000 - 0x0000027499dd3000 	C:\Users\User\.openjfx\cache\13\api-ms-win-core-heap-l1-1-0.dll
0x0000027499de0000 - 0x0000027499de3000 	C:\Users\User\.openjfx\cache\13\api-ms-win-core-interlocked-l1-1-0.dll
0x0000027499df0000 - 0x0000027499df3000 	C:\Users\User\.openjfx\cache\13\api-ms-win-core-libraryloader-l1-1-0.dll
0x0000027499e00000 - 0x0000027499e03000 	C:\Users\User\.openjfx\cache\13\api-ms-win-core-localization-l1-2-0.dll
0x0000027499e10000 - 0x0000027499e13000 	C:\Users\User\.openjfx\cache\13\api-ms-win-core-memory-l1-1-0.dll
0x0000027499e20000 - 0x0000027499e23000 	C:\Users\User\.openjfx\cache\13\api-ms-win-core-namedpipe-l1-1-0.dll
0x0000027499e30000 - 0x0000027499e33000 	C:\Users\User\.openjfx\cache\13\api-ms-win-core-processenvironment-l1-1-0.dll
0x0000027499e40000 - 0x0000027499e43000 	C:\Users\User\.openjfx\cache\13\api-ms-win-core-processthreads-l1-1-0.dll
0x0000027499e50000 - 0x0000027499e53000 	C:\Users\User\.openjfx\cache\13\api-ms-win-core-processthreads-l1-1-1.dll
0x0000027499e60000 - 0x0000027499e63000 	C:\Users\User\.openjfx\cache\13\api-ms-win-core-profile-l1-1-0.dll
0x0000027499e70000 - 0x0000027499e73000 	C:\Users\User\.openjfx\cache\13\api-ms-win-core-rtlsupport-l1-1-0.dll
0x0000027499e80000 - 0x0000027499e83000 	C:\Users\User\.openjfx\cache\13\api-ms-win-core-string-l1-1-0.dll
0x0000027499e90000 - 0x0000027499e93000 	C:\Users\User\.openjfx\cache\13\api-ms-win-core-synch-l1-1-0.dll
0x0000027499ea0000 - 0x0000027499ea3000 	C:\Users\User\.openjfx\cache\13\api-ms-win-core-synch-l1-2-0.dll
0x0000027499eb0000 - 0x0000027499eb3000 	C:\Users\User\.openjfx\cache\13\api-ms-win-core-sysinfo-l1-1-0.dll
0x0000027499ec0000 - 0x0000027499ec3000 	C:\Users\User\.openjfx\cache\13\api-ms-win-core-timezone-l1-1-0.dll
0x0000027499ed0000 - 0x0000027499ed3000 	C:\Users\User\.openjfx\cache\13\api-ms-win-core-util-l1-1-0.dll
0x0000027499ee0000 - 0x0000027499ee3000 	C:\Users\User\.openjfx\cache\13\api-ms-win-crt-conio-l1-1-0.dll
0x0000027499ef0000 - 0x0000027499ef4000 	C:\Users\User\.openjfx\cache\13\api-ms-win-crt-convert-l1-1-0.dll
0x0000027499f00000 - 0x0000027499f03000 	C:\Users\User\.openjfx\cache\13\api-ms-win-crt-environment-l1-1-0.dll
0x0000027499f10000 - 0x0000027499f13000 	C:\Users\User\.openjfx\cache\13\api-ms-win-crt-filesystem-l1-1-0.dll
0x0000027499f20000 - 0x0000027499f23000 	C:\Users\User\.openjfx\cache\13\api-ms-win-crt-heap-l1-1-0.dll
0x0000027499f30000 - 0x0000027499f33000 	C:\Users\User\.openjfx\cache\13\api-ms-win-crt-locale-l1-1-0.dll
0x0000027499f40000 - 0x0000027499f45000 	C:\Users\User\.openjfx\cache\13\api-ms-win-crt-math-l1-1-0.dll
0x0000027499f50000 - 0x0000027499f55000 	C:\Users\User\.openjfx\cache\13\api-ms-win-crt-multibyte-l1-1-0.dll
0x0000027499f60000 - 0x0000027499f70000 	C:\Users\User\.openjfx\cache\13\api-ms-win-crt-private-l1-1-0.dll
0x0000027499f70000 - 0x0000027499f73000 	C:\Users\User\.openjfx\cache\13\api-ms-win-crt-process-l1-1-0.dll
0x0000027499f80000 - 0x0000027499f84000 	C:\Users\User\.openjfx\cache\13\api-ms-win-crt-runtime-l1-1-0.dll
0x0000027499f90000 - 0x0000027499f94000 	C:\Users\User\.openjfx\cache\13\api-ms-win-crt-stdio-l1-1-0.dll
0x0000027499fa0000 - 0x0000027499fa4000 	C:\Users\User\.openjfx\cache\13\api-ms-win-crt-string-l1-1-0.dll
0x0000027499fb0000 - 0x0000027499fb3000 	C:\Users\User\.openjfx\cache\13\api-ms-win-crt-time-l1-1-0.dll
0x0000027499fc0000 - 0x0000027499fc3000 	C:\Users\User\.openjfx\cache\13\api-ms-win-crt-utility-l1-1-0.dll
0x00007ffb8cac0000 - 0x00007ffb8cbbc000 	C:\Users\User\.openjfx\cache\13\ucrtbase.dll
0x00007ffbb0fb0000 - 0x00007ffbb0fc5000 	C:\Users\User\.openjfx\cache\13\vcruntime140.dll
0x00007ffb8ca20000 - 0x00007ffb8cabb000 	C:\Users\User\.openjfx\cache\13\msvcp140.dll
0x00007ffb8c9c0000 - 0x00007ffb8ca11000 	C:\Users\User\.openjfx\cache\13\concrt140.dll
0x00007ffbb0540000 - 0x00007ffbb0563000 	C:\Users\User\.openjfx\cache\13\prism_d3d.dll
0x00007ffb8c810000 - 0x00007ffb8c9b8000 	C:\WINDOWS\system32\d3d9.dll
0x00007ffc015d0000 - 0x00007ffc015fb000 	C:\WINDOWS\SYSTEM32\dwmapi.dll
0x00007ffc01460000 - 0x00007ffc01497000 	C:\WINDOWS\SYSTEM32\dxcore.dll
0x00007ffc01250000 - 0x00007ffc01301000 	C:\WINDOWS\system32\uxtheme.dll
0x00007ffc052b0000 - 0x00007ffc05455000 	C:\WINDOWS\System32\ole32.dll
0x00007ffbf9e90000 - 0x00007ffbf9ed9000 	C:\WINDOWS\SYSTEM32\directxdatabasehelper.dll
0x00007ffb894b0000 - 0x00007ffb894f5000 	C:\Users\User\.openjfx\cache\13\glass.dll
0x00007ffc04e20000 - 0x00007ffc04f1f000 	C:\WINDOWS\System32\COMDLG32.dll
0x00007ffc05600000 - 0x00007ffc0575e000 	C:\WINDOWS\System32\MSCTF.dll
0x00007ffc02980000 - 0x00007ffc02a78000 	C:\WINDOWS\SYSTEM32\DNSAPI.dll
0x00007ffc02910000 - 0x00007ffc0293d000 	C:\WINDOWS\SYSTEM32\IPHLPAPI.DLL
0x00007ffc058f0000 - 0x00007ffc058f9000 	C:\WINDOWS\System32\NSI.dll
0x00007ffbfa6c0000 - 0x00007ffbfa6ca000 	C:\Windows\System32\rasadhlp.dll
0x00007ffbff2d0000 - 0x00007ffbff353000 	C:\WINDOWS\System32\fwpuclnt.dll
0x00007ffb89460000 - 0x00007ffb89474000 	C:\Users\User\.openjfx\cache\13\javafx_font.dll
0x00007ffbfb430000 - 0x00007ffbfb6a3000 	C:\WINDOWS\SYSTEM32\dwrite.dll
0x00007ffc05760000 - 0x00007ffc05810000 	C:\WINDOWS\System32\clbcatq.dll
0x00007ffc00cd0000 - 0x00007ffc00e81000 	C:\WINDOWS\SYSTEM32\WindowsCodecs.dll
0x00007ffbd5f10000 - 0x00007ffbd5f6e000 	C:\WINDOWS\system32\dataexchange.dll
0x00007ffbf83e0000 - 0x00007ffbf866a000 	C:\WINDOWS\system32\twinapi.appcore.dll
0x00007ffb89420000 - 0x00007ffb89452000 	C:\Program Files\Common Files\Microsoft Shared\Ink\rtscom.dll
0x00007ffbe4380000 - 0x00007ffbe44c3000 	C:\WINDOWS\SYSTEM32\textinputframework.dll
0x00007ffbfc5c0000 - 0x00007ffbfc6f3000 	C:\WINDOWS\SYSTEM32\CoreMessaging.dll
0x00007ffbf9710000 - 0x00007ffbf9a7d000 	C:\WINDOWS\SYSTEM32\CoreUIComponents.dll
0x00007ffc035a0000 - 0x00007ffc035ac000 	C:\WINDOWS\SYSTEM32\CRYPTBASE.DLL
0x00007ffbfb930000 - 0x00007ffbfbf1e000 	C:\WINDOWS\SYSTEM32\d2d1.dll
0x00007ffbfb6b0000 - 0x00007ffbfb907000 	C:\WINDOWS\SYSTEM32\d3d11.dll
0x00007ffc014a0000 - 0x00007ffc01597000 	C:\WINDOWS\SYSTEM32\dxgi.dll
0x00007ffbf8d80000 - 0x00007ffbf9491000 	C:\WINDOWS\SYSTEM32\D3D10Warp.dll
0x00007ffc03580000 - 0x00007ffc0359b000 	C:\WINDOWS\SYSTEM32\CRYPTSP.dll
0x00007ffc02e20000 - 0x00007ffc02e55000 	C:\WINDOWS\system32\rsaenh.dll
0x00007ffc03420000 - 0x00007ffc03448000 	C:\WINDOWS\SYSTEM32\USERENV.dll
0x00007ffb8d120000 - 0x00007ffb8d130000 	C:\Program Files\Java\jdk-21\bin\verify.dll
0x00007ffb8cf40000 - 0x00007ffb8d0cf000 	C:\Program Files\Java\jdk-21\bin\awt.dll
0x00007ffbfcbe0000 - 0x00007ffbfcc77000 	C:\WINDOWS\SYSTEM32\apphelp.dll
0x00007ffb8ce20000 - 0x00007ffb8cea7000 	C:\Program Files\Java\jdk-21\bin\freetype.dll

dbghelp: loaded successfully - version: 4.0.5 - missing functions: none
symbol engine: initialized successfully - sym options: 0x614 - pdb path: .;C:\Program Files\Java\jdk-21\bin;C:\WINDOWS\SYSTEM32;C:\WINDOWS\WinSxS\amd64_microsoft.windows.common-controls_6595b64144ccf1df_6.0.22621.3672_none_2713b9d173822955;C:\Program Files\Java\jdk-21\bin\server;C:\Users\User\.openjfx\cache\13;C:\WINDOWS\System32\DriverStore\FileRepository\iigd_dch.inf_amd64_46a183a099a0cf25;C:\Program Files\Common Files\Microsoft Shared\Ink

VM Arguments:
jvm_args: --module-path=C:\Users\User\Documents\NetBeansProjects\Inventario\Inventario\target\classes;C:\Users\User\.m2\repository\at\favre\lib\bcrypt\0.9.0\bcrypt-0.9.0.jar;C:\Users\User\.m2\repository\com\sun\mail\javax.mail\1.6.2\javax.mail-1.6.2.jar;C:\Users\User\.m2\repository\net\sf\jasperreports\jasperreports\6.20.0\jasperreports-6.20.0.jar;C:\Users\User\.m2\repository\org\openjfx\javafx-base\13\javafx-base-13-win.jar;C:\Users\User\.m2\repository\org\openjfx\javafx-controls\13\javafx-controls-13-win.jar;C:\Users\User\.m2\repository\org\openjfx\javafx-fxml\13\javafx-fxml-13-win.jar;C:\Users\User\.m2\repository\org\openjfx\javafx-graphics\13\javafx-graphics-13-win.jar --add-modules=com.mycompany.inventario -Djdk.module.main=com.mycompany.inventario 
java_command: com.mycompany.inventario/com.mycompany.inventario.App
java_class_path (initial): C:\Users\User\Documents\NetBeansProjects\Inventario\Inventario\target\classes;C:\Users\User\.m2\repository\at\favre\lib\bytes\1.3.0\bytes-1.3.0.jar;C:\Users\User\.m2\repository\com\fasterxml\jackson\core\jackson-annotations\2.13.3\jackson-annotations-2.13.3.jar;C:\Users\User\.m2\repository\com\fasterxml\jackson\core\jackson-core\2.13.3\jackson-core-2.13.3.jar;C:\Users\User\.m2\repository\com\fasterxml\jackson\core\jackson-databind\2.13.3\jackson-databind-2.13.3.jar;C:\Users\User\.m2\repository\com\fasterxml\jackson\dataformat\jackson-dataformat-xml\2.13.3\jackson-dataformat-xml-2.13.3.jar;C:\Users\User\.m2\repository\com\fasterxml\woodstox\woodstox-core\6.2.7\woodstox-core-6.2.7.jar;C:\Users\User\.m2\repository\com\google\protobuf\protobuf-java\3.21.9\protobuf-java-3.21.9.jar;C:\Users\User\.m2\repository\com\lowagie\itext\2.1.7.js10\itext-2.1.7.js10.jar;C:\Users\User\.m2\repository\com\mysql\mysql-connector-j\8.0.33\mysql-connector-j-8.0.33.jar;C:\Users\User\.m2\repository\commons-beanutils\commons-beanutils\1.9.4\commons-beanutils-1.9.4.jar;C:\Users\User\.m2\repository\commons-collections\commons-collections\3.2.2\commons-collections-3.2.2.jar;C:\Users\User\.m2\repository\commons-digester\commons-digester\2.1\commons-digester-2.1.jar;C:\Users\User\.m2\repository\commons-logging\commons-logging\1.1.1\commons-logging-1.1.1.jar;C:\Users\User\.m2\repository\javax\activation\activation\1.1\activation-1.1.jar;C:\Users\User\.m2\repository\org\apache\commons\commons-collections4\4.2\commons-collections4-4.2.jar;C:\Users\User\.m2\repository\org\bouncycastle\bcprov-jdk15on\1.70\bcprov-jdk15on-1.70.jar;C:\Users\User\.m2\repository\org\bouncycastle\bcutil-jdk15on\1.70\bcutil-jdk15on-1.70.jar;C:\Users\User\.m2\repository\org\codehaus\woodstox\stax2-api\4.2.1\stax2-api-4.2.1.jar;C:\Users\User\.m2\repository\org\eclipse\jdt\ecj\3.21.0\ecj-3.21.0.jar;C:\Users\User\.m2\repository\org\jfree\jcommon\1.0.23\jcommon-1.0.23.jar;C:\Users\User\.m2\repository\org\jfree\jfreechart\1.0.19\jfreechart-1.0.19.jar;C:\Users\User\.m2\repository\org\openjfx\javafx-base\13\javafx-base-13.jar;C:\Users\User\.m2\repository\org\openjfx\javafx-controls\13\javafx-controls-13.jar;C:\Users\User\.m2\repository\org\openjfx\javafx-fxml\13\javafx-fxml-13.jar;C:\Users\User\.m2\repository\org\openjfx\javafx-graphics\13\javafx-graphics-13.jar
Launcher Type: SUN_STANDARD

[Global flags]
     intx CICompilerCount                          = 4                                         {product} {ergonomic}
     uint ConcGCThreads                            = 2                                         {product} {ergonomic}
     uint G1ConcRefinementThreads                  = 8                                         {product} {ergonomic}
   size_t G1HeapRegionSize                         = 1048576                                   {product} {ergonomic}
    uintx GCDrainStackTargetSize                   = 64                                        {product} {ergonomic}
   size_t InitialHeapSize                          = 130023424                                 {product} {ergonomic}
   size_t MarkStackSize                            = 4194304                                   {product} {ergonomic}
   size_t MaxHeapSize                              = 2055208960                                {product} {ergonomic}
   size_t MaxNewSize                               = 1233125376                                {product} {ergonomic}
   size_t MinHeapDeltaBytes                        = 1048576                                   {product} {ergonomic}
   size_t MinHeapSize                              = 8388608                                   {product} {ergonomic}
    uintx NonNMethodCodeHeapSize                   = 5839372                                {pd product} {ergonomic}
    uintx NonProfiledCodeHeapSize                  = 122909434                              {pd product} {ergonomic}
    uintx ProfiledCodeHeapSize                     = 122909434                              {pd product} {ergonomic}
    uintx ReservedCodeCacheSize                    = 251658240                              {pd product} {ergonomic}
     bool SegmentedCodeCache                       = true                                      {product} {ergonomic}
   size_t SoftMaxHeapSize                          = 2055208960                             {manageable} {ergonomic}
     bool UseCompressedOops                        = true                           {product lp64_product} {ergonomic}
     bool UseG1GC                                  = true                                      {product} {ergonomic}
     bool UseLargePagesIndividualAllocation        = false                                  {pd product} {ergonomic}

Logging:
Log output configuration:
 #0: stdout all=off uptime,level,tags foldmultilines=false
 #1: stderr all=off uptime,level,tags foldmultilines=false

Environment Variables:
JAVA_HOME=C:\Program Files\Java\jdk-21
PATH=C:\Program Files\Common Files\Oracle\Java\javapath;C:\Program Files (x86)\Common Files\Oracle\Java\javapath;C:\ProgramData\Oracle\Java\javapath;C:\WINDOWS\system32;C:\WINDOWS;C:\WINDOWS\System32\Wbem;C:\WINDOWS\System32\WindowsPowerShell\v1.0\;C:\WINDOWS\System32\OpenSSH\;C:\msys64\mingw64\bin;C:\Program Files\Python;C:\Program Files\Java\jdk-21\bin;C:\Python;C:\Python\Scripts;C:\Program Files\dotnet\;C:\Program Files\Git\cmd;C:\Users\User\AppData\Local\Microsoft\WindowsApps;C:\Users\User\AppData\Local\Programs\Microsoft VS Code\bin;C:\SRC\sqlite-tools-win32-x86-3400100;C:\Program Files\JetBrains\PyCharm Community Edition 2023.2.3\bin;;C:\Python\;C:\Python\Scripts;C:\Users\User\.dotnet\tools
USERNAME=User
OS=Windows_NT
PROCESSOR_IDENTIFIER=Intel64 Family 6 Model 140 Stepping 1, GenuineIntel
TMP=C:\Users\User\AppData\Local\Temp
TEMP=C:\Users\User\AppData\Local\Temp




Periodic native trim disabled

---------------  S Y S T E M  ---------------

OS:
 Windows 11 , 64 bit Build 22621 (10.0.22621.3958)
OS uptime: 0 days 0:03 hours
Hyper-V role detected

CPU: total 8 (initial active 8) (4 cores per cpu, 2 threads per core) family 6 model 140 stepping 1 microcode 0xb4, cx8, cmov, fxsr, ht, mmx, 3dnowpref, sse, sse2, sse3, ssse3, sse4.1, sse4.2, popcnt, lzcnt, tsc, tscinvbit, avx, avx2, aes, erms, clmul, bmi1, bmi2, adx, avx512f, avx512dq, avx512cd, avx512bw, avx512vl, sha, fma, vzeroupper, avx512_vpopcntdq, avx512_vpclmulqdq, avx512_vaes, avx512_vnni, clflush, clflushopt, clwb, avx512_vbmi2, avx512_vbmi, hv, rdtscp, rdpid, fsrm, gfni, avx512_bitalg, f16c, cet_ibt, cet_ss, avx512_ifma
Processor Information for processor 0
  Max Mhz: 2401, Current Mhz: 1100, Mhz Limit: 2376
Processor Information for processor 1
  Max Mhz: 2401, Current Mhz: 1500, Mhz Limit: 2376
Processor Information for processor 2
  Max Mhz: 2401, Current Mhz: 1100, Mhz Limit: 2376
Processor Information for processor 3
  Max Mhz: 2401, Current Mhz: 2400, Mhz Limit: 2376
Processor Information for processor 4
  Max Mhz: 2401, Current Mhz: 400, Mhz Limit: 2376
Processor Information for processor 5
  Max Mhz: 2401, Current Mhz: 400, Mhz Limit: 2376
Processor Information for processor 6
  Max Mhz: 2401, Current Mhz: 400, Mhz Limit: 2376
Processor Information for processor 7
  Max Mhz: 2401, Current Mhz: 400, Mhz Limit: 2376

Memory: 4k page, system-wide physical 7834M (1986M free)
TotalPageFile size 9709M (AvailPageFile size 3444M)
current process WorkingSet (physical memory assigned to process): 339M, peak: 370M
current process commit charge ("private bytes"): 373M, peak: 411M

vm_info: Java HotSpot(TM) 64-Bit Server VM (21.0.2+13-LTS-58) for windows-amd64 JRE (21.0.2+13-LTS-58), built on 2024-01-05T18:32:24Z by "mach5one" with MS VC++ 17.1 (VS2022)

END.
