#
# A fatal error has been detected by the Java Runtime Environment:
#
#  EXCEPTION_ACCESS_VIOLATION (0xc0000005) at pc=0x00007ff8e83c66f0, pid=8816, tid=5100
#
# JRE version: Java(TM) SE Runtime Environment (21.0.2+13) (build 21.0.2+13-LTS-58)
# Java VM: Java HotSpot(TM) 64-Bit Server VM (21.0.2+13-LTS-58, mixed mode, sharing, tiered, compressed oops, compressed class ptrs, g1 gc, windows-amd64)
# Problematic frame:
# C  [glass.dll+0x266f0]
#
# No core dump will be written. Minidumps are not enabled by default on client versions of Windows
#
# If you would like to submit a bug report, please visit:
#   https://bugreport.java.com/bugreport/crash.jsp
#

---------------  S U M M A R Y ------------

Command Line: --module-path=C:\Users\User\Documents\NetBeansProjects\Inventario\Inventario\target\classes;C:\Users\User\.m2\repository\at\favre\lib\bcrypt\0.9.0\bcrypt-0.9.0.jar;C:\Users\User\.m2\repository\com\sun\mail\javax.mail\1.6.2\javax.mail-1.6.2.jar;C:\Users\User\.m2\repository\net\sf\jasperreports\jasperreports\6.20.0\jasperreports-6.20.0.jar;C:\Users\User\.m2\repository\org\openjfx\javafx-base\13\javafx-base-13-win.jar;C:\Users\User\.m2\repository\org\openjfx\javafx-controls\13\javafx-controls-13-win.jar;C:\Users\User\.m2\repository\org\openjfx\javafx-fxml\13\javafx-fxml-13-win.jar;C:\Users\User\.m2\repository\org\openjfx\javafx-graphics\13\javafx-graphics-13-win.jar --add-modules=com.mycompany.inventario -Djdk.module.main=com.mycompany.inventario com.mycompany.inventario/com.mycompany.inventario.App

Host: 11th Gen Intel(R) Core(TM) i5-1135G7 @ 2.40GHz, 8 cores, 7G,  Windows 11 , 64 bit Build 22621 (10.0.22621.3958)
Time: Thu Sep 12 22:05:36 2024 Hora estándar de Paraguay elapsed time: 32.277704 seconds (0d 0h 0m 32s)

---------------  T H R E A D  ---------------

Current thread (0x0000023b7fa66910):  VMThread "VM Thread"          [id=5100, stack(0x0000008ca6900000,0x0000008ca6a00000) (1024K)]

Stack: [0x0000008ca6900000,0x0000008ca6a00000],  sp=0x0000008ca69ff0a0,  free space=1020k
Native frames: (J=compiled Java code, j=interpreted, Vv=VM code, C=native code)
C  [glass.dll+0x266f0]


siginfo: EXCEPTION_ACCESS_VIOLATION (0xc0000005), reading address 0x0000000000000000


Registers:
RAX=0x0000000000000000, RBX=0x0000023b7fa70982, RCX=0x0000023b7fa66910, RDX=0x0000008ca69ff0a0
RSP=0x0000008ca69ff0a0, RBP=0x0000023b5d9111a8, RSI=0x0000008ca69ff1b8, RDI=0x0000023b5d911180
R8 =0x0000000000010002, R9 =0x0000023b5d911180, R10=0x85f13e9656da4870, R11=0x0000008ca69ff040
R12=0x00007ff8e83c3b84, R13=0x00007ff8f3134720, R14=0x00004dded9a2db3a, R15=0x0000023b5d911180
RIP=0x00007ff8e83c66f0, EFLAGS=0x0000000000010202


Register to memory mapping:

RAX=0x0 is null
RBX=0x0000023b7fa70982 is a global jni handle
RCX=0x0000023b7fa66910 points into unknown readable memory: 0x00007ff8f2f46038 | 38 60 f4 f2 f8 7f 00 00
RDX=0x0000008ca69ff0a0 points into unknown readable memory: 0x0000000000000000 | 00 00 00 00 00 00 00 00
RSP=0x0000008ca69ff0a0 points into unknown readable memory: 0x0000000000000000 | 00 00 00 00 00 00 00 00
RBP=0x0000023b5d9111a8 points into unknown readable memory: 0x00004dded9a2db3a | 3a db a2 d9 de 4d 00 00
RSI=0x0000008ca69ff1b8 points into unknown readable memory: 0x0000008ca69ff1a0 | a0 f1 9f a6 8c 00 00 00
RDI=0x0000023b5d911180 points into unknown readable memory: 0xb0004c213a022be3 | e3 2b 02 3a 21 4c 00 b0
R8 =0x0000000000010002 is an unknown value
R9 =0x0000023b5d911180 points into unknown readable memory: 0xb0004c213a022be3 | e3 2b 02 3a 21 4c 00 b0
R10=0x85f13e9656da4870 is an unknown value
R11=0x0000008ca69ff040 points into unknown readable memory: 0x0000023b5d911180 | 80 11 91 5d 3b 02 00 00
R12=0x00007ff8e83c3b84 glass.dll
R13=0x00007ff8f3134720 jvm.dll
R14=0x00004dded9a2db3a is an unknown value
R15=0x0000023b5d911180 points into unknown readable memory: 0xb0004c213a022be3 | e3 2b 02 3a 21 4c 00 b0

Top of Stack: (sp=0x0000008ca69ff0a0)
0x0000008ca69ff0a0:   0000000000000000 00007ff94db3364b
0x0000008ca69ff0b0:   0000023b5d911190 0000008ca69ff1b8
0x0000008ca69ff0c0:   fffffffffffffffe 00007ff8e83c3b84
0x0000008ca69ff0d0:   0000023b5d911188 00007ff94db73a93
0x0000008ca69ff0e0:   0000023b5d911190 0000008c00000000
0x0000008ca69ff0f0:   0000023b5d9111a8 0000008ca69ff1b8
0x0000008ca69ff100:   fffffffffffffffe 0000000000000000
0x0000008ca69ff110:   0000000000000001 00007ff8e83a0000
0x0000008ca69ff120:   0000008ca69ff1a8 00007ff94db4042e
0x0000008ca69ff130:   0000000000000000 0000008ca69ff1b8
0x0000008ca69ff140:   0000008ca69ff490 0000000000000001
0x0000008ca69ff150:   0000000000000000 00007ff94db3dddd
0x0000008ca69ff160:   0000000000000000 00007ff8e83c3259
0x0000008ca69ff170:   0000000000000000 0000008ca69ff1a8
0x0000008ca69ff180:   fffffffffffffffe 00007ff94ff36b17
0x0000008ca69ff190:   0000023b5de6c188 00007ff8e83c3a12
0x0000008ca69ff1a0:   00007ff8e83dd118 00007ff900000002
0x0000008ca69ff1b0:   0000000000000002 0000008ca69ff1a0
0x0000008ca69ff1c0:   0000000000000000 00007ff8e83c3b38
0x0000008ca69ff1d0:   0000000000000001 0000000000000600
0x0000008ca69ff1e0:   0000000000000001 0000000000000000
0x0000008ca69ff1f0:   00007ff94f300000 00007ff94f302061
0x0000008ca69ff200:   0000000000000001 00007ff94c950000
0x0000008ca69ff210:   00007ff8e83a0000 000000007ffe0384
0x0000008ca69ff220:   0000000000000000 00007ff94ff38b7f
0x0000008ca69ff230:   00007ff8e83a0000 0000000000000000
0x0000008ca69ff240:   0000000000000001 000000007ffe0385
0x0000008ca69ff250:   0000000000000000 00007ff94ff617c9
0x0000008ca69ff260:   00005c7cd7ee9a00 0000000000000014
0x0000008ca69ff270:   00007ff8e83c3b84 0000000000000000
0x0000008ca69ff280:   0000000000000000 0000008ca5d8c000
0x0000008ca69ff290:   0000023b5d6185d0 00007ff94ff61586 

Instructions: (pc=0x00007ff8e83c66f0)
0x00007ff8e83c65f0:   8b 4d 60 e8 98 c9 ff ff 48 8b 55 68 48 8b 8d 08
0x00007ff8e83c6600:   01 00 00 e8 49 be ff ff 33 d2 33 c9 e8 49 de ff
0x00007ff8e83c6610:   ff 90 cc cc cc cc cc cc cc cc cc cc cc cc cc cc
0x00007ff8e83c6620:   48 8d 8a 80 00 00 00 e9 14 e9 fe ff 48 89 54 24
0x00007ff8e83c6630:   10 55 48 83 ec 20 48 8b ea 48 8d 05 dd ca ff ff
0x00007ff8e83c6640:   48 83 c4 20 5d c3 cc 40 55 48 8b ea 48 8b 01 33
0x00007ff8e83c6650:   c9 81 38 05 00 00 c0 0f 94 c1 8b c1 5d c3 cc 40
0x00007ff8e83c6660:   55 48 83 ec 20 48 8b ea 8a 4d 40 48 83 c4 20 5d
0x00007ff8e83c6670:   e9 df cd ff ff cc 40 55 48 83 ec 20 48 8b ea e8
0x00007ff8e83c6680:   fc cb ff ff 8a 4d 38 48 83 c4 20 5d e9 c3 cd ff
0x00007ff8e83c6690:   ff cc 40 55 48 83 ec 30 48 8b ea 48 8b 01 8b 10
0x00007ff8e83c66a0:   48 89 4c 24 28 89 54 24 20 4c 8d 0d a4 d1 ff ff
0x00007ff8e83c66b0:   4c 8b 45 70 8b 55 68 48 8b 4d 60 e8 30 cb ff ff
0x00007ff8e83c66c0:   90 48 83 c4 30 5d c3 cc cc cc cc cc cc cc cc cc
0x00007ff8e83c66d0:   40 53 48 83 ec 30 48 c7 44 24 20 fe ff ff ff 48
0x00007ff8e83c66e0:   8b 1d 2a 64 01 00 48 85 db 74 16 e8 90 85 ff ff
0x00007ff8e83c66f0:   4c 8b 00 48 8b d3 48 8b c8 41 ff 90 b0 00 00 00
0x00007ff8e83c6700:   90 48 83 c4 30 5b c3 cc cc cc cc cc cc cc cc cc
0x00007ff8e83c6710:   40 53 48 83 ec 20 48 8b 1d 9b 65 01 00 48 85 db
0x00007ff8e83c6720:   74 57 b8 ff ff ff ff f0 0f c1 43 10 83 f8 01 75
0x00007ff8e83c6730:   3d 48 85 db 74 38 48 8b 0b 48 85 c9 74 0d ff 15
0x00007ff8e83c6740:   64 0b 00 00 48 c7 03 00 00 00 00 48 8b 4b 08 48
0x00007ff8e83c6750:   85 c9 74 0d e8 37 c8 ff ff 48 c7 43 08 00 00 00
0x00007ff8e83c6760:   00 ba 18 00 00 00 48 8b cb e8 22 c8 ff ff 48 c7
0x00007ff8e83c6770:   05 3f 65 01 00 00 00 00 00 48 83 c4 20 5b c3 cc
0x00007ff8e83c6780:   40 53 48 83 ec 20 48 8b 1d 0b 65 01 00 48 85 db
0x00007ff8e83c6790:   74 57 b8 ff ff ff ff f0 0f c1 43 10 83 f8 01 75
0x00007ff8e83c67a0:   3d 48 85 db 74 38 48 8b 0b 48 85 c9 74 0d ff 15
0x00007ff8e83c67b0:   f4 0a 00 00 48 c7 03 00 00 00 00 48 8b 4b 08 48
0x00007ff8e83c67c0:   85 c9 74 0d e8 c7 c7 ff ff 48 c7 43 08 00 00 00
0x00007ff8e83c67d0:   00 ba 18 00 00 00 48 8b cb e8 b2 c7 ff ff 48 c7
0x00007ff8e83c67e0:   05 af 64 01 00 00 00 00 00 48 83 c4 20 5b c3 cc 


Stack slot to memory mapping:

stack at sp + 0 slots: 0x0 is null
stack at sp + 1 slots: 0x00007ff94db3364b ucrtbase.dll
stack at sp + 2 slots: 0x0000023b5d911190 points into unknown readable memory: 0x00004dded9a2db3a | 3a db a2 d9 de 4d 00 00
stack at sp + 3 slots: 0x0000008ca69ff1b8 points into unknown readable memory: 0x0000008ca69ff1a0 | a0 f1 9f a6 8c 00 00 00
stack at sp + 4 slots: 0xfffffffffffffffe is an unknown value
stack at sp + 5 slots: 0x00007ff8e83c3b84 glass.dll
stack at sp + 6 slots: 0x0000023b5d911188 points into unknown readable memory: 0x00004dded9a2db3a | 3a db a2 d9 de 4d 00 00
stack at sp + 7 slots: 0x00007ff94db73a93 ucrtbase.dll

VM_Operation (0x0000008ca78fa950): Exit, mode: safepoint, requested by thread 0x0000023b5d61d110


---------------  P R O C E S S  ---------------

Threads class SMR info:
_java_thread_list=0x0000023b6451fa40, length=19, elements={
0x0000023b78350c70, 0x0000023b7fa87f60, 0x0000023b7fa88d70, 0x0000023b7fa8ba40,
0x0000023b7fa8c7f0, 0x0000023b7fa8f350, 0x0000023b7fa93770, 0x0000023b7fa97a00,
0x0000023b7fa9ac20, 0x0000023b7fa4d5b0, 0x0000023b176f75a0, 0x0000023b5d695f10,
0x0000023b5d61bb60, 0x0000023b5d61d110, 0x0000023b5db267b0, 0x0000023b5dbcc7e0,
0x0000023b5dc8be00, 0x0000023b5dfe5140, 0x0000023b640a7b90
}

Java Threads: ( => current thread )
  0x0000023b78350c70 JavaThread "main"                              [_thread_blocked, id=13848, stack(0x0000008ca6200000,0x0000008ca6300000) (1024K)]
  0x0000023b7fa87f60 JavaThread "Reference Handler"          daemon [_thread_blocked, id=15752, stack(0x0000008ca6a00000,0x0000008ca6b00000) (1024K)]
  0x0000023b7fa88d70 JavaThread "Finalizer"                  daemon [_thread_blocked, id=17392, stack(0x0000008ca6b00000,0x0000008ca6c00000) (1024K)]
  0x0000023b7fa8ba40 JavaThread "Signal Dispatcher"          daemon [_thread_blocked, id=17820, stack(0x0000008ca6c00000,0x0000008ca6d00000) (1024K)]
  0x0000023b7fa8c7f0 JavaThread "Attach Listener"            daemon [_thread_blocked, id=15232, stack(0x0000008ca6d00000,0x0000008ca6e00000) (1024K)]
  0x0000023b7fa8f350 JavaThread "Service Thread"             daemon [_thread_blocked, id=16908, stack(0x0000008ca6e00000,0x0000008ca6f00000) (1024K)]
  0x0000023b7fa93770 JavaThread "Monitor Deflation Thread"   daemon [_thread_blocked, id=7556, stack(0x0000008ca6f00000,0x0000008ca7000000) (1024K)]
  0x0000023b7fa97a00 JavaThread "C2 CompilerThread0"         daemon [_thread_blocked, id=5424, stack(0x0000008ca7000000,0x0000008ca7100000) (1024K)]
  0x0000023b7fa9ac20 JavaThread "C1 CompilerThread0"         daemon [_thread_blocked, id=1192, stack(0x0000008ca7100000,0x0000008ca7200000) (1024K)]
  0x0000023b7fa4d5b0 JavaThread "Common-Cleaner"             daemon [_thread_blocked, id=17888, stack(0x0000008ca7200000,0x0000008ca7300000) (1024K)]
  0x0000023b176f75a0 JavaThread "Notification Thread"        daemon [_thread_blocked, id=16380, stack(0x0000008ca7500000,0x0000008ca7600000) (1024K)]
  0x0000023b5d695f10 JavaThread "QuantumRenderer-0"          daemon [_thread_blocked, id=17296, stack(0x0000008ca7600000,0x0000008ca7700000) (1024K)]
  0x0000023b5d61bb60 JavaThread "InvokeLaterDispatcher"      daemon [_thread_blocked, id=18252, stack(0x0000008ca7700000,0x0000008ca7800000) (1024K)]
  0x0000023b5d61d110 JavaThread "JavaFX Application Thread"         [_thread_blocked, id=16064, stack(0x0000008ca7800000,0x0000008ca7900000) (1024K)]
  0x0000023b5db267b0 JavaThread "Thread-1"                   daemon [_thread_in_native, id=5588, stack(0x0000008ca8100000,0x0000008ca8200000) (1024K)]
  0x0000023b5dbcc7e0 JavaThread "JavaFX-Launcher"                   [_thread_blocked, id=12544, stack(0x0000008ca8200000,0x0000008ca8300000) (1024K)]
  0x0000023b5dc8be00 JavaThread "mysql-cj-abandoned-connection-cleanup" daemon [_thread_blocked, id=1288, stack(0x0000008ca8300000,0x0000008ca8400000) (1024K)]
  0x0000023b5dfe5140 JavaThread "Prism Font Disposer"        daemon [_thread_blocked, id=16096, stack(0x0000008ca8900000,0x0000008ca8a00000) (1024K)]
  0x0000023b640a7b90 JavaThread "Cleaner-0"                  daemon [_thread_blocked, id=7516, stack(0x0000008ca8e00000,0x0000008ca8f00000) (1024K)]
Total: 19

Other Threads:
=>0x0000023b7fa66910 VMThread "VM Thread"                           [id=5100, stack(0x0000008ca6900000,0x0000008ca6a00000) (1024K)]
  0x0000023b7a630a00 WorkerThread "GC Thread#0"                     [id=10236, stack(0x0000008ca6300000,0x0000008ca6400000) (1024K)]
  0x0000023b5db3cfa0 WorkerThread "GC Thread#1"                     [id=12400, stack(0x0000008ca7c00000,0x0000008ca7d00000) (1024K)]
  0x0000023b5db22b40 WorkerThread "GC Thread#2"                     [id=4032, stack(0x0000008ca7d00000,0x0000008ca7e00000) (1024K)]
  0x0000023b5db20ce0 WorkerThread "GC Thread#3"                     [id=18184, stack(0x0000008ca7e00000,0x0000008ca7f00000) (1024K)]
  0x0000023b5db21080 WorkerThread "GC Thread#4"                     [id=14500, stack(0x0000008ca7f00000,0x0000008ca8000000) (1024K)]
  0x0000023b5db47e90 WorkerThread "GC Thread#5"                     [id=10848, stack(0x0000008ca8000000,0x0000008ca8100000) (1024K)]
  0x0000023b5e204030 WorkerThread "GC Thread#6"                     [id=18172, stack(0x0000008ca8400000,0x0000008ca8500000) (1024K)]
  0x0000023b5e260cf0 WorkerThread "GC Thread#7"                     [id=15052, stack(0x0000008ca8500000,0x0000008ca8600000) (1024K)]
  0x0000023b7a640ee0 ConcurrentGCThread "G1 Main Marker"            terminated
  0x0000023b7a641b90 WorkerThread "G1 Conc#0"                       [id=17480, stack(0x0000008ca6500000,0x0000008ca6600000) (1024K)]
  0x0000023b5e76e2d0 WorkerThread "G1 Conc#1"                       [id=9680, stack(0x0000008ca7300000,0x0000008ca7400000) (1024K)]
  0x0000023b7f91c9b0 ConcurrentGCThread "G1 Refine#0"               terminated
  0x0000023b7f91d430 ConcurrentGCThread "G1 Service"                terminated
Total: 14

Threads with active compile tasks:
Total: 0

VM state: at safepoint (shutting down)

VM Mutex/Monitor currently owned by a thread:  ([mutex/lock_event])
[0x00007ff8f310cd68] Threads_lock - owner thread: 0x0000023b7fa66910
[0x00007ff8f310ce68] Heap_lock - owner thread: 0x0000023b5d61d110

Heap address: 0x0000000085800000, size: 1960 MB, Compressed Oops mode: 32-bit

CDS archive(s) mapped at: [0x0000023b18000000-0x0000023b18c90000-0x0000023b18c90000), size 13172736, SharedBaseAddress: 0x0000023b18000000, ArchiveRelocationMode: 1.
Compressed class space mapped at: 0x0000023b19000000-0x0000023b59000000, reserved size: 1073741824
Narrow klass base: 0x0000023b18000000, Narrow klass shift: 0, Narrow klass range: 0x100000000

GC Precious Log:
 CardTable entry size: 512
 Card Set container configuration: InlinePtr #cards 5 size 8 Array Of Cards #cards 12 size 40 Howl #buckets 4 coarsen threshold 1843 Howl Bitmap #cards 512 size 80 coarsen threshold 460 Card regions per heap region 1 cards per card region 2048
 CPUs: 8 total, 8 available
 Memory: 7834M
 Large Page Support: Disabled
 NUMA Support: Disabled
 Compressed Oops: Enabled (32-bit)
 Heap Region Size: 1M
 Heap Min Capacity: 8M
 Heap Initial Capacity: 124M
 Heap Max Capacity: 1960M
 Pre-touch: Disabled
 Parallel Workers: 8
 Concurrent Workers: 2
 Concurrent Refinement Workers: 8
 Periodic GC: Disabled

Heap:
 garbage-first heap   total 128000K, used 54869K [0x0000000085800000, 0x0000000100000000)
  region size 1024K, 12 young (12288K), 8 survivors (8192K)
 Metaspace       used 25510K, committed 25920K, reserved 1114112K
  class space    used 3458K, committed 3648K, reserved 1048576K

Heap Regions: E=young(eden), S=young(survivor), O=old, HS=humongous(starts), HC=humongous(continues), CS=collection set, F=free, TAMS=top-at-mark-start, PB=parsable bottom
|   0|0x0000000085800000, 0x0000000085900000, 0x0000000085900000|100%|HS|  |TAMS 0x0000000085800000| PB 0x0000000085800000| Complete 
|   1|0x0000000085900000, 0x0000000085a00000, 0x0000000085a00000|100%|HS|  |TAMS 0x0000000085900000| PB 0x0000000085900000| Complete 
|   2|0x0000000085a00000, 0x0000000085b00000, 0x0000000085b00000|100%| O|  |TAMS 0x0000000085a00000| PB 0x0000000085a00000| Untracked 
|   3|0x0000000085b00000, 0x0000000085c00000, 0x0000000085c00000|100%| O|  |TAMS 0x0000000085b00000| PB 0x0000000085b00000| Untracked 
|   4|0x0000000085c00000, 0x0000000085d00000, 0x0000000085d00000|100%| O|  |TAMS 0x0000000085c00000| PB 0x0000000085c00000| Untracked 
|   5|0x0000000085d00000, 0x0000000085e00000, 0x0000000085e00000|100%| O|Cm|TAMS 0x0000000085d00000| PB 0x0000000085d00000| Complete 
|   6|0x0000000085e00000, 0x0000000085f00000, 0x0000000085f00000|100%|HS|  |TAMS 0x0000000085e00000| PB 0x0000000085e00000| Complete 
|   7|0x0000000085f00000, 0x0000000086000000, 0x0000000086000000|100%|HC|  |TAMS 0x0000000085f00000| PB 0x0000000085f00000| Complete 
|   8|0x0000000086000000, 0x0000000086100000, 0x0000000086100000|100%|HC|  |TAMS 0x0000000086000000| PB 0x0000000086000000| Complete 
|   9|0x0000000086100000, 0x0000000086200000, 0x0000000086200000|100%|HC|  |TAMS 0x0000000086100000| PB 0x0000000086100000| Complete 
|  10|0x0000000086200000, 0x0000000086300000, 0x0000000086300000|100%|HS|  |TAMS 0x0000000086200000| PB 0x0000000086200000| Complete 
|  11|0x0000000086300000, 0x0000000086400000, 0x0000000086400000|100%|HC|  |TAMS 0x0000000086300000| PB 0x0000000086300000| Complete 
|  12|0x0000000086400000, 0x0000000086500000, 0x0000000086500000|100%|HC|  |TAMS 0x0000000086400000| PB 0x0000000086400000| Complete 
|  13|0x0000000086500000, 0x0000000086600000, 0x0000000086600000|100%|HS|  |TAMS 0x0000000086500000| PB 0x0000000086500000| Complete 
|  14|0x0000000086600000, 0x0000000086700000, 0x0000000086700000|100%|HC|  |TAMS 0x0000000086600000| PB 0x0000000086600000| Complete 
|  15|0x0000000086700000, 0x0000000086800000, 0x0000000086800000|100%|HC|  |TAMS 0x0000000086700000| PB 0x0000000086700000| Complete 
|  16|0x0000000086800000, 0x0000000086900000, 0x0000000086900000|100%|HS|  |TAMS 0x0000000086800000| PB 0x0000000086800000| Complete 
|  17|0x0000000086900000, 0x0000000086a00000, 0x0000000086a00000|100%|HC|  |TAMS 0x0000000086900000| PB 0x0000000086900000| Complete 
|  18|0x0000000086a00000, 0x0000000086b00000, 0x0000000086b00000|100%|HC|  |TAMS 0x0000000086a00000| PB 0x0000000086a00000| Complete 
|  19|0x0000000086b00000, 0x0000000086c00000, 0x0000000086c00000|100%|HS|  |TAMS 0x0000000086b00000| PB 0x0000000086b00000| Complete 
|  20|0x0000000086c00000, 0x0000000086d00000, 0x0000000086d00000|100%|HC|  |TAMS 0x0000000086c00000| PB 0x0000000086c00000| Complete 
|  21|0x0000000086d00000, 0x0000000086e00000, 0x0000000086e00000|100%|HC|  |TAMS 0x0000000086d00000| PB 0x0000000086d00000| Complete 
|  22|0x0000000086e00000, 0x0000000086e00000, 0x0000000086f00000|  0%| F|  |TAMS 0x0000000086e00000| PB 0x0000000086e00000| Untracked 
|  23|0x0000000086f00000, 0x0000000086f00000, 0x0000000087000000|  0%| F|  |TAMS 0x0000000086f00000| PB 0x0000000086f00000| Untracked 
|  24|0x0000000087000000, 0x0000000087000000, 0x0000000087100000|  0%| F|  |TAMS 0x0000000087000000| PB 0x0000000087000000| Untracked 
|  25|0x0000000087100000, 0x0000000087200000, 0x0000000087200000|100%|HS|  |TAMS 0x0000000087100000| PB 0x0000000087100000| Complete 
|  26|0x0000000087200000, 0x0000000087300000, 0x0000000087300000|100%|HC|  |TAMS 0x0000000087200000| PB 0x0000000087200000| Complete 
|  27|0x0000000087300000, 0x0000000087300000, 0x0000000087400000|  0%| F|  |TAMS 0x0000000087300000| PB 0x0000000087300000| Untracked 
|  28|0x0000000087400000, 0x0000000087400000, 0x0000000087500000|  0%| F|  |TAMS 0x0000000087400000| PB 0x0000000087400000| Untracked 
|  29|0x0000000087500000, 0x0000000087500000, 0x0000000087600000|  0%| F|  |TAMS 0x0000000087500000| PB 0x0000000087500000| Untracked 
|  30|0x0000000087600000, 0x0000000087600000, 0x0000000087700000|  0%| F|  |TAMS 0x0000000087600000| PB 0x0000000087600000| Untracked 
|  31|0x0000000087700000, 0x0000000087700000, 0x0000000087800000|  0%| F|  |TAMS 0x0000000087700000| PB 0x0000000087700000| Untracked 
|  32|0x0000000087800000, 0x0000000087800000, 0x0000000087900000|  0%| F|  |TAMS 0x0000000087800000| PB 0x0000000087800000| Untracked 
|  33|0x0000000087900000, 0x0000000087a00000, 0x0000000087a00000|100%|HS|  |TAMS 0x0000000087900000| PB 0x0000000087900000| Complete 
|  34|0x0000000087a00000, 0x0000000087b00000, 0x0000000087b00000|100%|HS|  |TAMS 0x0000000087a00000| PB 0x0000000087a00000| Complete 
|  35|0x0000000087b00000, 0x0000000087c00000, 0x0000000087c00000|100%|HC|  |TAMS 0x0000000087b00000| PB 0x0000000087b00000| Complete 
|  36|0x0000000087c00000, 0x0000000087d00000, 0x0000000087d00000|100%|HC|  |TAMS 0x0000000087c00000| PB 0x0000000087c00000| Complete 
|  37|0x0000000087d00000, 0x0000000087d00000, 0x0000000087e00000|  0%| F|  |TAMS 0x0000000087d00000| PB 0x0000000087d00000| Untracked 
|  38|0x0000000087e00000, 0x0000000087e00000, 0x0000000087f00000|  0%| F|  |TAMS 0x0000000087e00000| PB 0x0000000087e00000| Untracked 
|  39|0x0000000087f00000, 0x0000000087f00000, 0x0000000088000000|  0%| F|  |TAMS 0x0000000087f00000| PB 0x0000000087f00000| Untracked 
|  40|0x0000000088000000, 0x0000000088000000, 0x0000000088100000|  0%| F|  |TAMS 0x0000000088000000| PB 0x0000000088000000| Untracked 
|  41|0x0000000088100000, 0x0000000088100000, 0x0000000088200000|  0%| F|  |TAMS 0x0000000088100000| PB 0x0000000088100000| Untracked 
|  42|0x0000000088200000, 0x0000000088200000, 0x0000000088300000|  0%| F|  |TAMS 0x0000000088200000| PB 0x0000000088200000| Untracked 
|  43|0x0000000088300000, 0x0000000088300000, 0x0000000088400000|  0%| F|  |TAMS 0x0000000088300000| PB 0x0000000088300000| Untracked 
|  44|0x0000000088400000, 0x0000000088400000, 0x0000000088500000|  0%| F|  |TAMS 0x0000000088400000| PB 0x0000000088400000| Untracked 
|  45|0x0000000088500000, 0x0000000088500000, 0x0000000088600000|  0%| F|  |TAMS 0x0000000088500000| PB 0x0000000088500000| Untracked 
|  46|0x0000000088600000, 0x0000000088600000, 0x0000000088700000|  0%| F|  |TAMS 0x0000000088600000| PB 0x0000000088600000| Untracked 
|  47|0x0000000088700000, 0x0000000088700000, 0x0000000088800000|  0%| F|  |TAMS 0x0000000088700000| PB 0x0000000088700000| Untracked 
|  48|0x0000000088800000, 0x0000000088800000, 0x0000000088900000|  0%| F|  |TAMS 0x0000000088800000| PB 0x0000000088800000| Untracked 
|  49|0x0000000088900000, 0x0000000088900000, 0x0000000088a00000|  0%| F|  |TAMS 0x0000000088900000| PB 0x0000000088900000| Untracked 
|  50|0x0000000088a00000, 0x0000000088a00000, 0x0000000088b00000|  0%| F|  |TAMS 0x0000000088a00000| PB 0x0000000088a00000| Untracked 
|  51|0x0000000088b00000, 0x0000000088b00000, 0x0000000088c00000|  0%| F|  |TAMS 0x0000000088b00000| PB 0x0000000088b00000| Untracked 
|  52|0x0000000088c00000, 0x0000000088d00000, 0x0000000088d00000|100%|HS|  |TAMS 0x0000000088c00000| PB 0x0000000088c00000| Complete 
|  53|0x0000000088d00000, 0x0000000088e00000, 0x0000000088e00000|100%|HC|  |TAMS 0x0000000088d00000| PB 0x0000000088d00000| Complete 
|  54|0x0000000088e00000, 0x0000000088f00000, 0x0000000088f00000|100%|HC|  |TAMS 0x0000000088e00000| PB 0x0000000088e00000| Complete 
|  55|0x0000000088f00000, 0x0000000088f00000, 0x0000000089000000|  0%| F|  |TAMS 0x0000000088f00000| PB 0x0000000088f00000| Untracked 
|  56|0x0000000089000000, 0x0000000089000000, 0x0000000089100000|  0%| F|  |TAMS 0x0000000089000000| PB 0x0000000089000000| Untracked 
|  57|0x0000000089100000, 0x0000000089100000, 0x0000000089200000|  0%| F|  |TAMS 0x0000000089100000| PB 0x0000000089100000| Untracked 
|  58|0x0000000089200000, 0x0000000089200000, 0x0000000089300000|  0%| F|  |TAMS 0x0000000089200000| PB 0x0000000089200000| Untracked 
|  59|0x0000000089300000, 0x0000000089300000, 0x0000000089400000|  0%| F|  |TAMS 0x0000000089300000| PB 0x0000000089300000| Untracked 
|  60|0x0000000089400000, 0x0000000089400000, 0x0000000089500000|  0%| F|  |TAMS 0x0000000089400000| PB 0x0000000089400000| Untracked 
|  61|0x0000000089500000, 0x0000000089500000, 0x0000000089600000|  0%| F|  |TAMS 0x0000000089500000| PB 0x0000000089500000| Untracked 
|  62|0x0000000089600000, 0x0000000089600000, 0x0000000089700000|  0%| F|  |TAMS 0x0000000089600000| PB 0x0000000089600000| Untracked 
|  63|0x0000000089700000, 0x0000000089700000, 0x0000000089800000|  0%| F|  |TAMS 0x0000000089700000| PB 0x0000000089700000| Untracked 
|  64|0x0000000089800000, 0x0000000089800000, 0x0000000089900000|  0%| F|  |TAMS 0x0000000089800000| PB 0x0000000089800000| Untracked 
|  65|0x0000000089900000, 0x0000000089900000, 0x0000000089a00000|  0%| F|  |TAMS 0x0000000089900000| PB 0x0000000089900000| Untracked 
|  66|0x0000000089a00000, 0x0000000089a00000, 0x0000000089b00000|  0%| F|  |TAMS 0x0000000089a00000| PB 0x0000000089a00000| Untracked 
|  67|0x0000000089b00000, 0x0000000089b00000, 0x0000000089c00000|  0%| F|  |TAMS 0x0000000089b00000| PB 0x0000000089b00000| Untracked 
|  68|0x0000000089c00000, 0x0000000089c00000, 0x0000000089d00000|  0%| F|  |TAMS 0x0000000089c00000| PB 0x0000000089c00000| Untracked 
|  69|0x0000000089d00000, 0x0000000089d00000, 0x0000000089e00000|  0%| F|  |TAMS 0x0000000089d00000| PB 0x0000000089d00000| Untracked 
|  70|0x0000000089e00000, 0x0000000089e00000, 0x0000000089f00000|  0%| F|  |TAMS 0x0000000089e00000| PB 0x0000000089e00000| Untracked 
|  71|0x0000000089f00000, 0x0000000089f00000, 0x000000008a000000|  0%| F|  |TAMS 0x0000000089f00000| PB 0x0000000089f00000| Untracked 
|  72|0x000000008a000000, 0x000000008a000000, 0x000000008a100000|  0%| F|  |TAMS 0x000000008a000000| PB 0x000000008a000000| Untracked 
|  73|0x000000008a100000, 0x000000008a100000, 0x000000008a200000|  0%| F|  |TAMS 0x000000008a100000| PB 0x000000008a100000| Untracked 
|  74|0x000000008a200000, 0x000000008a200000, 0x000000008a300000|  0%| F|  |TAMS 0x000000008a200000| PB 0x000000008a200000| Untracked 
|  75|0x000000008a300000, 0x000000008a300000, 0x000000008a400000|  0%| F|  |TAMS 0x000000008a300000| PB 0x000000008a300000| Untracked 
|  76|0x000000008a400000, 0x000000008a400000, 0x000000008a500000|  0%| F|  |TAMS 0x000000008a400000| PB 0x000000008a400000| Untracked 
|  77|0x000000008a500000, 0x000000008a500000, 0x000000008a600000|  0%| F|  |TAMS 0x000000008a500000| PB 0x000000008a500000| Untracked 
|  78|0x000000008a600000, 0x000000008a600000, 0x000000008a700000|  0%| F|  |TAMS 0x000000008a600000| PB 0x000000008a600000| Untracked 
|  79|0x000000008a700000, 0x000000008a700000, 0x000000008a800000|  0%| F|  |TAMS 0x000000008a700000| PB 0x000000008a700000| Untracked 
|  80|0x000000008a800000, 0x000000008a800000, 0x000000008a900000|  0%| F|  |TAMS 0x000000008a800000| PB 0x000000008a800000| Untracked 
|  81|0x000000008a900000, 0x000000008a900000, 0x000000008aa00000|  0%| F|  |TAMS 0x000000008a900000| PB 0x000000008a900000| Untracked 
|  82|0x000000008aa00000, 0x000000008aa00000, 0x000000008ab00000|  0%| F|  |TAMS 0x000000008aa00000| PB 0x000000008aa00000| Untracked 
|  83|0x000000008ab00000, 0x000000008ab00000, 0x000000008ac00000|  0%| F|  |TAMS 0x000000008ab00000| PB 0x000000008ab00000| Untracked 
|  84|0x000000008ac00000, 0x000000008ac00000, 0x000000008ad00000|  0%| F|  |TAMS 0x000000008ac00000| PB 0x000000008ac00000| Untracked 
|  85|0x000000008ad00000, 0x000000008ad00000, 0x000000008ae00000|  0%| F|  |TAMS 0x000000008ad00000| PB 0x000000008ad00000| Untracked 
|  86|0x000000008ae00000, 0x000000008ae00000, 0x000000008af00000|  0%| F|  |TAMS 0x000000008ae00000| PB 0x000000008ae00000| Untracked 
|  87|0x000000008af00000, 0x000000008af00000, 0x000000008b000000|  0%| F|  |TAMS 0x000000008af00000| PB 0x000000008af00000| Untracked 
|  88|0x000000008b000000, 0x000000008b000000, 0x000000008b100000|  0%| F|  |TAMS 0x000000008b000000| PB 0x000000008b000000| Untracked 
|  89|0x000000008b100000, 0x000000008b100000, 0x000000008b200000|  0%| F|  |TAMS 0x000000008b100000| PB 0x000000008b100000| Untracked 
|  90|0x000000008b200000, 0x000000008b200000, 0x000000008b300000|  0%| F|  |TAMS 0x000000008b200000| PB 0x000000008b200000| Untracked 
|  91|0x000000008b300000, 0x000000008b300000, 0x000000008b400000|  0%| F|  |TAMS 0x000000008b300000| PB 0x000000008b300000| Untracked 
|  92|0x000000008b400000, 0x000000008b400000, 0x000000008b500000|  0%| F|  |TAMS 0x000000008b400000| PB 0x000000008b400000| Untracked 
|  93|0x000000008b500000, 0x000000008b500000, 0x000000008b600000|  0%| F|  |TAMS 0x000000008b500000| PB 0x000000008b500000| Untracked 
|  94|0x000000008b600000, 0x000000008b600000, 0x000000008b700000|  0%| F|  |TAMS 0x000000008b600000| PB 0x000000008b600000| Untracked 
|  95|0x000000008b700000, 0x000000008b700000, 0x000000008b800000|  0%| F|  |TAMS 0x000000008b700000| PB 0x000000008b700000| Untracked 
|  96|0x000000008b800000, 0x000000008b800000, 0x000000008b900000|  0%| F|  |TAMS 0x000000008b800000| PB 0x000000008b800000| Untracked 
|  97|0x000000008b900000, 0x000000008b900000, 0x000000008ba00000|  0%| F|  |TAMS 0x000000008b900000| PB 0x000000008b900000| Untracked 
|  98|0x000000008ba00000, 0x000000008ba00000, 0x000000008bb00000|  0%| F|  |TAMS 0x000000008ba00000| PB 0x000000008ba00000| Untracked 
|  99|0x000000008bb00000, 0x000000008bb00000, 0x000000008bc00000|  0%| F|  |TAMS 0x000000008bb00000| PB 0x000000008bb00000| Untracked 
| 100|0x000000008bc00000, 0x000000008bcc5460, 0x000000008bd00000| 77%| E|  |TAMS 0x000000008bc00000| PB 0x000000008bc00000| Complete 
| 101|0x000000008bd00000, 0x000000008be00000, 0x000000008be00000|100%| E|CS|TAMS 0x000000008bd00000| PB 0x000000008bd00000| Complete 
| 102|0x000000008be00000, 0x000000008bf00000, 0x000000008bf00000|100%| E|CS|TAMS 0x000000008be00000| PB 0x000000008be00000| Complete 
| 103|0x000000008bf00000, 0x000000008c000000, 0x000000008c000000|100%|HS|  |TAMS 0x000000008bf00000| PB 0x000000008bf00000| Complete 
| 104|0x000000008c000000, 0x000000008c100000, 0x000000008c100000|100%|HC|  |TAMS 0x000000008c000000| PB 0x000000008c000000| Complete 
| 105|0x000000008c100000, 0x000000008c200000, 0x000000008c200000|100%|HC|  |TAMS 0x000000008c100000| PB 0x000000008c100000| Complete 
| 106|0x000000008c200000, 0x000000008c300000, 0x000000008c300000|100%| S|CS|TAMS 0x000000008c200000| PB 0x000000008c200000| Complete 
| 107|0x000000008c300000, 0x000000008c400000, 0x000000008c400000|100%| S|CS|TAMS 0x000000008c300000| PB 0x000000008c300000| Complete 
| 108|0x000000008c400000, 0x000000008c500000, 0x000000008c500000|100%| S|CS|TAMS 0x000000008c400000| PB 0x000000008c400000| Complete 
| 109|0x000000008c500000, 0x000000008c600000, 0x000000008c600000|100%| S|CS|TAMS 0x000000008c500000| PB 0x000000008c500000| Complete 
| 110|0x000000008c600000, 0x000000008c700000, 0x000000008c700000|100%| S|CS|TAMS 0x000000008c600000| PB 0x000000008c600000| Complete 
| 111|0x000000008c700000, 0x000000008c800000, 0x000000008c800000|100%| S|CS|TAMS 0x000000008c700000| PB 0x000000008c700000| Complete 
| 112|0x000000008c800000, 0x000000008c900000, 0x000000008c900000|100%| S|CS|TAMS 0x000000008c800000| PB 0x000000008c800000| Complete 
| 113|0x000000008c900000, 0x000000008c925140, 0x000000008ca00000| 14%| S|CS|TAMS 0x000000008c900000| PB 0x000000008c900000| Complete 
| 123|0x000000008d300000, 0x000000008d400000, 0x000000008d400000|100%| E|CS|TAMS 0x000000008d300000| PB 0x000000008d300000| Complete 
|1950|0x00000000ff600000, 0x00000000ff670610, 0x00000000ff700000| 43%| O|  |TAMS 0x00000000ff600000| PB 0x00000000ff600000| Untracked 
|1951|0x00000000ff700000, 0x00000000ff800000, 0x00000000ff800000|100%| O|  |TAMS 0x00000000ff700000| PB 0x00000000ff700000| Untracked 
|1952|0x00000000ff800000, 0x00000000ff900000, 0x00000000ff900000|100%| O|  |TAMS 0x00000000ff800000| PB 0x00000000ff800000| Untracked 
|1953|0x00000000ff900000, 0x00000000ffa00000, 0x00000000ffa00000|100%| O|  |TAMS 0x00000000ff900000| PB 0x00000000ff900000| Untracked 
|1954|0x00000000ffa00000, 0x00000000ffb00000, 0x00000000ffb00000|100%| O|  |TAMS 0x00000000ffa00000| PB 0x00000000ffa00000| Untracked 
|1955|0x00000000ffb00000, 0x00000000ffc00000, 0x00000000ffc00000|100%| O|  |TAMS 0x00000000ffb00000| PB 0x00000000ffb00000| Untracked 
|1956|0x00000000ffc00000, 0x00000000ffd00000, 0x00000000ffd00000|100%| O|  |TAMS 0x00000000ffc00000| PB 0x00000000ffc00000| Untracked 
|1957|0x00000000ffd00000, 0x00000000ffe00000, 0x00000000ffe00000|100%| O|  |TAMS 0x00000000ffd00000| PB 0x00000000ffd00000| Untracked 
|1958|0x00000000ffe00000, 0x00000000fff00000, 0x00000000fff00000|100%| O|  |TAMS 0x00000000ffe00000| PB 0x00000000ffe00000| Untracked 
|1959|0x00000000fff00000, 0x0000000100000000, 0x0000000100000000|100%| O|  |TAMS 0x00000000fff00000| PB 0x00000000fff00000| Untracked 

Card table byte_map: [0x0000023b7adb0000,0x0000023b7b190000] _byte_map_base: 0x0000023b7a984000

Marking Bits: (CMBitMap*) 0x0000023b7a631100
 Bits: [0x0000023b7b190000, 0x0000023b7d030000)

Polling page: 0x0000023b79da0000

Metaspace:

Usage:
  Non-class:     21.54 MB used.
      Class:      3.38 MB used.
       Both:     24.91 MB used.

Virtual space:
  Non-class space:       64.00 MB reserved,      21.75 MB ( 34%) committed,  1 nodes.
      Class space:        1.00 GB reserved,       3.56 MB ( <1%) committed,  1 nodes.
             Both:        1.06 GB reserved,      25.31 MB (  2%) committed. 

Chunk freelists:
   Non-Class:  9.98 MB
       Class:  12.45 MB
        Both:  22.44 MB

MaxMetaspaceSize: unlimited
CompressedClassSpaceSize: 1.00 GB
Initial GC threshold: 21.00 MB
Current GC threshold: 35.12 MB
CDS: on
 - commit_granule_bytes: 65536.
 - commit_granule_words: 8192.
 - virtual_space_node_default_size: 8388608.
 - enlarge_chunks_in_place: 1.
 - use_allocation_guard: 0.


Internal statistics:

num_allocs_failed_limit: 3.
num_arena_births: 438.
num_arena_deaths: 0.
num_vsnodes_births: 2.
num_vsnodes_deaths: 0.
num_space_committed: 405.
num_space_uncommitted: 0.
num_chunks_returned_to_freelist: 3.
num_chunks_taken_from_freelist: 1283.
num_chunk_merges: 3.
num_chunk_splits: 894.
num_chunks_enlarged: 683.
num_inconsistent_stats: 0.

CodeHeap 'non-profiled nmethods': size=120000Kb used=2691Kb max_used=2691Kb free=117308Kb
 bounds [0x0000023b0fe70000, 0x0000023b10120000, 0x0000023b173a0000]
CodeHeap 'profiled nmethods': size=120000Kb used=10936Kb max_used=10936Kb free=109063Kb
 bounds [0x0000023b083a0000, 0x0000023b08e50000, 0x0000023b0f8d0000]
CodeHeap 'non-nmethods': size=5760Kb used=2157Kb max_used=2210Kb free=3602Kb
 bounds [0x0000023b0f8d0000, 0x0000023b0fb40000, 0x0000023b0fe70000]
 total_blobs=6219 nmethods=5325 adapters=798
 compilation: enabled
              stopped_count=0, restarted_count=0
 full_count=0

Compilation events (20 events):
Event: 27.884 Thread 0x0000023b7fa9ac20 5318  s    1       com.sun.javafx.tk.quantum.GlassScene::getDoPresent (5 bytes)
Event: 27.884 Thread 0x0000023b7fa9ac20 nmethod 5318 0x0000023b1010e910 code [0x0000023b1010eaa0, 0x0000023b1010ec28]
Event: 27.884 Thread 0x0000023b7fa9ac20 5319       1       com.sun.javafx.tk.quantum.PaintRenderJob::getScene (5 bytes)
Event: 27.884 Thread 0x0000023b7fa9ac20 nmethod 5319 0x0000023b1010ec90 code [0x0000023b1010ee20, 0x0000023b1010eee8]
Event: 29.370 Thread 0x0000023b7fa9ac20 5320       3       javafx.scene.Node::isFocused (19 bytes)
Event: 29.370 Thread 0x0000023b7fa9ac20 nmethod 5320 0x0000023b08e4bc90 code [0x0000023b08e4be40, 0x0000023b08e4c010]
Event: 29.450 Thread 0x0000023b7fa97a00 5321       4       javafx.scene.Parent::layout (160 bytes)
Event: 29.468 Thread 0x0000023b7fa97a00 nmethod 5321 0x0000023b1010ef90 code [0x0000023b1010f1c0, 0x0000023b1010f9a8]
Event: 29.705 Thread 0x0000023b7fa97a00 5322   !   4       com.sun.scenario.animation.shared.AnimationAccessor::getDefault (66 bytes)
Event: 29.706 Thread 0x0000023b7fa97a00 nmethod 5322 0x0000023b1010ff10 code [0x0000023b101100a0, 0x0000023b10110130]
Event: 31.369 Thread 0x0000023b7fa9ac20 5323       3       javafx.beans.binding.BooleanBinding::invalidate (24 bytes)
Event: 31.370 Thread 0x0000023b7fa9ac20 nmethod 5323 0x0000023b08e4c110 code [0x0000023b08e4c2e0, 0x0000023b08e4c660]
Event: 31.370 Thread 0x0000023b7fa97a00 5324       4       com.sun.prism.impl.ps.BaseShaderContext::isSuperShaderEnabled (48 bytes)
Event: 31.374 Thread 0x0000023b7fa97a00 nmethod 5324 0x0000023b10110210 code [0x0000023b101103a0, 0x0000023b101104e8]
Event: 31.386 Thread 0x0000023b7fa97a00 5325       4       javafx.scene.Scene$MouseHandler::updateCursorFrame (61 bytes)
Event: 31.392 Thread 0x0000023b7fa97a00 nmethod 5325 0x0000023b10110610 code [0x0000023b101107c0, 0x0000023b10110a08]
Event: 31.594 Thread 0x0000023b7fa9ac20 5326       3       javafx.scene.layout.CornerRadii::preComputeHash (420 bytes)
Event: 31.595 Thread 0x0000023b7fa9ac20 nmethod 5326 0x0000023b08e4c790 code [0x0000023b08e4caa0, 0x0000023b08e4e048]
Event: 31.716 Thread 0x0000023b7fa9ac20 5327       1       java.util.logging.LogManager$LoggerContext::getOwner (5 bytes)
Event: 31.717 Thread 0x0000023b7fa9ac20 nmethod 5327 0x0000023b10110b10 code [0x0000023b10110ca0, 0x0000023b10110d68]

GC Heap History (8 events):
Event: 0.485 GC heap before
{Heap before GC invocations=0 (full 0):
 garbage-first heap   total 126976K, used 22528K [0x0000000085800000, 0x0000000100000000)
  region size 1024K, 23 young (23552K), 0 survivors (0K)
 Metaspace       used 3772K, committed 3968K, reserved 1114112K
  class space    used 408K, committed 512K, reserved 1048576K
}
Event: 0.488 GC heap after
{Heap after GC invocations=1 (full 0):
 garbage-first heap   total 126976K, used 2959K [0x0000000085800000, 0x0000000100000000)
  region size 1024K, 3 young (3072K), 3 survivors (3072K)
 Metaspace       used 3772K, committed 3968K, reserved 1114112K
  class space    used 408K, committed 512K, reserved 1048576K
}
Event: 1.042 GC heap before
{Heap before GC invocations=1 (full 0):
 garbage-first heap   total 126976K, used 39823K [0x0000000085800000, 0x0000000100000000)
  region size 1024K, 38 young (38912K), 3 survivors (3072K)
 Metaspace       used 12766K, committed 13120K, reserved 1114112K
  class space    used 1544K, committed 1728K, reserved 1048576K
}
Event: 1.048 GC heap after
{Heap after GC invocations=2 (full 0):
 garbage-first heap   total 126976K, used 10240K [0x0000000085800000, 0x0000000100000000)
  region size 1024K, 5 young (5120K), 5 survivors (5120K)
 Metaspace       used 12766K, committed 13120K, reserved 1114112K
  class space    used 1544K, committed 1728K, reserved 1048576K
}
Event: 8.894 GC heap before
{Heap before GC invocations=2 (full 0):
 garbage-first heap   total 126976K, used 69632K [0x0000000085800000, 0x0000000100000000)
  region size 1024K, 44 young (45056K), 5 survivors (5120K)
 Metaspace       used 21137K, committed 21504K, reserved 1114112K
  class space    used 2861K, committed 3072K, reserved 1048576K
}
Event: 8.903 GC heap after
{Heap after GC invocations=3 (full 0):
 garbage-first heap   total 126976K, used 30028K [0x0000000085800000, 0x0000000100000000)
  region size 1024K, 10 young (10240K), 10 survivors (10240K)
 Metaspace       used 21137K, committed 21504K, reserved 1114112K
  class space    used 2861K, committed 3072K, reserved 1048576K
}
Event: 23.674 GC heap before
{Heap before GC invocations=4 (full 0):
 garbage-first heap   total 109568K, used 107852K [0x0000000085800000, 0x0000000100000000)
  region size 1024K, 46 young (47104K), 10 survivors (10240K)
 Metaspace       used 25452K, committed 25856K, reserved 1114112K
  class space    used 3454K, committed 3648K, reserved 1048576K
}
Event: 23.695 GC heap after
{Heap after GC invocations=5 (full 0):
 garbage-first heap   total 128000K, used 48725K [0x0000000085800000, 0x0000000100000000)
  region size 1024K, 8 young (8192K), 8 survivors (8192K)
 Metaspace       used 25452K, committed 25856K, reserved 1114112K
  class space    used 3454K, committed 3648K, reserved 1048576K
}

Dll operation events (20 events):
Event: 0.340 Loaded shared library C:\Users\User\.openjfx\cache\13\api-ms-win-crt-filesystem-l1-1-0.dll
Event: 0.342 Loaded shared library C:\Users\User\.openjfx\cache\13\api-ms-win-crt-heap-l1-1-0.dll
Event: 0.344 Loaded shared library C:\Users\User\.openjfx\cache\13\api-ms-win-crt-locale-l1-1-0.dll
Event: 0.347 Loaded shared library C:\Users\User\.openjfx\cache\13\api-ms-win-crt-math-l1-1-0.dll
Event: 0.350 Loaded shared library C:\Users\User\.openjfx\cache\13\api-ms-win-crt-multibyte-l1-1-0.dll
Event: 0.352 Loaded shared library C:\Users\User\.openjfx\cache\13\api-ms-win-crt-private-l1-1-0.dll
Event: 0.354 Loaded shared library C:\Users\User\.openjfx\cache\13\api-ms-win-crt-process-l1-1-0.dll
Event: 0.356 Loaded shared library C:\Users\User\.openjfx\cache\13\api-ms-win-crt-runtime-l1-1-0.dll
Event: 0.358 Loaded shared library C:\Users\User\.openjfx\cache\13\api-ms-win-crt-stdio-l1-1-0.dll
Event: 0.361 Loaded shared library C:\Users\User\.openjfx\cache\13\api-ms-win-crt-string-l1-1-0.dll
Event: 0.363 Loaded shared library C:\Users\User\.openjfx\cache\13\api-ms-win-crt-time-l1-1-0.dll
Event: 0.365 Loaded shared library C:\Users\User\.openjfx\cache\13\api-ms-win-crt-utility-l1-1-0.dll
Event: 0.377 Loaded shared library C:\Users\User\.openjfx\cache\13\ucrtbase.dll
Event: 0.380 Loaded shared library C:\Users\User\.openjfx\cache\13\vcruntime140.dll
Event: 0.387 Loaded shared library C:\Users\User\.openjfx\cache\13\msvcp140.dll
Event: 0.391 Loaded shared library C:\Users\User\.openjfx\cache\13\concrt140.dll
Event: 0.418 Loaded shared library C:\Users\User\.openjfx\cache\13\prism_d3d.dll
Event: 0.444 Loaded shared library C:\Users\User\.openjfx\cache\13\glass.dll
Event: 0.526 Loaded shared library C:\Program Files\Java\jdk-21\bin\jimage.dll
Event: 0.950 Loaded shared library C:\Users\User\.openjfx\cache\13\javafx_font.dll

Deoptimization events (20 events):
Event: 20.808 Thread 0x0000023b5d61d110 Uncommon trap: trap_request=0xffffffbe fr.pc=0x0000023b100c9df4 relative=0x00000000000058f4
Event: 20.808 Thread 0x0000023b5d61d110 Uncommon trap: reason=profile_predicate action=maybe_recompile pc=0x0000023b100c9df4 method=javafx.scene.CssStyleHelper.transitionToState(Ljavafx/scene/Node;)V @ 285 c2
Event: 20.808 Thread 0x0000023b5d61d110 DEOPT PACKING pc=0x0000023b100c9df4 sp=0x0000008ca78fc0b0
Event: 20.808 Thread 0x0000023b5d61d110 DEOPT UNPACKING pc=0x0000023b0f927da2 sp=0x0000008ca78fc028 mode 2
Event: 20.808 Thread 0x0000023b5d61d110 Uncommon trap: trap_request=0xffffffbe fr.pc=0x0000023b100c9df4 relative=0x00000000000058f4
Event: 20.808 Thread 0x0000023b5d61d110 Uncommon trap: reason=profile_predicate action=maybe_recompile pc=0x0000023b100c9df4 method=javafx.scene.CssStyleHelper.transitionToState(Ljavafx/scene/Node;)V @ 285 c2
Event: 20.808 Thread 0x0000023b5d61d110 DEOPT PACKING pc=0x0000023b100c9df4 sp=0x0000008ca78fc0b0
Event: 20.808 Thread 0x0000023b5d61d110 DEOPT UNPACKING pc=0x0000023b0f927da2 sp=0x0000008ca78fc028 mode 2
Event: 20.808 Thread 0x0000023b5d61d110 Uncommon trap: trap_request=0xffffffbe fr.pc=0x0000023b100c9df4 relative=0x00000000000058f4
Event: 20.808 Thread 0x0000023b5d61d110 Uncommon trap: reason=profile_predicate action=maybe_recompile pc=0x0000023b100c9df4 method=javafx.scene.CssStyleHelper.transitionToState(Ljavafx/scene/Node;)V @ 285 c2
Event: 20.808 Thread 0x0000023b5d61d110 DEOPT PACKING pc=0x0000023b100c9df4 sp=0x0000008ca78fc1a0
Event: 20.808 Thread 0x0000023b5d61d110 DEOPT UNPACKING pc=0x0000023b0f927da2 sp=0x0000008ca78fc118 mode 2
Event: 20.809 Thread 0x0000023b5d61d110 Uncommon trap: trap_request=0xffffffbe fr.pc=0x0000023b100c9df4 relative=0x00000000000058f4
Event: 20.809 Thread 0x0000023b5d61d110 Uncommon trap: reason=profile_predicate action=maybe_recompile pc=0x0000023b100c9df4 method=javafx.scene.CssStyleHelper.transitionToState(Ljavafx/scene/Node;)V @ 285 c2
Event: 20.809 Thread 0x0000023b5d61d110 DEOPT PACKING pc=0x0000023b100c9df4 sp=0x0000008ca78fc1a0
Event: 20.809 Thread 0x0000023b5d61d110 DEOPT UNPACKING pc=0x0000023b0f927da2 sp=0x0000008ca78fc118 mode 2
Event: 20.879 Thread 0x0000023b5d695f10 Uncommon trap: trap_request=0xffffff45 fr.pc=0x0000023b100d901c relative=0x0000000000000fdc
Event: 20.879 Thread 0x0000023b5d695f10 Uncommon trap: reason=unstable_if action=reinterpret pc=0x0000023b100d901c method=com.sun.prism.impl.ps.BaseShaderContext.validatePaintOp(Lcom/sun/prism/impl/ps/BaseShaderGraphics;Lcom/sun/javafx/geom/transform/BaseTransform;Lcom/sun/prism/impl/ps/BaseSha
Event: 20.879 Thread 0x0000023b5d695f10 DEOPT PACKING pc=0x0000023b100d901c sp=0x0000008ca76fde80
Event: 20.879 Thread 0x0000023b5d695f10 DEOPT UNPACKING pc=0x0000023b0f927da2 sp=0x0000008ca76fde38 mode 2

Classes loaded (20 events):
Event: 13.339 Loading class java/lang/reflect/WildcardType done
Event: 13.339 Loading class sun/reflect/generics/reflectiveObjects/WildcardTypeImpl done
Event: 13.479 Loading class java/util/BitSet$1BitSetSpliterator
Event: 13.479 Loading class java/util/BitSet$1BitSetSpliterator done
Event: 13.479 Loading class java/util/stream/IntPipeline$1
Event: 13.479 Loading class java/util/stream/IntPipeline$1 done
Event: 13.479 Loading class java/util/stream/IntPipeline$1$1
Event: 13.479 Loading class java/util/stream/IntPipeline$1$1 done
Event: 13.647 Loading class jdk/internal/icu/impl/UCharacterProperty
Event: 13.648 Loading class jdk/internal/icu/impl/UCharacterProperty done
Event: 13.648 Loading class jdk/internal/icu/impl/UCharacterProperty$1
Event: 13.648 Loading class jdk/internal/icu/impl/UCharacterProperty$BiDiIntProperty
Event: 13.648 Loading class jdk/internal/icu/impl/UCharacterProperty$IntProperty
Event: 13.648 Loading class jdk/internal/icu/impl/UCharacterProperty$IntProperty done
Event: 13.648 Loading class jdk/internal/icu/impl/UCharacterProperty$BiDiIntProperty done
Event: 13.648 Loading class jdk/internal/icu/impl/UCharacterProperty$1 done
Event: 13.648 Loading class jdk/internal/icu/impl/UCharacterProperty$IsAcceptable
Event: 13.648 Loading class jdk/internal/icu/impl/UCharacterProperty$IsAcceptable done
Event: 13.651 Loading class java/lang/CharacterData01
Event: 13.652 Loading class java/lang/CharacterData01 done

Classes unloaded (0 events):
No events

Classes redefined (0 events):
No events

Internal exceptions (20 events):
Event: 3.089 Thread 0x0000023b5d61d110 Exception <a 'java/lang/NoSuchMethodError'{0x000000008bdc84d0}: 'java.lang.Object java.lang.invoke.DirectMethodHandle$Holder.newInvokeSpecial(java.lang.Object, double)'> (0x000000008bdc84d0) 
thrown [s\open\src\hotspot\share\interpreter\linkResolver.cpp, line 773]
Event: 3.178 Thread 0x0000023b5d61d110 Exception <a 'java/lang/ClassNotFoundException'{0x000000008bab7fd8}: com/sun/javafx/scene/control/skin/resources/controls> (0x000000008bab7fd8) 
thrown [s\open\src\hotspot\share\prims\jni.cpp, line 539]
Event: 3.179 Thread 0x0000023b5d61d110 Exception <a 'java/lang/ClassNotFoundException'{0x000000008bac5e58}: com/sun/javafx/scene/control/skin/resources/controls_es> (0x000000008bac5e58) 
thrown [s\open\src\hotspot\share\prims\jni.cpp, line 539]
Event: 3.180 Thread 0x0000023b5d61d110 Exception <a 'java/lang/ClassNotFoundException'{0x000000008bad36e0}: com/sun/javafx/scene/control/skin/resources/controls_es_AR> (0x000000008bad36e0) 
thrown [s\open\src\hotspot\share\prims\jni.cpp, line 539]
Event: 3.202 Thread 0x0000023b5d61d110 Exception <a 'java/lang/NoSuchMethodError'{0x000000008b9e3148}: 'void java.lang.invoke.DirectMethodHandle$Holder.invokeSpecial(java.lang.Object, java.lang.Object, java.lang.Object, java.lang.Object, java.lang.Object, java.lang.Object)'> (0x000000008b9e3148) 
thrown [s\open\src\hotspot\share\interpreter\linkResolver.cpp, line 773]
Event: 3.276 Thread 0x0000023b5d61d110 Exception <a 'java/lang/NoSuchMethodError'{0x000000008b58fee8}: 'long java.lang.invoke.DirectMethodHandle$Holder.invokeStatic(java.lang.Object, java.lang.Object, java.lang.Object)'> (0x000000008b58fee8) 
thrown [s\open\src\hotspot\share\interpreter\linkResolver.cpp, line 773]
Event: 3.276 Thread 0x0000023b5d61d110 Exception <a 'java/lang/NoSuchMethodError'{0x000000008b5932b8}: 'long java.lang.invoke.DirectMethodHandle$Holder.invokeStaticInit(java.lang.Object, java.lang.Object, java.lang.Object)'> (0x000000008b5932b8) 
thrown [s\open\src\hotspot\share\interpreter\linkResolver.cpp, line 773]
Event: 3.277 Thread 0x0000023b5d61d110 Exception <a 'java/lang/NoSuchMethodError'{0x000000008b5a77b8}: 'java.lang.Object java.lang.invoke.DirectMethodHandle$Holder.newInvokeSpecial(java.lang.Object, java.lang.Object, long)'> (0x000000008b5a77b8) 
thrown [s\open\src\hotspot\share\interpreter\linkResolver.cpp, line 773]
Event: 3.278 Thread 0x0000023b5d61d110 Exception <a 'java/lang/NoSuchMethodError'{0x000000008b5ab0b0}: 'java.lang.Object java.lang.invoke.Invokers$Holder.linkToTargetMethod(java.lang.Object, long, java.lang.Object)'> (0x000000008b5ab0b0) 
thrown [s\open\src\hotspot\share\interpreter\linkResolver.cpp, line 773]
Event: 8.533 Thread 0x0000023b5d61d110 Exception <a 'java/lang/NoSuchMethodError'{0x000000008af311c0}: 'java.lang.Object java.lang.invoke.DirectMethodHandle$Holder.invokeStaticInit(java.lang.Object, int, int, int, int)'> (0x000000008af311c0) 
thrown [s\open\src\hotspot\share\interpreter\linkResolver.cpp, line 773]
Event: 8.883 Thread 0x0000023b5d61d110 Exception <a 'java/lang/NoSuchMethodError'{0x000000008ae17fe8}: 'java.lang.Object java.lang.invoke.DirectMethodHandle$Holder.invokeStaticInit(java.lang.Object, java.lang.Object, int, int, int, int)'> (0x000000008ae17fe8) 
thrown [s\open\src\hotspot\share\interpreter\linkResolver.cpp, line 773]
Event: 13.485 Thread 0x0000023b5d61d110 Exception <a 'java/lang/NoSuchMethodError'{0x000000008b09a440}: 'void java.lang.invoke.DirectMethodHandle$Holder.invokeSpecialIFC(java.lang.Object, java.lang.Object, java.lang.Object, java.lang.Object)'> (0x000000008b09a440) 
thrown [s\open\src\hotspot\share\interpreter\linkResolver.cpp, line 773]
Event: 13.553 Thread 0x0000023b5d61d110 Exception <a 'java/lang/NoSuchMethodError'{0x000000008ac17458}: 'int java.lang.invoke.DirectMethodHandle$Holder.invokeVirtual(java.lang.Object, java.lang.Object)'> (0x000000008ac17458) 
thrown [s\open\src\hotspot\share\interpreter\linkResolver.cpp, line 773]
Event: 13.554 Thread 0x0000023b5d61d110 Exception <a 'java/lang/NoSuchMethodError'{0x000000008ac231a8}: 'double java.lang.invoke.DirectMethodHandle$Holder.invokeVirtual(java.lang.Object, java.lang.Object)'> (0x000000008ac231a8) 
thrown [s\open\src\hotspot\share\interpreter\linkResolver.cpp, line 773]
Event: 13.554 Thread 0x0000023b5d61d110 Exception <a 'java/lang/NoSuchMethodError'{0x000000008ac26be0}: 'double java.lang.invoke.DelegatingMethodHandle$Holder.reinvoke_L(java.lang.Object, java.lang.Object)'> (0x000000008ac26be0) 
thrown [s\open\src\hotspot\share\interpreter\linkResolver.cpp, line 773]
Event: 13.655 Thread 0x0000023b5d61d110 Exception <a 'java/io/FileNotFoundException'{0x0000000089b64298}> (0x0000000089b64298) 
thrown [s\open\src\hotspot\share\prims\jni.cpp, line 520]
Event: 13.655 Thread 0x0000023b5d61d110 Exception <a 'java/io/FileNotFoundException'{0x0000000089b65968}> (0x0000000089b65968) 
thrown [s\open\src\hotspot\share\prims\jni.cpp, line 520]
Event: 13.656 Thread 0x0000023b5d61d110 Exception <a 'java/io/FileNotFoundException'{0x0000000089b69e18}> (0x0000000089b69e18) 
thrown [s\open\src\hotspot\share\prims\jni.cpp, line 520]
Event: 13.656 Thread 0x0000023b5d61d110 Exception <a 'java/io/FileNotFoundException'{0x0000000089b6af58}> (0x0000000089b6af58) 
thrown [s\open\src\hotspot\share\prims\jni.cpp, line 520]
Event: 13.710 Thread 0x0000023b5d695f10 Exception <a 'java/lang/NoSuchMethodError'{0x000000008bd4be98}: 'java.lang.Object java.lang.invoke.DirectMethodHandle$Holder.invokeStaticInit(java.lang.Object, int)'> (0x000000008bd4be98) 
thrown [s\open\src\hotspot\share\interpreter\linkResolver.cpp, line 773]

ZGC Phase Switch (0 events):
No events

VM Operations (20 events):
Event: 15.647 Executing VM operation: Cleanup done
Event: 16.647 Executing VM operation: Cleanup
Event: 16.648 Executing VM operation: Cleanup done
Event: 17.648 Executing VM operation: Cleanup
Event: 17.648 Executing VM operation: Cleanup done
Event: 19.649 Executing VM operation: Cleanup
Event: 19.649 Executing VM operation: Cleanup done
Event: 21.649 Executing VM operation: Cleanup
Event: 21.649 Executing VM operation: Cleanup done
Event: 22.651 Executing VM operation: Cleanup
Event: 22.651 Executing VM operation: Cleanup done
Event: 23.651 Executing VM operation: Cleanup
Event: 23.651 Executing VM operation: Cleanup done
Event: 23.674 Executing VM operation: G1CollectForAllocation (G1 Evacuation Pause)
Event: 23.695 Executing VM operation: G1CollectForAllocation (G1 Evacuation Pause) done
Event: 25.694 Executing VM operation: Cleanup
Event: 25.694 Executing VM operation: Cleanup done
Event: 31.698 Executing VM operation: Cleanup
Event: 31.698 Executing VM operation: Cleanup done
Event: 31.720 Executing VM operation: Exit

Events (20 events):
Event: 11.443 Thread 0x0000023b1756a0c0 Thread added: 0x0000023b1756a0c0
Event: 11.443 Thread 0x0000023b1784c660 Thread added: 0x0000023b1784c660
Event: 11.617 Thread 0x0000023b1784c660 Thread exited: 0x0000023b1784c660
Event: 11.617 Thread 0x0000023b1756a0c0 Thread exited: 0x0000023b1756a0c0
Event: 13.402 Thread 0x0000023b1756a0c0 Thread added: 0x0000023b1756a0c0
Event: 13.598 Thread 0x0000023b178a2eb0 Thread added: 0x0000023b178a2eb0
Event: 14.022 Thread 0x0000023b178a2eb0 Thread exited: 0x0000023b178a2eb0
Event: 14.022 Thread 0x0000023b1756a0c0 Thread exited: 0x0000023b1756a0c0
Event: 14.969 Thread 0x0000023b5df895b0 Thread added: 0x0000023b5df895b0
Event: 15.253 Thread 0x0000023b5e436810 Thread added: 0x0000023b5e436810
Event: 15.546 Thread 0x0000023b5e436810 Thread exited: 0x0000023b5e436810
Event: 15.547 Thread 0x0000023b5df895b0 Thread exited: 0x0000023b5df895b0
Event: 16.494 Thread 0x0000023b6ab2ffd0 Thread added: 0x0000023b6ab2ffd0
Event: 16.985 Thread 0x0000023b6ab2ffd0 Thread exited: 0x0000023b6ab2ffd0
Event: 20.808 Thread 0x0000023b5e425fb0 Thread added: 0x0000023b5e425fb0
Event: 21.225 Thread 0x0000023b5e425fb0 Thread exited: 0x0000023b5e425fb0
Event: 31.715 Thread 0x0000023b640a8f40 Thread added: 0x0000023b640a8f40
Event: 31.715 Thread 0x0000023b640a88b0 Thread added: 0x0000023b640a88b0
Event: 31.717 Thread 0x0000023b640a8f40 Thread exited: 0x0000023b640a8f40
Event: 31.719 Thread 0x0000023b640a88b0 Thread exited: 0x0000023b640a88b0


Dynamic libraries:
0x00007ff77f030000 - 0x00007ff77f040000 	C:\Program Files\Java\jdk-21\bin\java.exe
0x00007ff94ff10000 - 0x00007ff950127000 	C:\WINDOWS\SYSTEM32\ntdll.dll
0x00007ff94ee70000 - 0x00007ff94ef34000 	C:\WINDOWS\System32\KERNEL32.DLL
0x00007ff94d320000 - 0x00007ff94d6cd000 	C:\WINDOWS\System32\KERNELBASE.dll
0x00007ff94db20000 - 0x00007ff94dc31000 	C:\WINDOWS\System32\ucrtbase.dll
0x00007ff9279a0000 - 0x00007ff9279b9000 	C:\Program Files\Java\jdk-21\bin\jli.dll
0x00007ff9490c0000 - 0x00007ff9490db000 	C:\Program Files\Java\jdk-21\bin\VCRUNTIME140.dll
0x00007ff94e080000 - 0x00007ff94e132000 	C:\WINDOWS\System32\ADVAPI32.dll
0x00007ff94e150000 - 0x00007ff94e1f7000 	C:\WINDOWS\System32\msvcrt.dll
0x00007ff94dfd0000 - 0x00007ff94e079000 	C:\WINDOWS\System32\sechost.dll
0x00007ff94d8b0000 - 0x00007ff94d8d8000 	C:\WINDOWS\System32\bcrypt.dll
0x00007ff94f840000 - 0x00007ff94f954000 	C:\WINDOWS\System32\RPCRT4.dll
0x00007ff94f130000 - 0x00007ff94f2de000 	C:\WINDOWS\System32\USER32.dll
0x00007ff928f90000 - 0x00007ff929223000 	C:\WINDOWS\WinSxS\amd64_microsoft.windows.common-controls_6595b64144ccf1df_6.0.22621.3672_none_2713b9d173822955\COMCTL32.dll
0x00007ff94d2f0000 - 0x00007ff94d316000 	C:\WINDOWS\System32\win32u.dll
0x00007ff94fca0000 - 0x00007ff94fcc9000 	C:\WINDOWS\System32\GDI32.dll
0x00007ff94d8e0000 - 0x00007ff94d9f9000 	C:\WINDOWS\System32\gdi32full.dll
0x00007ff94da80000 - 0x00007ff94db1a000 	C:\WINDOWS\System32\msvcp_win.dll
0x00007ff943f00000 - 0x00007ff943f0a000 	C:\WINDOWS\SYSTEM32\VERSION.dll
0x00007ff94f9f0000 - 0x00007ff94fa21000 	C:\WINDOWS\System32\IMM32.DLL
0x00007ff944420000 - 0x00007ff94442c000 	C:\Program Files\Java\jdk-21\bin\vcruntime140_1.dll
0x00007ff9276b0000 - 0x00007ff92773e000 	C:\Program Files\Java\jdk-21\bin\msvcp140.dll
0x00007ff8f24d0000 - 0x00007ff8f31e7000 	C:\Program Files\Java\jdk-21\bin\server\jvm.dll
0x00007ff94f970000 - 0x00007ff94f9e1000 	C:\WINDOWS\System32\WS2_32.dll
0x00007ff94cea0000 - 0x00007ff94ceed000 	C:\WINDOWS\SYSTEM32\POWRPROF.dll
0x00007ff944570000 - 0x00007ff9445a4000 	C:\WINDOWS\SYSTEM32\WINMM.dll
0x00007ff94ce80000 - 0x00007ff94ce93000 	C:\WINDOWS\SYSTEM32\UMPDC.dll
0x00007ff94c280000 - 0x00007ff94c298000 	C:\WINDOWS\SYSTEM32\kernel.appcore.dll
0x00007ff944410000 - 0x00007ff94441a000 	C:\Program Files\Java\jdk-21\bin\jimage.dll
0x00007ff94a4f0000 - 0x00007ff94a722000 	C:\WINDOWS\SYSTEM32\DBGHELP.DLL
0x00007ff94dc40000 - 0x00007ff94dfce000 	C:\WINDOWS\System32\combase.dll
0x00007ff94ed90000 - 0x00007ff94ee67000 	C:\WINDOWS\System32\OLEAUT32.dll
0x00007ff920520000 - 0x00007ff920552000 	C:\WINDOWS\SYSTEM32\dbgcore.DLL
0x00007ff94da00000 - 0x00007ff94da7b000 	C:\WINDOWS\System32\bcryptPrimitives.dll
0x00007ff943dd0000 - 0x00007ff943def000 	C:\Program Files\Java\jdk-21\bin\java.dll
0x00007ff94e520000 - 0x00007ff94ed87000 	C:\WINDOWS\System32\SHELL32.dll
0x00007ff94b160000 - 0x00007ff94ba5f000 	C:\WINDOWS\SYSTEM32\windows.storage.dll
0x00007ff94b020000 - 0x00007ff94b15f000 	C:\WINDOWS\SYSTEM32\wintypes.dll
0x00007ff94f030000 - 0x00007ff94f129000 	C:\WINDOWS\System32\SHCORE.dll
0x00007ff94fc20000 - 0x00007ff94fc7e000 	C:\WINDOWS\System32\shlwapi.dll
0x00007ff94d160000 - 0x00007ff94d187000 	C:\WINDOWS\SYSTEM32\profapi.dll
0x00007ff927740000 - 0x00007ff927817000 	C:\Program Files\Java\jdk-21\bin\jsvml.dll
0x00007ff943f60000 - 0x00007ff943f70000 	C:\Program Files\Java\jdk-21\bin\net.dll
0x00007ff949620000 - 0x00007ff949756000 	C:\WINDOWS\SYSTEM32\WINHTTP.dll
0x00007ff94c6f0000 - 0x00007ff94c759000 	C:\WINDOWS\system32\mswsock.dll
0x00007ff9424b0000 - 0x00007ff9424c6000 	C:\Program Files\Java\jdk-21\bin\nio.dll
0x00007ff934670000 - 0x00007ff934688000 	C:\Program Files\Java\jdk-21\bin\zip.dll
0x0000023b178e0000 - 0x0000023b178e3000 	C:\Users\User\.openjfx\cache\13\api-ms-win-core-console-l1-1-0.dll
0x0000023b178f0000 - 0x0000023b178f3000 	C:\Users\User\.openjfx\cache\13\api-ms-win-core-datetime-l1-1-0.dll
0x0000023b17900000 - 0x0000023b17903000 	C:\Users\User\.openjfx\cache\13\api-ms-win-core-debug-l1-1-0.dll
0x0000023b17910000 - 0x0000023b17913000 	C:\Users\User\.openjfx\cache\13\api-ms-win-core-errorhandling-l1-1-0.dll
0x0000023b17920000 - 0x0000023b17924000 	C:\Users\User\.openjfx\cache\13\api-ms-win-core-file-l1-1-0.dll
0x0000023b17930000 - 0x0000023b17933000 	C:\Users\User\.openjfx\cache\13\api-ms-win-core-file-l1-2-0.dll
0x0000023b17940000 - 0x0000023b17943000 	C:\Users\User\.openjfx\cache\13\api-ms-win-core-file-l2-1-0.dll
0x0000023b17950000 - 0x0000023b17953000 	C:\Users\User\.openjfx\cache\13\api-ms-win-core-handle-l1-1-0.dll
0x0000023b17960000 - 0x0000023b17963000 	C:\Users\User\.openjfx\cache\13\api-ms-win-core-heap-l1-1-0.dll
0x0000023b17970000 - 0x0000023b17973000 	C:\Users\User\.openjfx\cache\13\api-ms-win-core-interlocked-l1-1-0.dll
0x0000023b17980000 - 0x0000023b17983000 	C:\Users\User\.openjfx\cache\13\api-ms-win-core-libraryloader-l1-1-0.dll
0x0000023b17990000 - 0x0000023b17993000 	C:\Users\User\.openjfx\cache\13\api-ms-win-core-localization-l1-2-0.dll
0x0000023b179a0000 - 0x0000023b179a3000 	C:\Users\User\.openjfx\cache\13\api-ms-win-core-memory-l1-1-0.dll
0x0000023b179b0000 - 0x0000023b179b3000 	C:\Users\User\.openjfx\cache\13\api-ms-win-core-namedpipe-l1-1-0.dll
0x0000023b179c0000 - 0x0000023b179c3000 	C:\Users\User\.openjfx\cache\13\api-ms-win-core-processenvironment-l1-1-0.dll
0x0000023b179d0000 - 0x0000023b179d3000 	C:\Users\User\.openjfx\cache\13\api-ms-win-core-processthreads-l1-1-0.dll
0x0000023b179e0000 - 0x0000023b179e3000 	C:\Users\User\.openjfx\cache\13\api-ms-win-core-processthreads-l1-1-1.dll
0x0000023b179f0000 - 0x0000023b179f3000 	C:\Users\User\.openjfx\cache\13\api-ms-win-core-profile-l1-1-0.dll
0x0000023b17a00000 - 0x0000023b17a03000 	C:\Users\User\.openjfx\cache\13\api-ms-win-core-rtlsupport-l1-1-0.dll
0x0000023b17a10000 - 0x0000023b17a13000 	C:\Users\User\.openjfx\cache\13\api-ms-win-core-string-l1-1-0.dll
0x0000023b17a20000 - 0x0000023b17a23000 	C:\Users\User\.openjfx\cache\13\api-ms-win-core-synch-l1-1-0.dll
0x0000023b17a30000 - 0x0000023b17a33000 	C:\Users\User\.openjfx\cache\13\api-ms-win-core-synch-l1-2-0.dll
0x0000023b17a40000 - 0x0000023b17a43000 	C:\Users\User\.openjfx\cache\13\api-ms-win-core-sysinfo-l1-1-0.dll
0x0000023b17a50000 - 0x0000023b17a53000 	C:\Users\User\.openjfx\cache\13\api-ms-win-core-timezone-l1-1-0.dll
0x0000023b17a60000 - 0x0000023b17a63000 	C:\Users\User\.openjfx\cache\13\api-ms-win-core-util-l1-1-0.dll
0x0000023b17a70000 - 0x0000023b17a73000 	C:\Users\User\.openjfx\cache\13\api-ms-win-crt-conio-l1-1-0.dll
0x0000023b17a80000 - 0x0000023b17a84000 	C:\Users\User\.openjfx\cache\13\api-ms-win-crt-convert-l1-1-0.dll
0x0000023b17a90000 - 0x0000023b17a93000 	C:\Users\User\.openjfx\cache\13\api-ms-win-crt-environment-l1-1-0.dll
0x0000023b17aa0000 - 0x0000023b17aa3000 	C:\Users\User\.openjfx\cache\13\api-ms-win-crt-filesystem-l1-1-0.dll
0x0000023b17ab0000 - 0x0000023b17ab3000 	C:\Users\User\.openjfx\cache\13\api-ms-win-crt-heap-l1-1-0.dll
0x0000023b17ac0000 - 0x0000023b17ac3000 	C:\Users\User\.openjfx\cache\13\api-ms-win-crt-locale-l1-1-0.dll
0x0000023b17ad0000 - 0x0000023b17ad5000 	C:\Users\User\.openjfx\cache\13\api-ms-win-crt-math-l1-1-0.dll
0x0000023b17ae0000 - 0x0000023b17ae5000 	C:\Users\User\.openjfx\cache\13\api-ms-win-crt-multibyte-l1-1-0.dll
0x0000023b17af0000 - 0x0000023b17b00000 	C:\Users\User\.openjfx\cache\13\api-ms-win-crt-private-l1-1-0.dll
0x0000023b17b00000 - 0x0000023b17b03000 	C:\Users\User\.openjfx\cache\13\api-ms-win-crt-process-l1-1-0.dll
0x0000023b17b10000 - 0x0000023b17b14000 	C:\Users\User\.openjfx\cache\13\api-ms-win-crt-runtime-l1-1-0.dll
0x0000023b17b20000 - 0x0000023b17b24000 	C:\Users\User\.openjfx\cache\13\api-ms-win-crt-stdio-l1-1-0.dll
0x0000023b17b30000 - 0x0000023b17b34000 	C:\Users\User\.openjfx\cache\13\api-ms-win-crt-string-l1-1-0.dll
0x0000023b17b40000 - 0x0000023b17b43000 	C:\Users\User\.openjfx\cache\13\api-ms-win-crt-time-l1-1-0.dll
0x0000023b17b50000 - 0x0000023b17b53000 	C:\Users\User\.openjfx\cache\13\api-ms-win-crt-utility-l1-1-0.dll
0x00007ff8df9d0000 - 0x00007ff8dfacc000 	C:\Users\User\.openjfx\cache\13\ucrtbase.dll
0x00007ff927980000 - 0x00007ff927995000 	C:\Users\User\.openjfx\cache\13\vcruntime140.dll
0x00007ff925dd0000 - 0x00007ff925e6b000 	C:\Users\User\.openjfx\cache\13\msvcp140.dll
0x00007ff927920000 - 0x00007ff927971000 	C:\Users\User\.openjfx\cache\13\concrt140.dll
0x00007ff925f50000 - 0x00007ff925f73000 	C:\Users\User\.openjfx\cache\13\prism_d3d.dll
0x00007ff8df820000 - 0x00007ff8df9c8000 	C:\WINDOWS\system32\d3d9.dll
0x00007ff94a990000 - 0x00007ff94a9bb000 	C:\WINDOWS\SYSTEM32\dwmapi.dll
0x00007ff94a740000 - 0x00007ff94a777000 	C:\WINDOWS\SYSTEM32\dxcore.dll
0x00007ff94a330000 - 0x00007ff94a3e1000 	C:\WINDOWS\system32\uxtheme.dll
0x00007ff94fcd0000 - 0x00007ff94fe75000 	C:\WINDOWS\System32\ole32.dll
0x00007ff943b30000 - 0x00007ff943b79000 	C:\WINDOWS\SYSTEM32\directxdatabasehelper.dll
0x00007ff8e83a0000 - 0x00007ff8e83e5000 	C:\Users\User\.openjfx\cache\13\glass.dll
0x00007ff94e200000 - 0x00007ff94e2ff000 	C:\WINDOWS\System32\COMDLG32.dll
0x00007ff94fac0000 - 0x00007ff94fc1e000 	C:\WINDOWS\System32\MSCTF.dll
0x00007ff94bce0000 - 0x00007ff94bdd8000 	C:\WINDOWS\SYSTEM32\DNSAPI.dll
0x00007ff94bcb0000 - 0x00007ff94bcdd000 	C:\WINDOWS\SYSTEM32\IPHLPAPI.DLL
0x00007ff94f300000 - 0x00007ff94f309000 	C:\WINDOWS\System32\NSI.dll
0x00007ff944190000 - 0x00007ff94419a000 	C:\Windows\System32\rasadhlp.dll
0x00007ff9485d0000 - 0x00007ff948653000 	C:\WINDOWS\System32\fwpuclnt.dll
0x00007ff927620000 - 0x00007ff927634000 	C:\Users\User\.openjfx\cache\13\javafx_font.dll
0x00007ff947740000 - 0x00007ff9479b3000 	C:\WINDOWS\SYSTEM32\dwrite.dll
0x00007ff94f790000 - 0x00007ff94f840000 	C:\WINDOWS\System32\clbcatq.dll
0x00007ff94a140000 - 0x00007ff94a2f1000 	C:\WINDOWS\SYSTEM32\WindowsCodecs.dll
0x00007ff911c50000 - 0x00007ff911cae000 	C:\WINDOWS\system32\dataexchange.dll
0x00007ff941e50000 - 0x00007ff9420da000 	C:\WINDOWS\system32\twinapi.appcore.dll
0x00007ff925f10000 - 0x00007ff925f42000 	C:\Program Files\Common Files\Microsoft Shared\Ink\rtscom.dll
0x00007ff932f00000 - 0x00007ff933043000 	C:\WINDOWS\SYSTEM32\textinputframework.dll
0x00007ff9482e0000 - 0x00007ff948413000 	C:\WINDOWS\SYSTEM32\CoreMessaging.dll
0x00007ff942fb0000 - 0x00007ff94331d000 	C:\WINDOWS\SYSTEM32\CoreUIComponents.dll
0x00007ff94c940000 - 0x00007ff94c94c000 	C:\WINDOWS\SYSTEM32\CRYPTBASE.DLL
0x00007ff9447a0000 - 0x00007ff944d8e000 	C:\WINDOWS\SYSTEM32\d2d1.dll
0x00007ff947a00000 - 0x00007ff947c57000 	C:\WINDOWS\SYSTEM32\d3d11.dll
0x00007ff94a860000 - 0x00007ff94a957000 	C:\WINDOWS\SYSTEM32\dxgi.dll
0x00007ff9425f0000 - 0x00007ff942d01000 	C:\WINDOWS\SYSTEM32\D3D10Warp.dll
0x00007ff94c950000 - 0x00007ff94c96b000 	C:\WINDOWS\SYSTEM32\CRYPTSP.dll
0x00007ff94c1e0000 - 0x00007ff94c215000 	C:\WINDOWS\system32\rsaenh.dll
0x00007ff94c7e0000 - 0x00007ff94c808000 	C:\WINDOWS\SYSTEM32\USERENV.dll

dbghelp: loaded successfully - version: 4.0.5 - missing functions: none
symbol engine: initialized successfully - sym options: 0x614 - pdb path: .;C:\Program Files\Java\jdk-21\bin;C:\WINDOWS\SYSTEM32;C:\WINDOWS\WinSxS\amd64_microsoft.windows.common-controls_6595b64144ccf1df_6.0.22621.3672_none_2713b9d173822955;C:\Program Files\Java\jdk-21\bin\server;C:\Users\User\.openjfx\cache\13;C:\WINDOWS\System32\DriverStore\FileRepository\iigd_dch.inf_amd64_46a183a099a0cf25;C:\Program Files\Common Files\Microsoft Shared\Ink

VM Arguments:
jvm_args: --module-path=C:\Users\User\Documents\NetBeansProjects\Inventario\Inventario\target\classes;C:\Users\User\.m2\repository\at\favre\lib\bcrypt\0.9.0\bcrypt-0.9.0.jar;C:\Users\User\.m2\repository\com\sun\mail\javax.mail\1.6.2\javax.mail-1.6.2.jar;C:\Users\User\.m2\repository\net\sf\jasperreports\jasperreports\6.20.0\jasperreports-6.20.0.jar;C:\Users\User\.m2\repository\org\openjfx\javafx-base\13\javafx-base-13-win.jar;C:\Users\User\.m2\repository\org\openjfx\javafx-controls\13\javafx-controls-13-win.jar;C:\Users\User\.m2\repository\org\openjfx\javafx-fxml\13\javafx-fxml-13-win.jar;C:\Users\User\.m2\repository\org\openjfx\javafx-graphics\13\javafx-graphics-13-win.jar --add-modules=com.mycompany.inventario -Djdk.module.main=com.mycompany.inventario 
java_command: com.mycompany.inventario/com.mycompany.inventario.App
java_class_path (initial): C:\Users\User\Documents\NetBeansProjects\Inventario\Inventario\target\classes;C:\Users\User\.m2\repository\at\favre\lib\bytes\1.3.0\bytes-1.3.0.jar;C:\Users\User\.m2\repository\com\fasterxml\jackson\core\jackson-annotations\2.13.3\jackson-annotations-2.13.3.jar;C:\Users\User\.m2\repository\com\fasterxml\jackson\core\jackson-core\2.13.3\jackson-core-2.13.3.jar;C:\Users\User\.m2\repository\com\fasterxml\jackson\core\jackson-databind\2.13.3\jackson-databind-2.13.3.jar;C:\Users\User\.m2\repository\com\fasterxml\jackson\dataformat\jackson-dataformat-xml\2.13.3\jackson-dataformat-xml-2.13.3.jar;C:\Users\User\.m2\repository\com\fasterxml\woodstox\woodstox-core\6.2.7\woodstox-core-6.2.7.jar;C:\Users\User\.m2\repository\com\google\protobuf\protobuf-java\3.21.9\protobuf-java-3.21.9.jar;C:\Users\User\.m2\repository\com\lowagie\itext\2.1.7.js10\itext-2.1.7.js10.jar;C:\Users\User\.m2\repository\com\mysql\mysql-connector-j\8.0.33\mysql-connector-j-8.0.33.jar;C:\Users\User\.m2\repository\commons-beanutils\commons-beanutils\1.9.4\commons-beanutils-1.9.4.jar;C:\Users\User\.m2\repository\commons-collections\commons-collections\3.2.2\commons-collections-3.2.2.jar;C:\Users\User\.m2\repository\commons-digester\commons-digester\2.1\commons-digester-2.1.jar;C:\Users\User\.m2\repository\commons-logging\commons-logging\1.1.1\commons-logging-1.1.1.jar;C:\Users\User\.m2\repository\javax\activation\activation\1.1\activation-1.1.jar;C:\Users\User\.m2\repository\org\apache\commons\commons-collections4\4.2\commons-collections4-4.2.jar;C:\Users\User\.m2\repository\org\bouncycastle\bcprov-jdk15on\1.70\bcprov-jdk15on-1.70.jar;C:\Users\User\.m2\repository\org\bouncycastle\bcutil-jdk15on\1.70\bcutil-jdk15on-1.70.jar;C:\Users\User\.m2\repository\org\codehaus\woodstox\stax2-api\4.2.1\stax2-api-4.2.1.jar;C:\Users\User\.m2\repository\org\eclipse\jdt\ecj\3.21.0\ecj-3.21.0.jar;C:\Users\User\.m2\repository\org\jfree\jcommon\1.0.23\jcommon-1.0.23.jar;C:\Users\User\.m2\repository\org\jfree\jfreechart\1.0.19\jfreechart-1.0.19.jar;C:\Users\User\.m2\repository\org\openjfx\javafx-base\13\javafx-base-13.jar;C:\Users\User\.m2\repository\org\openjfx\javafx-controls\13\javafx-controls-13.jar;C:\Users\User\.m2\repository\org\openjfx\javafx-fxml\13\javafx-fxml-13.jar;C:\Users\User\.m2\repository\org\openjfx\javafx-graphics\13\javafx-graphics-13.jar
Launcher Type: SUN_STANDARD

[Global flags]
     intx CICompilerCount                          = 4                                         {product} {ergonomic}
     uint ConcGCThreads                            = 2                                         {product} {ergonomic}
     uint G1ConcRefinementThreads                  = 8                                         {product} {ergonomic}
   size_t G1HeapRegionSize                         = 1048576                                   {product} {ergonomic}
    uintx GCDrainStackTargetSize                   = 64                                        {product} {ergonomic}
   size_t InitialHeapSize                          = 130023424                                 {product} {ergonomic}
   size_t MarkStackSize                            = 4194304                                   {product} {ergonomic}
   size_t MaxHeapSize                              = 2055208960                                {product} {ergonomic}
   size_t MaxNewSize                               = 1233125376                                {product} {ergonomic}
   size_t MinHeapDeltaBytes                        = 1048576                                   {product} {ergonomic}
   size_t MinHeapSize                              = 8388608                                   {product} {ergonomic}
    uintx NonNMethodCodeHeapSize                   = 5839372                                {pd product} {ergonomic}
    uintx NonProfiledCodeHeapSize                  = 122909434                              {pd product} {ergonomic}
    uintx ProfiledCodeHeapSize                     = 122909434                              {pd product} {ergonomic}
    uintx ReservedCodeCacheSize                    = 251658240                              {pd product} {ergonomic}
     bool SegmentedCodeCache                       = true                                      {product} {ergonomic}
   size_t SoftMaxHeapSize                          = 2055208960                             {manageable} {ergonomic}
     bool UseCompressedOops                        = true                           {product lp64_product} {ergonomic}
     bool UseG1GC                                  = true                                      {product} {ergonomic}
     bool UseLargePagesIndividualAllocation        = false                                  {pd product} {ergonomic}

Logging:
Log output configuration:
 #0: stdout all=off uptime,level,tags foldmultilines=false
 #1: stderr all=off uptime,level,tags foldmultilines=false

Environment Variables:
JAVA_HOME=C:\Program Files\Java\jdk-21
PATH=C:\Program Files\Common Files\Oracle\Java\javapath;C:\Program Files (x86)\Common Files\Oracle\Java\javapath;C:\ProgramData\Oracle\Java\javapath;C:\WINDOWS\system32;C:\WINDOWS;C:\WINDOWS\System32\Wbem;C:\WINDOWS\System32\WindowsPowerShell\v1.0\;C:\WINDOWS\System32\OpenSSH\;C:\msys64\mingw64\bin;C:\Program Files\Python;C:\Program Files\Java\jdk-21\bin;C:\Python;C:\Python\Scripts;C:\Program Files\dotnet\;C:\Program Files\Git\cmd;C:\Users\User\AppData\Local\Microsoft\WindowsApps;C:\Users\User\AppData\Local\Programs\Microsoft VS Code\bin;C:\SRC\sqlite-tools-win32-x86-3400100;C:\Program Files\JetBrains\PyCharm Community Edition 2023.2.3\bin;;C:\Python\;C:\Python\Scripts;C:\Users\User\.dotnet\tools
USERNAME=User
OS=Windows_NT
PROCESSOR_IDENTIFIER=Intel64 Family 6 Model 140 Stepping 1, GenuineIntel
TMP=C:\Users\User\AppData\Local\Temp
TEMP=C:\Users\User\AppData\Local\Temp




Periodic native trim disabled

---------------  S Y S T E M  ---------------

OS:
 Windows 11 , 64 bit Build 22621 (10.0.22621.3958)
OS uptime: 0 days 10:48 hours
Hyper-V role detected

CPU: total 8 (initial active 8) (4 cores per cpu, 2 threads per core) family 6 model 140 stepping 1 microcode 0xb4, cx8, cmov, fxsr, ht, mmx, 3dnowpref, sse, sse2, sse3, ssse3, sse4.1, sse4.2, popcnt, lzcnt, tsc, tscinvbit, avx, avx2, aes, erms, clmul, bmi1, bmi2, adx, avx512f, avx512dq, avx512cd, avx512bw, avx512vl, sha, fma, vzeroupper, avx512_vpopcntdq, avx512_vpclmulqdq, avx512_vaes, avx512_vnni, clflush, clflushopt, clwb, avx512_vbmi2, avx512_vbmi, hv, rdtscp, rdpid, fsrm, gfni, avx512_bitalg, f16c, cet_ibt, cet_ss, avx512_ifma
Processor Information for processor 0
  Max Mhz: 2401, Current Mhz: 1100, Mhz Limit: 2401
Processor Information for processor 1
  Max Mhz: 2401, Current Mhz: 1100, Mhz Limit: 2401
Processor Information for processor 2
  Max Mhz: 2401, Current Mhz: 1100, Mhz Limit: 2401
Processor Information for processor 3
  Max Mhz: 2401, Current Mhz: 2401, Mhz Limit: 2401
Processor Information for processor 4
  Max Mhz: 2401, Current Mhz: 1100, Mhz Limit: 2401
Processor Information for processor 5
  Max Mhz: 2401, Current Mhz: 1100, Mhz Limit: 2401
Processor Information for processor 6
  Max Mhz: 2401, Current Mhz: 2401, Mhz Limit: 2401
Processor Information for processor 7
  Max Mhz: 2401, Current Mhz: 1100, Mhz Limit: 2401

Memory: 4k page, system-wide physical 7834M (1426M free)
TotalPageFile size 9709M (AvailPageFile size 1395M)
current process WorkingSet (physical memory assigned to process): 278M, peak: 323M
current process commit charge ("private bytes"): 327M, peak: 378M

vm_info: Java HotSpot(TM) 64-Bit Server VM (21.0.2+13-LTS-58) for windows-amd64 JRE (21.0.2+13-LTS-58), built on 2024-01-05T18:32:24Z by "mach5one" with MS VC++ 17.1 (VS2022)

END.
