#
# A fatal error has been detected by the Java Runtime Environment:
#
#  EXCEPTION_ACCESS_VIOLATION (0xc0000005) at pc=0x00007ff8e83c66f0, pid=18344, tid=1292
#
# JRE version: Java(TM) SE Runtime Environment (21.0.2+13) (build 21.0.2+13-LTS-58)
# Java VM: Java HotSpot(TM) 64-Bit Server VM (21.0.2+13-LTS-58, mixed mode, sharing, tiered, compressed oops, compressed class ptrs, g1 gc, windows-amd64)
# Problematic frame:
# C  [glass.dll+0x266f0]
#
# No core dump will be written. Minidumps are not enabled by default on client versions of Windows
#
# If you would like to submit a bug report, please visit:
#   https://bugreport.java.com/bugreport/crash.jsp
#

---------------  S U M M A R Y ------------

Command Line: --module-path=C:\Users\User\Documents\NetBeansProjects\Inventario\Inventario\target\classes;C:\Users\User\.m2\repository\at\favre\lib\bcrypt\0.9.0\bcrypt-0.9.0.jar;C:\Users\User\.m2\repository\com\sun\mail\javax.mail\1.6.2\javax.mail-1.6.2.jar;C:\Users\User\.m2\repository\net\sf\jasperreports\jasperreports\6.20.0\jasperreports-6.20.0.jar;C:\Users\User\.m2\repository\org\openjfx\javafx-base\13\javafx-base-13-win.jar;C:\Users\User\.m2\repository\org\openjfx\javafx-controls\13\javafx-controls-13-win.jar;C:\Users\User\.m2\repository\org\openjfx\javafx-fxml\13\javafx-fxml-13-win.jar;C:\Users\User\.m2\repository\org\openjfx\javafx-graphics\13\javafx-graphics-13-win.jar --add-modules=com.mycompany.inventario -Djdk.module.main=com.mycompany.inventario com.mycompany.inventario/com.mycompany.inventario.App

Host: 11th Gen Intel(R) Core(TM) i5-1135G7 @ 2.40GHz, 8 cores, 7G,  Windows 11 , 64 bit Build 22621 (10.0.22621.3958)
Time: Thu Sep 12 21:53:12 2024 Hora estándar de Paraguay elapsed time: 25.577827 seconds (0d 0h 0m 25s)

---------------  T H R E A D  ---------------

Current thread (0x0000029e0489f7b0):  VMThread "VM Thread"          [id=1292, stack(0x000000c9b4f00000,0x000000c9b5000000) (1024K)]

Stack: [0x000000c9b4f00000,0x000000c9b5000000],  sp=0x000000c9b4fff0d0,  free space=1020k
Native frames: (J=compiled Java code, j=interpreted, Vv=VM code, C=native code)
C  [glass.dll+0x266f0]


siginfo: EXCEPTION_ACCESS_VIOLATION (0xc0000005), reading address 0x0000000000000000


Registers:
RAX=0x0000000000000000, RBX=0x0000029e048aae4a, RCX=0x0000029e0489f7b0, RDX=0x000000c9b4fff0d0
RSP=0x000000c9b4fff0d0, RBP=0x0000029e04b0c398, RSI=0x000000c9b4fff1e8, RDI=0x0000029e04b0c370
R8 =0x0000000000010002, R9 =0x0000029e04b0c370, R10=0x85f13e9656da4870, R11=0x000000c9b4fff070
R12=0x00007ff8e83c3b84, R13=0x00007ff8f3134720, R14=0x00008bc49e8059a2, R15=0x0000029e04b0c370
RIP=0x00007ff8e83c66f0, EFLAGS=0x0000000000010202


Register to memory mapping:

RAX=0x0 is null
RBX=0x0000029e048aae4a is a global jni handle
RCX=0x0000029e0489f7b0 points into unknown readable memory: 0x00007ff8f2f46038 | 38 60 f4 f2 f8 7f 00 00
RDX=0x000000c9b4fff0d0 points into unknown readable memory: 0x0000000000000000 | 00 00 00 00 00 00 00 00
RSP=0x000000c9b4fff0d0 points into unknown readable memory: 0x0000000000000000 | 00 00 00 00 00 00 00 00
RBP=0x0000029e04b0c398 points into unknown readable memory: 0x00008bc49e8059a2 | a2 59 80 9e c4 8b 00 00
RSI=0x000000c9b4fff1e8 points into unknown readable memory: 0x000000c9b4fff1d0 | d0 f1 ff b4 c9 00 00 00
RDI=0x0000029e04b0c370 points into unknown readable memory: 0xa0f052749e81a641 | 41 a6 81 9e 74 52 f0 a0
R8 =0x0000000000010002 is an unknown value
R9 =0x0000029e04b0c370 points into unknown readable memory: 0xa0f052749e81a641 | 41 a6 81 9e 74 52 f0 a0
R10=0x85f13e9656da4870 is an unknown value
R11=0x000000c9b4fff070 points into unknown readable memory: 0x0000029e04b0c370 | 70 c3 b0 04 9e 02 00 00
R12=0x00007ff8e83c3b84 glass.dll
R13=0x00007ff8f3134720 jvm.dll
R14=0x00008bc49e8059a2 is an unknown value
R15=0x0000029e04b0c370 points into unknown readable memory: 0xa0f052749e81a641 | 41 a6 81 9e 74 52 f0 a0

Top of Stack: (sp=0x000000c9b4fff0d0)
0x000000c9b4fff0d0:   0000000000000000 00007ff94db3364b
0x000000c9b4fff0e0:   0000029e04b0c380 000000c9b4fff1e8
0x000000c9b4fff0f0:   fffffffffffffffe 00007ff8e83c3b84
0x000000c9b4fff100:   0000029e04b0c378 00007ff94db73a93
0x000000c9b4fff110:   0000029e04b0c380 000000c900000000
0x000000c9b4fff120:   0000029e04b0c398 000000c9b4fff1e8
0x000000c9b4fff130:   fffffffffffffffe 0000000000000000
0x000000c9b4fff140:   0000000000000001 00007ff8e83a0000
0x000000c9b4fff150:   000000c9b4fff1d8 00007ff94db4042e
0x000000c9b4fff160:   0000000000000000 000000c9b4fff1e8
0x000000c9b4fff170:   000000c9b4fff4c0 0000000000000001
0x000000c9b4fff180:   0000000000000000 00007ff94db3dddd
0x000000c9b4fff190:   0000000000000000 00007ff8e83c3259
0x000000c9b4fff1a0:   0000000000000000 000000c9b4fff1d8
0x000000c9b4fff1b0:   fffffffffffffffe 00007ff94ff36b17
0x000000c9b4fff1c0:   0000029e4fe49328 00007ff8e83c3a12
0x000000c9b4fff1d0:   00007ff8e83dd118 00007ff900000002
0x000000c9b4fff1e0:   0000000000000002 000000c9b4fff1d0
0x000000c9b4fff1f0:   0000000000000000 00007ff8e83c3b38
0x000000c9b4fff200:   0000000000000001 0000000000000600
0x000000c9b4fff210:   0000000000000001 0000000000000000
0x000000c9b4fff220:   00007ff94f300000 00007ff94f302061
0x000000c9b4fff230:   0000000000000001 00007ff94c1e0000
0x000000c9b4fff240:   00007ff8e83a0000 000000007ffe0384
0x000000c9b4fff250:   0000000000000000 00007ff94ff38b7f
0x000000c9b4fff260:   00007ff8e83a0000 0000000000000000
0x000000c9b4fff270:   0000000000000001 000000007ffe0385
0x000000c9b4fff280:   0000000000000000 00007ff94ff617c9
0x000000c9b4fff290:   0000f6d1fcda6000 0000000000000014
0x000000c9b4fff2a0:   00007ff8e83c3b84 0000000000000000
0x000000c9b4fff2b0:   0000000000000000 000000c9b4375000
0x000000c9b4fff2c0:   0000029e4a773630 00007ff94ff61586 

Instructions: (pc=0x00007ff8e83c66f0)
0x00007ff8e83c65f0:   8b 4d 60 e8 98 c9 ff ff 48 8b 55 68 48 8b 8d 08
0x00007ff8e83c6600:   01 00 00 e8 49 be ff ff 33 d2 33 c9 e8 49 de ff
0x00007ff8e83c6610:   ff 90 cc cc cc cc cc cc cc cc cc cc cc cc cc cc
0x00007ff8e83c6620:   48 8d 8a 80 00 00 00 e9 14 e9 fe ff 48 89 54 24
0x00007ff8e83c6630:   10 55 48 83 ec 20 48 8b ea 48 8d 05 dd ca ff ff
0x00007ff8e83c6640:   48 83 c4 20 5d c3 cc 40 55 48 8b ea 48 8b 01 33
0x00007ff8e83c6650:   c9 81 38 05 00 00 c0 0f 94 c1 8b c1 5d c3 cc 40
0x00007ff8e83c6660:   55 48 83 ec 20 48 8b ea 8a 4d 40 48 83 c4 20 5d
0x00007ff8e83c6670:   e9 df cd ff ff cc 40 55 48 83 ec 20 48 8b ea e8
0x00007ff8e83c6680:   fc cb ff ff 8a 4d 38 48 83 c4 20 5d e9 c3 cd ff
0x00007ff8e83c6690:   ff cc 40 55 48 83 ec 30 48 8b ea 48 8b 01 8b 10
0x00007ff8e83c66a0:   48 89 4c 24 28 89 54 24 20 4c 8d 0d a4 d1 ff ff
0x00007ff8e83c66b0:   4c 8b 45 70 8b 55 68 48 8b 4d 60 e8 30 cb ff ff
0x00007ff8e83c66c0:   90 48 83 c4 30 5d c3 cc cc cc cc cc cc cc cc cc
0x00007ff8e83c66d0:   40 53 48 83 ec 30 48 c7 44 24 20 fe ff ff ff 48
0x00007ff8e83c66e0:   8b 1d 2a 64 01 00 48 85 db 74 16 e8 90 85 ff ff
0x00007ff8e83c66f0:   4c 8b 00 48 8b d3 48 8b c8 41 ff 90 b0 00 00 00
0x00007ff8e83c6700:   90 48 83 c4 30 5b c3 cc cc cc cc cc cc cc cc cc
0x00007ff8e83c6710:   40 53 48 83 ec 20 48 8b 1d 9b 65 01 00 48 85 db
0x00007ff8e83c6720:   74 57 b8 ff ff ff ff f0 0f c1 43 10 83 f8 01 75
0x00007ff8e83c6730:   3d 48 85 db 74 38 48 8b 0b 48 85 c9 74 0d ff 15
0x00007ff8e83c6740:   64 0b 00 00 48 c7 03 00 00 00 00 48 8b 4b 08 48
0x00007ff8e83c6750:   85 c9 74 0d e8 37 c8 ff ff 48 c7 43 08 00 00 00
0x00007ff8e83c6760:   00 ba 18 00 00 00 48 8b cb e8 22 c8 ff ff 48 c7
0x00007ff8e83c6770:   05 3f 65 01 00 00 00 00 00 48 83 c4 20 5b c3 cc
0x00007ff8e83c6780:   40 53 48 83 ec 20 48 8b 1d 0b 65 01 00 48 85 db
0x00007ff8e83c6790:   74 57 b8 ff ff ff ff f0 0f c1 43 10 83 f8 01 75
0x00007ff8e83c67a0:   3d 48 85 db 74 38 48 8b 0b 48 85 c9 74 0d ff 15
0x00007ff8e83c67b0:   f4 0a 00 00 48 c7 03 00 00 00 00 48 8b 4b 08 48
0x00007ff8e83c67c0:   85 c9 74 0d e8 c7 c7 ff ff 48 c7 43 08 00 00 00
0x00007ff8e83c67d0:   00 ba 18 00 00 00 48 8b cb e8 b2 c7 ff ff 48 c7
0x00007ff8e83c67e0:   05 af 64 01 00 00 00 00 00 48 83 c4 20 5b c3 cc 


Stack slot to memory mapping:

stack at sp + 0 slots: 0x0 is null
stack at sp + 1 slots: 0x00007ff94db3364b ucrtbase.dll
stack at sp + 2 slots: 0x0000029e04b0c380 points into unknown readable memory: 0x00008bc49e8059a2 | a2 59 80 9e c4 8b 00 00
stack at sp + 3 slots: 0x000000c9b4fff1e8 points into unknown readable memory: 0x000000c9b4fff1d0 | d0 f1 ff b4 c9 00 00 00
stack at sp + 4 slots: 0xfffffffffffffffe is an unknown value
stack at sp + 5 slots: 0x00007ff8e83c3b84 glass.dll
stack at sp + 6 slots: 0x0000029e04b0c378 points into unknown readable memory: 0x00008bc49e8059a2 | a2 59 80 9e c4 8b 00 00
stack at sp + 7 slots: 0x00007ff94db73a93 ucrtbase.dll

VM_Operation (0x000000c9b5efa170): Exit, mode: safepoint, requested by thread 0x0000029e4a784860


---------------  P R O C E S S  ---------------

Threads class SMR info:
_java_thread_list=0x0000029e04a778d0, length=18, elements={
0x0000029e65df0440, 0x0000029e048c1860, 0x0000029e048c2580, 0x0000029e048c5cf0,
0x0000029e048c6880, 0x0000029e048c7410, 0x0000029e048cc6b0, 0x0000029e048d2bd0,
0x0000029e04889600, 0x0000029e4a1e55f0, 0x0000029e4a332cc0, 0x0000029e4a759b90,
0x0000029e4a784860, 0x0000029e04baad80, 0x0000029e4fa17d60, 0x0000029e4fa1c540,
0x0000029e505f4b20, 0x0000029e5078efe0
}

Java Threads: ( => current thread )
  0x0000029e65df0440 JavaThread "main"                              [_thread_blocked, id=11596, stack(0x000000c9b4800000,0x000000c9b4900000) (1024K)]
  0x0000029e048c1860 JavaThread "Reference Handler"          daemon [_thread_blocked, id=16976, stack(0x000000c9b5000000,0x000000c9b5100000) (1024K)]
  0x0000029e048c2580 JavaThread "Finalizer"                  daemon [_thread_blocked, id=16992, stack(0x000000c9b5100000,0x000000c9b5200000) (1024K)]
  0x0000029e048c5cf0 JavaThread "Attach Listener"            daemon [_thread_blocked, id=5968, stack(0x000000c9b5300000,0x000000c9b5400000) (1024K)]
  0x0000029e048c6880 JavaThread "Service Thread"             daemon [_thread_blocked, id=8488, stack(0x000000c9b5400000,0x000000c9b5500000) (1024K)]
  0x0000029e048c7410 JavaThread "Monitor Deflation Thread"   daemon [_thread_blocked, id=16240, stack(0x000000c9b5500000,0x000000c9b5600000) (1024K)]
  0x0000029e048cc6b0 JavaThread "C2 CompilerThread0"         daemon [_thread_blocked, id=14212, stack(0x000000c9b5600000,0x000000c9b5700000) (1024K)]
  0x0000029e048d2bd0 JavaThread "C1 CompilerThread0"         daemon [_thread_blocked, id=17624, stack(0x000000c9b5700000,0x000000c9b5800000) (1024K)]
  0x0000029e04889600 JavaThread "Common-Cleaner"             daemon [_thread_blocked, id=5960, stack(0x000000c9b5800000,0x000000c9b5900000) (1024K)]
  0x0000029e4a1e55f0 JavaThread "Notification Thread"        daemon [_thread_blocked, id=13872, stack(0x000000c9b5b00000,0x000000c9b5c00000) (1024K)]
  0x0000029e4a332cc0 JavaThread "QuantumRenderer-0"          daemon [_thread_blocked, id=14552, stack(0x000000c9b5c00000,0x000000c9b5d00000) (1024K)]
  0x0000029e4a759b90 JavaThread "InvokeLaterDispatcher"      daemon [_thread_blocked, id=17536, stack(0x000000c9b5d00000,0x000000c9b5e00000) (1024K)]
  0x0000029e4a784860 JavaThread "JavaFX Application Thread"         [_thread_blocked, id=1188, stack(0x000000c9b5e00000,0x000000c9b5f00000) (1024K)]
  0x0000029e04baad80 JavaThread "Thread-1"                   daemon [_thread_in_native, id=11292, stack(0x000000c9b6700000,0x000000c9b6800000) (1024K)]
  0x0000029e4fa17d60 JavaThread "JavaFX-Launcher"                   [_thread_blocked, id=2412, stack(0x000000c9b6800000,0x000000c9b6900000) (1024K)]
  0x0000029e4fa1c540 JavaThread "mysql-cj-abandoned-connection-cleanup" daemon [_thread_blocked, id=5448, stack(0x000000c9b6900000,0x000000c9b6a00000) (1024K)]
  0x0000029e505f4b20 JavaThread "Prism Font Disposer"        daemon [_thread_blocked, id=17932, stack(0x000000c9b6f00000,0x000000c9b7000000) (1024K)]
  0x0000029e5078efe0 JavaThread "Cleaner-0"                  daemon [_thread_blocked, id=13716, stack(0x000000c9b7400000,0x000000c9b7500000) (1024K)]
Total: 18

Other Threads:
=>0x0000029e0489f7b0 VMThread "VM Thread"                           [id=1292, stack(0x000000c9b4f00000,0x000000c9b5000000) (1024K)]
  0x0000029e680a1bd0 WorkerThread "GC Thread#0"                     [id=16952, stack(0x000000c9b4900000,0x000000c9b4a00000) (1024K)]
  0x0000029e4fa9ec10 WorkerThread "GC Thread#1"                     [id=7400, stack(0x000000c9b6200000,0x000000c9b6300000) (1024K)]
  0x0000029e4fac0dd0 WorkerThread "GC Thread#2"                     [id=17232, stack(0x000000c9b6300000,0x000000c9b6400000) (1024K)]
  0x0000029e4fac1170 WorkerThread "GC Thread#3"                     [id=18304, stack(0x000000c9b6400000,0x000000c9b6500000) (1024K)]
  0x0000029e4fa0d250 WorkerThread "GC Thread#4"                     [id=16616, stack(0x000000c9b6500000,0x000000c9b6600000) (1024K)]
  0x0000029e4fafa830 WorkerThread "GC Thread#5"                     [id=14216, stack(0x000000c9b6600000,0x000000c9b6700000) (1024K)]
  0x0000029e50358fe0 WorkerThread "GC Thread#6"                     [id=5580, stack(0x000000c9b6a00000,0x000000c9b6b00000) (1024K)]
  0x0000029e503588a0 WorkerThread "GC Thread#7"                     [id=15104, stack(0x000000c9b6b00000,0x000000c9b6c00000) (1024K)]
  0x0000029e680b1fc0 ConcurrentGCThread "G1 Main Marker"            terminated
  0x0000029e680b29d0 WorkerThread "G1 Conc#0"                       [id=16168, stack(0x000000c9b4b00000,0x000000c9b4c00000) (1024K)]
  0x0000029e50650ff0 WorkerThread "G1 Conc#1"                       [id=8932, stack(0x000000c9b5900000,0x000000c9b5a00000) (1024K)]
  0x0000029e0475c530 ConcurrentGCThread "G1 Refine#0"               terminated
  0x0000029e0475cd50 ConcurrentGCThread "G1 Service"                terminated
Total: 14

Threads with active compile tasks:
Total: 0

VM state: at safepoint (shutting down)

VM Mutex/Monitor currently owned by a thread:  ([mutex/lock_event])
[0x00007ff8f310cd68] Threads_lock - owner thread: 0x0000029e0489f7b0
[0x00007ff8f310ce68] Heap_lock - owner thread: 0x0000029e4a784860

Heap address: 0x0000000085800000, size: 1960 MB, Compressed Oops mode: 32-bit

CDS archive(s) mapped at: [0x0000029e05000000-0x0000029e05c90000-0x0000029e05c90000), size 13172736, SharedBaseAddress: 0x0000029e05000000, ArchiveRelocationMode: 1.
Compressed class space mapped at: 0x0000029e06000000-0x0000029e46000000, reserved size: 1073741824
Narrow klass base: 0x0000029e05000000, Narrow klass shift: 0, Narrow klass range: 0x100000000

GC Precious Log:
 CardTable entry size: 512
 Card Set container configuration: InlinePtr #cards 5 size 8 Array Of Cards #cards 12 size 40 Howl #buckets 4 coarsen threshold 1843 Howl Bitmap #cards 512 size 80 coarsen threshold 460 Card regions per heap region 1 cards per card region 2048
 CPUs: 8 total, 8 available
 Memory: 7834M
 Large Page Support: Disabled
 NUMA Support: Disabled
 Compressed Oops: Enabled (32-bit)
 Heap Region Size: 1M
 Heap Min Capacity: 8M
 Heap Initial Capacity: 124M
 Heap Max Capacity: 1960M
 Pre-touch: Disabled
 Parallel Workers: 8
 Concurrent Workers: 2
 Concurrent Refinement Workers: 8
 Periodic GC: Disabled

Heap:
 garbage-first heap   total 106496K, used 104695K [0x0000000085800000, 0x0000000100000000)
  region size 1024K, 38 young (38912K), 8 survivors (8192K)
 Metaspace       used 25604K, committed 26048K, reserved 1114112K
  class space    used 3522K, committed 3712K, reserved 1048576K

Heap Regions: E=young(eden), S=young(survivor), O=old, HS=humongous(starts), HC=humongous(continues), CS=collection set, F=free, TAMS=top-at-mark-start, PB=parsable bottom
|   0|0x0000000085800000, 0x0000000085900000, 0x0000000085900000|100%|HS|  |TAMS 0x0000000085800000| PB 0x0000000085800000| Complete 
|   1|0x0000000085900000, 0x0000000085a00000, 0x0000000085a00000|100%|HS|  |TAMS 0x0000000085900000| PB 0x0000000085900000| Complete 
|   2|0x0000000085a00000, 0x0000000085b00000, 0x0000000085b00000|100%|HS|  |TAMS 0x0000000085a00000| PB 0x0000000085a00000| Complete 
|   3|0x0000000085b00000, 0x0000000085c00000, 0x0000000085c00000|100%|HC|  |TAMS 0x0000000085b00000| PB 0x0000000085b00000| Complete 
|   4|0x0000000085c00000, 0x0000000085d00000, 0x0000000085d00000|100%|HC|  |TAMS 0x0000000085c00000| PB 0x0000000085c00000| Complete 
|   5|0x0000000085d00000, 0x0000000085e00000, 0x0000000085e00000|100%|HC|  |TAMS 0x0000000085d00000| PB 0x0000000085d00000| Complete 
|   6|0x0000000085e00000, 0x0000000085f00000, 0x0000000085f00000|100%| O|  |TAMS 0x0000000085e00000| PB 0x0000000085e00000| Untracked 
|   7|0x0000000085f00000, 0x0000000086000000, 0x0000000086000000|100%| O|  |TAMS 0x0000000085f00000| PB 0x0000000085f00000| Untracked 
|   8|0x0000000086000000, 0x0000000086100000, 0x0000000086100000|100%| O|  |TAMS 0x0000000086000000| PB 0x0000000086000000| Untracked 
|   9|0x0000000086100000, 0x0000000086200000, 0x0000000086200000|100%| O|  |TAMS 0x0000000086100000| PB 0x0000000086100000| Untracked 
|  10|0x0000000086200000, 0x0000000086300000, 0x0000000086300000|100%| O|  |TAMS 0x0000000086200000| PB 0x0000000086200000| Untracked 
|  11|0x0000000086300000, 0x0000000086368d00, 0x0000000086400000| 40%| O|Cm|TAMS 0x0000000086300000| PB 0x0000000086300000| Complete 
|  12|0x0000000086400000, 0x0000000086500000, 0x0000000086500000|100%|HS|  |TAMS 0x0000000086400000| PB 0x0000000086400000| Complete 
|  13|0x0000000086500000, 0x0000000086600000, 0x0000000086600000|100%|HC|  |TAMS 0x0000000086500000| PB 0x0000000086500000| Complete 
|  14|0x0000000086600000, 0x0000000086700000, 0x0000000086700000|100%|HC|  |TAMS 0x0000000086600000| PB 0x0000000086600000| Complete 
|  15|0x0000000086700000, 0x0000000086800000, 0x0000000086800000|100%|HS|  |TAMS 0x0000000086700000| PB 0x0000000086700000| Complete 
|  16|0x0000000086800000, 0x0000000086900000, 0x0000000086900000|100%|HC|  |TAMS 0x0000000086800000| PB 0x0000000086800000| Complete 
|  17|0x0000000086900000, 0x0000000086a00000, 0x0000000086a00000|100%|HC|  |TAMS 0x0000000086900000| PB 0x0000000086900000| Complete 
|  18|0x0000000086a00000, 0x0000000086b00000, 0x0000000086b00000|100%|HS|  |TAMS 0x0000000086a00000| PB 0x0000000086a00000| Complete 
|  19|0x0000000086b00000, 0x0000000086c00000, 0x0000000086c00000|100%|HC|  |TAMS 0x0000000086b00000| PB 0x0000000086b00000| Complete 
|  20|0x0000000086c00000, 0x0000000086d00000, 0x0000000086d00000|100%|HC|  |TAMS 0x0000000086c00000| PB 0x0000000086c00000| Complete 
|  21|0x0000000086d00000, 0x0000000086e00000, 0x0000000086e00000|100%|HS|  |TAMS 0x0000000086d00000| PB 0x0000000086d00000| Complete 
|  22|0x0000000086e00000, 0x0000000086f00000, 0x0000000086f00000|100%|HC|  |TAMS 0x0000000086e00000| PB 0x0000000086e00000| Complete 
|  23|0x0000000086f00000, 0x0000000087000000, 0x0000000087000000|100%|HC|  |TAMS 0x0000000086f00000| PB 0x0000000086f00000| Complete 
|  24|0x0000000087000000, 0x0000000087100000, 0x0000000087100000|100%|HS|  |TAMS 0x0000000087000000| PB 0x0000000087000000| Complete 
|  25|0x0000000087100000, 0x0000000087200000, 0x0000000087200000|100%|HC|  |TAMS 0x0000000087100000| PB 0x0000000087100000| Complete 
|  26|0x0000000087200000, 0x0000000087300000, 0x0000000087300000|100%|HC|  |TAMS 0x0000000087200000| PB 0x0000000087200000| Complete 
|  27|0x0000000087300000, 0x0000000087400000, 0x0000000087400000|100%|HS|  |TAMS 0x0000000087300000| PB 0x0000000087300000| Complete 
|  28|0x0000000087400000, 0x0000000087500000, 0x0000000087500000|100%|HC|  |TAMS 0x0000000087400000| PB 0x0000000087400000| Complete 
|  29|0x0000000087500000, 0x0000000087600000, 0x0000000087600000|100%|HS|  |TAMS 0x0000000087500000| PB 0x0000000087500000| Complete 
|  30|0x0000000087600000, 0x0000000087700000, 0x0000000087700000|100%|HS|  |TAMS 0x0000000087600000| PB 0x0000000087600000| Complete 
|  31|0x0000000087700000, 0x0000000087800000, 0x0000000087800000|100%|HC|  |TAMS 0x0000000087700000| PB 0x0000000087700000| Complete 
|  32|0x0000000087800000, 0x0000000087900000, 0x0000000087900000|100%|HC|  |TAMS 0x0000000087800000| PB 0x0000000087800000| Complete 
|  33|0x0000000087900000, 0x0000000087a00000, 0x0000000087a00000|100%|HS|  |TAMS 0x0000000087900000| PB 0x0000000087900000| Complete 
|  34|0x0000000087a00000, 0x0000000087b00000, 0x0000000087b00000|100%|HC|  |TAMS 0x0000000087a00000| PB 0x0000000087a00000| Complete 
|  35|0x0000000087b00000, 0x0000000087c00000, 0x0000000087c00000|100%|HC|  |TAMS 0x0000000087b00000| PB 0x0000000087b00000| Complete 
|  36|0x0000000087c00000, 0x0000000087d00000, 0x0000000087d00000|100%|HS|  |TAMS 0x0000000087c00000| PB 0x0000000087c00000| Complete 
|  37|0x0000000087d00000, 0x0000000087e00000, 0x0000000087e00000|100%|HC|  |TAMS 0x0000000087d00000| PB 0x0000000087d00000| Complete 
|  38|0x0000000087e00000, 0x0000000087f00000, 0x0000000087f00000|100%|HC|  |TAMS 0x0000000087e00000| PB 0x0000000087e00000| Complete 
|  39|0x0000000087f00000, 0x0000000088000000, 0x0000000088000000|100%|HS|  |TAMS 0x0000000087f00000| PB 0x0000000087f00000| Complete 
|  40|0x0000000088000000, 0x0000000088100000, 0x0000000088100000|100%|HC|  |TAMS 0x0000000088000000| PB 0x0000000088000000| Complete 
|  41|0x0000000088100000, 0x0000000088200000, 0x0000000088200000|100%|HC|  |TAMS 0x0000000088100000| PB 0x0000000088100000| Complete 
|  42|0x0000000088200000, 0x0000000088300000, 0x0000000088300000|100%|HS|  |TAMS 0x0000000088200000| PB 0x0000000088200000| Complete 
|  43|0x0000000088300000, 0x0000000088400000, 0x0000000088400000|100%|HC|  |TAMS 0x0000000088300000| PB 0x0000000088300000| Complete 
|  44|0x0000000088400000, 0x0000000088500000, 0x0000000088500000|100%|HC|  |TAMS 0x0000000088400000| PB 0x0000000088400000| Complete 
|  45|0x0000000088500000, 0x0000000088600000, 0x0000000088600000|100%|HS|  |TAMS 0x0000000088500000| PB 0x0000000088500000| Complete 
|  46|0x0000000088600000, 0x0000000088700000, 0x0000000088700000|100%|HC|  |TAMS 0x0000000088600000| PB 0x0000000088600000| Complete 
|  47|0x0000000088700000, 0x0000000088800000, 0x0000000088800000|100%|HC|  |TAMS 0x0000000088700000| PB 0x0000000088700000| Complete 
|  48|0x0000000088800000, 0x0000000088900000, 0x0000000088900000|100%|HS|  |TAMS 0x0000000088800000| PB 0x0000000088800000| Complete 
|  49|0x0000000088900000, 0x0000000088a00000, 0x0000000088a00000|100%|HC|  |TAMS 0x0000000088900000| PB 0x0000000088900000| Complete 
|  50|0x0000000088a00000, 0x0000000088b00000, 0x0000000088b00000|100%|HC|  |TAMS 0x0000000088a00000| PB 0x0000000088a00000| Complete 
|  51|0x0000000088b00000, 0x0000000088c00000, 0x0000000088c00000|100%|HS|  |TAMS 0x0000000088b00000| PB 0x0000000088b00000| Complete 
|  52|0x0000000088c00000, 0x0000000088d00000, 0x0000000088d00000|100%|HC|  |TAMS 0x0000000088c00000| PB 0x0000000088c00000| Complete 
|  53|0x0000000088d00000, 0x0000000088e00000, 0x0000000088e00000|100%|HC|  |TAMS 0x0000000088d00000| PB 0x0000000088d00000| Complete 
|  54|0x0000000088e00000, 0x0000000088f00000, 0x0000000088f00000|100%|HS|  |TAMS 0x0000000088e00000| PB 0x0000000088e00000| Complete 
|  55|0x0000000088f00000, 0x0000000089000000, 0x0000000089000000|100%|HC|  |TAMS 0x0000000088f00000| PB 0x0000000088f00000| Complete 
|  56|0x0000000089000000, 0x0000000089100000, 0x0000000089100000|100%|HC|  |TAMS 0x0000000089000000| PB 0x0000000089000000| Complete 
|  57|0x0000000089100000, 0x0000000089200000, 0x0000000089200000|100%|HS|  |TAMS 0x0000000089100000| PB 0x0000000089100000| Complete 
|  58|0x0000000089200000, 0x0000000089300000, 0x0000000089300000|100%|HC|  |TAMS 0x0000000089200000| PB 0x0000000089200000| Complete 
|  59|0x0000000089300000, 0x0000000089400000, 0x0000000089400000|100%|HC|  |TAMS 0x0000000089300000| PB 0x0000000089300000| Complete 
|  60|0x0000000089400000, 0x0000000089500000, 0x0000000089500000|100%|HS|  |TAMS 0x0000000089400000| PB 0x0000000089400000| Complete 
|  61|0x0000000089500000, 0x0000000089600000, 0x0000000089600000|100%|HC|  |TAMS 0x0000000089500000| PB 0x0000000089500000| Complete 
|  62|0x0000000089600000, 0x0000000089700000, 0x0000000089700000|100%|HC|  |TAMS 0x0000000089600000| PB 0x0000000089600000| Complete 
|  63|0x0000000089700000, 0x0000000089800000, 0x0000000089800000|100%|HS|  |TAMS 0x0000000089700000| PB 0x0000000089700000| Complete 
|  64|0x0000000089800000, 0x0000000089900000, 0x0000000089900000|100%|HC|  |TAMS 0x0000000089800000| PB 0x0000000089800000| Complete 
|  65|0x0000000089900000, 0x0000000089a00000, 0x0000000089a00000|100%|HC|  |TAMS 0x0000000089900000| PB 0x0000000089900000| Complete 
|  66|0x0000000089a00000, 0x0000000089ac5a30, 0x0000000089b00000| 77%| E|  |TAMS 0x0000000089a00000| PB 0x0000000089a00000| Complete 
|  67|0x0000000089b00000, 0x0000000089c00000, 0x0000000089c00000|100%| E|CS|TAMS 0x0000000089b00000| PB 0x0000000089b00000| Complete 
|  68|0x0000000089c00000, 0x0000000089d00000, 0x0000000089d00000|100%| E|CS|TAMS 0x0000000089c00000| PB 0x0000000089c00000| Complete 
|  69|0x0000000089d00000, 0x0000000089e00000, 0x0000000089e00000|100%| E|CS|TAMS 0x0000000089d00000| PB 0x0000000089d00000| Complete 
|  70|0x0000000089e00000, 0x0000000089f00000, 0x0000000089f00000|100%| E|CS|TAMS 0x0000000089e00000| PB 0x0000000089e00000| Complete 
|  71|0x0000000089f00000, 0x000000008a000000, 0x000000008a000000|100%| E|CS|TAMS 0x0000000089f00000| PB 0x0000000089f00000| Complete 
|  72|0x000000008a000000, 0x000000008a100000, 0x000000008a100000|100%| E|CS|TAMS 0x000000008a000000| PB 0x000000008a000000| Complete 
|  73|0x000000008a100000, 0x000000008a1d5158, 0x000000008a200000| 83%| S|CS|TAMS 0x000000008a100000| PB 0x000000008a100000| Complete 
|  74|0x000000008a200000, 0x000000008a300000, 0x000000008a300000|100%| S|CS|TAMS 0x000000008a200000| PB 0x000000008a200000| Complete 
|  75|0x000000008a300000, 0x000000008a400000, 0x000000008a400000|100%| S|CS|TAMS 0x000000008a300000| PB 0x000000008a300000| Complete 
|  76|0x000000008a400000, 0x000000008a500000, 0x000000008a500000|100%| S|CS|TAMS 0x000000008a400000| PB 0x000000008a400000| Complete 
|  77|0x000000008a500000, 0x000000008a600000, 0x000000008a600000|100%| S|CS|TAMS 0x000000008a500000| PB 0x000000008a500000| Complete 
|  78|0x000000008a600000, 0x000000008a700000, 0x000000008a700000|100%| S|CS|TAMS 0x000000008a600000| PB 0x000000008a600000| Complete 
|  79|0x000000008a700000, 0x000000008a800000, 0x000000008a800000|100%| S|CS|TAMS 0x000000008a700000| PB 0x000000008a700000| Complete 
|  80|0x000000008a800000, 0x000000008a900000, 0x000000008a900000|100%| E|CS|TAMS 0x000000008a800000| PB 0x000000008a800000| Complete 
|  81|0x000000008a900000, 0x000000008aa00000, 0x000000008aa00000|100%| E|CS|TAMS 0x000000008a900000| PB 0x000000008a900000| Complete 
|  82|0x000000008aa00000, 0x000000008ab00000, 0x000000008ab00000|100%| E|CS|TAMS 0x000000008aa00000| PB 0x000000008aa00000| Complete 
|  83|0x000000008ab00000, 0x000000008ac00000, 0x000000008ac00000|100%| E|CS|TAMS 0x000000008ab00000| PB 0x000000008ab00000| Complete 
|  84|0x000000008ac00000, 0x000000008ad00000, 0x000000008ad00000|100%| E|CS|TAMS 0x000000008ac00000| PB 0x000000008ac00000| Complete 
|  85|0x000000008ad00000, 0x000000008ae00000, 0x000000008ae00000|100%| S|CS|TAMS 0x000000008ad00000| PB 0x000000008ad00000| Complete 
|  86|0x000000008ae00000, 0x000000008af00000, 0x000000008af00000|100%| E|CS|TAMS 0x000000008ae00000| PB 0x000000008ae00000| Complete 
|  87|0x000000008af00000, 0x000000008b000000, 0x000000008b000000|100%| E|CS|TAMS 0x000000008af00000| PB 0x000000008af00000| Complete 
|  88|0x000000008b000000, 0x000000008b100000, 0x000000008b100000|100%| E|CS|TAMS 0x000000008b000000| PB 0x000000008b000000| Complete 
|  89|0x000000008b100000, 0x000000008b200000, 0x000000008b200000|100%| E|CS|TAMS 0x000000008b100000| PB 0x000000008b100000| Complete 
|  90|0x000000008b200000, 0x000000008b300000, 0x000000008b300000|100%| E|CS|TAMS 0x000000008b200000| PB 0x000000008b200000| Complete 
|  91|0x000000008b300000, 0x000000008b400000, 0x000000008b400000|100%| E|CS|TAMS 0x000000008b300000| PB 0x000000008b300000| Complete 
|  92|0x000000008b400000, 0x000000008b500000, 0x000000008b500000|100%| E|CS|TAMS 0x000000008b400000| PB 0x000000008b400000| Complete 
|  93|0x000000008b500000, 0x000000008b600000, 0x000000008b600000|100%| E|CS|TAMS 0x000000008b500000| PB 0x000000008b500000| Complete 
|  94|0x000000008b600000, 0x000000008b700000, 0x000000008b700000|100%| E|CS|TAMS 0x000000008b600000| PB 0x000000008b600000| Complete 
|  95|0x000000008b700000, 0x000000008b800000, 0x000000008b800000|100%| E|CS|TAMS 0x000000008b700000| PB 0x000000008b700000| Complete 
|  96|0x000000008b800000, 0x000000008b900000, 0x000000008b900000|100%| E|CS|TAMS 0x000000008b800000| PB 0x000000008b800000| Complete 
|  97|0x000000008b900000, 0x000000008ba00000, 0x000000008ba00000|100%| E|CS|TAMS 0x000000008b900000| PB 0x000000008b900000| Complete 
|  98|0x000000008ba00000, 0x000000008bb00000, 0x000000008bb00000|100%| E|CS|TAMS 0x000000008ba00000| PB 0x000000008ba00000| Complete 
|  99|0x000000008bb00000, 0x000000008bc00000, 0x000000008bc00000|100%| E|CS|TAMS 0x000000008bb00000| PB 0x000000008bb00000| Complete 
| 100|0x000000008bc00000, 0x000000008bd00000, 0x000000008bd00000|100%| E|CS|TAMS 0x000000008bc00000| PB 0x000000008bc00000| Complete 
| 101|0x000000008bd00000, 0x000000008be00000, 0x000000008be00000|100%| E|CS|TAMS 0x000000008bd00000| PB 0x000000008bd00000| Complete 
| 102|0x000000008be00000, 0x000000008bf00000, 0x000000008bf00000|100%| E|CS|TAMS 0x000000008be00000| PB 0x000000008be00000| Complete 
| 123|0x000000008d300000, 0x000000008d400000, 0x000000008d400000|100%| E|CS|TAMS 0x000000008d300000| PB 0x000000008d300000| Complete 

Card table byte_map: [0x0000029e7fbd0000,0x0000029e7ffb0000] _byte_map_base: 0x0000029e7f7a4000

Marking Bits: (CMBitMap*) 0x0000029e680a21e0
 Bits: [0x0000029e00000000, 0x0000029e01ea0000)

Polling page: 0x0000029e65fb0000

Metaspace:

Usage:
  Non-class:     21.57 MB used.
      Class:      3.44 MB used.
       Both:     25.00 MB used.

Virtual space:
  Non-class space:       64.00 MB reserved,      21.81 MB ( 34%) committed,  1 nodes.
      Class space:        1.00 GB reserved,       3.62 MB ( <1%) committed,  1 nodes.
             Both:        1.06 GB reserved,      25.44 MB (  2%) committed. 

Chunk freelists:
   Non-Class:  9.91 MB
       Class:  12.33 MB
        Both:  22.23 MB

MaxMetaspaceSize: unlimited
CompressedClassSpaceSize: 1.00 GB
Initial GC threshold: 21.00 MB
Current GC threshold: 35.12 MB
CDS: on
 - commit_granule_bytes: 65536.
 - commit_granule_words: 8192.
 - virtual_space_node_default_size: 8388608.
 - enlarge_chunks_in_place: 1.
 - use_allocation_guard: 0.


Internal statistics:

num_allocs_failed_limit: 3.
num_arena_births: 430.
num_arena_deaths: 0.
num_vsnodes_births: 2.
num_vsnodes_deaths: 0.
num_space_committed: 407.
num_space_uncommitted: 0.
num_chunks_returned_to_freelist: 3.
num_chunks_taken_from_freelist: 1275.
num_chunk_merges: 3.
num_chunk_splits: 887.
num_chunks_enlarged: 684.
num_inconsistent_stats: 0.

CodeHeap 'non-profiled nmethods': size=120000Kb used=2299Kb max_used=2299Kb free=117700Kb
 bounds [0x0000029e77f80000, 0x0000029e781f0000, 0x0000029e7f4b0000]
CodeHeap 'profiled nmethods': size=120000Kb used=10170Kb max_used=10170Kb free=109829Kb
 bounds [0x0000029e704b0000, 0x0000029e70ea0000, 0x0000029e779e0000]
CodeHeap 'non-nmethods': size=5760Kb used=2160Kb max_used=2205Kb free=3599Kb
 bounds [0x0000029e779e0000, 0x0000029e77c50000, 0x0000029e77f80000]
 total_blobs=5843 nmethods=4947 adapters=798
 compilation: enabled
              stopped_count=0, restarted_count=0
 full_count=0

Compilation events (20 events):
Event: 23.473 Thread 0x0000029e048d2bd0 4939       3       com.sun.javafx.css.BitSet::contains (63 bytes)
Event: 23.474 Thread 0x0000029e048d2bd0 nmethod 4939 0x0000029e70e98410 code [0x0000029e70e98600, 0x0000029e70e98af0]
Event: 23.487 Thread 0x0000029e048d2bd0 4940       3       com.sun.javafx.scene.input.PickResultChooser::processOffer (146 bytes)
Event: 23.489 Thread 0x0000029e048d2bd0 nmethod 4940 0x0000029e70e98c90 code [0x0000029e70e98ee0, 0x0000029e70e99b90]
Event: 23.861 Thread 0x0000029e048cc6b0 4941       4       com.sun.javafx.tk.Toolkit$$Lambda/0x0000029e0622eff8::run (8 bytes)
Event: 23.869 Thread 0x0000029e048cc6b0 nmethod 4941 0x0000029e781bc410 code [0x0000029e781bc5e0, 0x0000029e781bc908]
Event: 24.741 Thread 0x0000029e048cc6b0 4942       4       java.util.concurrent.locks.AbstractQueuedSynchronizer$Node::setStatusRelaxed (12 bytes)
Event: 24.742 Thread 0x0000029e048cc6b0 nmethod 4942 0x0000029e781bcb90 code [0x0000029e781bcd20, 0x0000029e781bcdb0]
Event: 24.789 Thread 0x0000029e048cc6b0 4943       4       java.util.WeakHashMap$EntrySet::iterator (12 bytes)
Event: 24.808 Thread 0x0000029e048cc6b0 nmethod 4943 0x0000029e781bce90 code [0x0000029e781bd0e0, 0x0000029e781bd9c8]
Event: 24.982 Thread 0x0000029e048d2bd0 4944       3       com.sun.javafx.collections.VetoableListDecorator::toArray (11 bytes)
Event: 24.982 Thread 0x0000029e048d2bd0 nmethod 4944 0x0000029e70e99f90 code [0x0000029e70e9a140, 0x0000029e70e9a318]
Event: 24.982 Thread 0x0000029e048cc6b0 4945       4       com.sun.javafx.geom.transform.Affine3D::concatenate (561 bytes)
Event: 24.985 Thread 0x0000029e048cc6b0 nmethod 4945 0x0000029e781be110 code [0x0000029e781be2e0, 0x0000029e781be550]
Event: 25.036 Thread 0x0000029e048d2bd0 4946   !   3       com.sun.javafx.binding.ExpressionHelper$Generic::fireValueChangedEvent (218 bytes)
Event: 25.038 Thread 0x0000029e048d2bd0 nmethod 4946 0x0000029e70e9a410 code [0x0000029e70e9a780, 0x0000029e70e9c5b0]
Event: 25.038 Thread 0x0000029e048d2bd0 4947       3       com.sun.javafx.binding.ExpressionHelper$Generic::removeListener (214 bytes)
Event: 25.039 Thread 0x0000029e048d2bd0 nmethod 4947 0x0000029e70e9d190 code [0x0000029e70e9d440, 0x0000029e70e9e608]
Event: 25.039 Thread 0x0000029e048d2bd0 4948       1       java.util.logging.LogManager$LoggerContext::getOwner (5 bytes)
Event: 25.040 Thread 0x0000029e048d2bd0 nmethod 4948 0x0000029e781be990 code [0x0000029e781beb20, 0x0000029e781bebe8]

GC Heap History (6 events):
Event: 0.511 GC heap before
{Heap before GC invocations=0 (full 0):
 garbage-first heap   total 126976K, used 22528K [0x0000000085800000, 0x0000000100000000)
  region size 1024K, 23 young (23552K), 0 survivors (0K)
 Metaspace       used 3763K, committed 3968K, reserved 1114112K
  class space    used 406K, committed 512K, reserved 1048576K
}
Event: 0.515 GC heap after
{Heap after GC invocations=1 (full 0):
 garbage-first heap   total 126976K, used 2496K [0x0000000085800000, 0x0000000100000000)
  region size 1024K, 3 young (3072K), 3 survivors (3072K)
 Metaspace       used 3763K, committed 3968K, reserved 1114112K
  class space    used 406K, committed 512K, reserved 1048576K
}
Event: 1.112 GC heap before
{Heap before GC invocations=1 (full 0):
 garbage-first heap   total 126976K, used 44480K [0x0000000085800000, 0x0000000100000000)
  region size 1024K, 39 young (39936K), 3 survivors (3072K)
 Metaspace       used 12842K, committed 13184K, reserved 1114112K
  class space    used 1547K, committed 1728K, reserved 1048576K
}
Event: 1.118 GC heap after
{Heap after GC invocations=2 (full 0):
 garbage-first heap   total 126976K, used 15779K [0x0000000085800000, 0x0000000100000000)
  region size 1024K, 5 young (5120K), 5 survivors (5120K)
 Metaspace       used 12842K, committed 13184K, reserved 1114112K
  class space    used 1547K, committed 1728K, reserved 1048576K
}
Event: 7.116 GC heap before
{Heap before GC invocations=2 (full 0):
 garbage-first heap   total 126976K, used 70051K [0x0000000085800000, 0x0000000100000000)
  region size 1024K, 43 young (44032K), 5 survivors (5120K)
 Metaspace       used 21130K, committed 21504K, reserved 1114112K
  class space    used 2862K, committed 3072K, reserved 1048576K
}
Event: 7.123 GC heap after
{Heap after GC invocations=3 (full 0):
 garbage-first heap   total 126976K, used 29943K [0x0000000085800000, 0x0000000100000000)
  region size 1024K, 8 young (8192K), 8 survivors (8192K)
 Metaspace       used 21130K, committed 21504K, reserved 1114112K
  class space    used 2862K, committed 3072K, reserved 1048576K
}

Dll operation events (20 events):
Event: 0.354 Loaded shared library C:\Users\User\.openjfx\cache\13\api-ms-win-crt-filesystem-l1-1-0.dll
Event: 0.357 Loaded shared library C:\Users\User\.openjfx\cache\13\api-ms-win-crt-heap-l1-1-0.dll
Event: 0.359 Loaded shared library C:\Users\User\.openjfx\cache\13\api-ms-win-crt-locale-l1-1-0.dll
Event: 0.361 Loaded shared library C:\Users\User\.openjfx\cache\13\api-ms-win-crt-math-l1-1-0.dll
Event: 0.364 Loaded shared library C:\Users\User\.openjfx\cache\13\api-ms-win-crt-multibyte-l1-1-0.dll
Event: 0.368 Loaded shared library C:\Users\User\.openjfx\cache\13\api-ms-win-crt-private-l1-1-0.dll
Event: 0.370 Loaded shared library C:\Users\User\.openjfx\cache\13\api-ms-win-crt-process-l1-1-0.dll
Event: 0.374 Loaded shared library C:\Users\User\.openjfx\cache\13\api-ms-win-crt-runtime-l1-1-0.dll
Event: 0.377 Loaded shared library C:\Users\User\.openjfx\cache\13\api-ms-win-crt-stdio-l1-1-0.dll
Event: 0.379 Loaded shared library C:\Users\User\.openjfx\cache\13\api-ms-win-crt-string-l1-1-0.dll
Event: 0.381 Loaded shared library C:\Users\User\.openjfx\cache\13\api-ms-win-crt-time-l1-1-0.dll
Event: 0.383 Loaded shared library C:\Users\User\.openjfx\cache\13\api-ms-win-crt-utility-l1-1-0.dll
Event: 0.393 Loaded shared library C:\Users\User\.openjfx\cache\13\ucrtbase.dll
Event: 0.396 Loaded shared library C:\Users\User\.openjfx\cache\13\vcruntime140.dll
Event: 0.403 Loaded shared library C:\Users\User\.openjfx\cache\13\msvcp140.dll
Event: 0.408 Loaded shared library C:\Users\User\.openjfx\cache\13\concrt140.dll
Event: 0.437 Loaded shared library C:\Users\User\.openjfx\cache\13\prism_d3d.dll
Event: 0.467 Loaded shared library C:\Users\User\.openjfx\cache\13\glass.dll
Event: 0.564 Loaded shared library C:\Program Files\Java\jdk-21\bin\jimage.dll
Event: 0.987 Loaded shared library C:\Users\User\.openjfx\cache\13\javafx_font.dll

Deoptimization events (20 events):
Event: 21.847 Thread 0x0000029e4a784860 Uncommon trap: trap_request=0xffffffbe fr.pc=0x0000029e781af920 relative=0x0000000000000420
Event: 21.847 Thread 0x0000029e4a784860 Uncommon trap: reason=profile_predicate action=maybe_recompile pc=0x0000029e781af920 method=javafx.css.CompoundSelector.applies(Ljavafx/css/Styleable;[Ljava/util/Set;I)Z @ 89 c2
Event: 21.847 Thread 0x0000029e4a784860 DEOPT PACKING pc=0x0000029e781af920 sp=0x000000c9b5efbf10
Event: 21.847 Thread 0x0000029e4a784860 DEOPT UNPACKING pc=0x0000029e77a37da2 sp=0x000000c9b5efbea0 mode 2
Event: 21.881 Thread 0x0000029e4a784860 Uncommon trap: trap_request=0xffffffd6 fr.pc=0x0000029e781b51e8 relative=0x00000000000003e8
Event: 21.881 Thread 0x0000029e4a784860 Uncommon trap: reason=array_check action=maybe_recompile pc=0x0000029e781b51e8 method=javafx.css.CompoundSelector.applies(Ljavafx/css/Styleable;[Ljava/util/Set;I)Z @ 128 c2
Event: 21.881 Thread 0x0000029e4a784860 DEOPT PACKING pc=0x0000029e781b51e8 sp=0x000000c9b5efbc40
Event: 21.881 Thread 0x0000029e4a784860 DEOPT UNPACKING pc=0x0000029e77a37da2 sp=0x000000c9b5efbbc8 mode 2
Event: 21.881 Thread 0x0000029e4a784860 Uncommon trap: trap_request=0xffffffd6 fr.pc=0x0000029e781b51e8 relative=0x00000000000003e8
Event: 21.881 Thread 0x0000029e4a784860 Uncommon trap: reason=array_check action=maybe_recompile pc=0x0000029e781b51e8 method=javafx.css.CompoundSelector.applies(Ljavafx/css/Styleable;[Ljava/util/Set;I)Z @ 128 c2
Event: 21.881 Thread 0x0000029e4a784860 DEOPT PACKING pc=0x0000029e781b51e8 sp=0x000000c9b5efbee0
Event: 21.881 Thread 0x0000029e4a784860 DEOPT UNPACKING pc=0x0000029e77a37da2 sp=0x000000c9b5efbe68 mode 2
Event: 21.882 Thread 0x0000029e4a784860 Uncommon trap: trap_request=0xffffffd6 fr.pc=0x0000029e781b51e8 relative=0x00000000000003e8
Event: 21.882 Thread 0x0000029e4a784860 Uncommon trap: reason=array_check action=maybe_recompile pc=0x0000029e781b51e8 method=javafx.css.CompoundSelector.applies(Ljavafx/css/Styleable;[Ljava/util/Set;I)Z @ 128 c2
Event: 21.882 Thread 0x0000029e4a784860 DEOPT PACKING pc=0x0000029e781b51e8 sp=0x000000c9b5efb9d0
Event: 21.882 Thread 0x0000029e4a784860 DEOPT UNPACKING pc=0x0000029e77a37da2 sp=0x000000c9b5efb958 mode 2
Event: 21.882 Thread 0x0000029e4a784860 Uncommon trap: trap_request=0xffffffd6 fr.pc=0x0000029e781b51e8 relative=0x00000000000003e8
Event: 21.882 Thread 0x0000029e4a784860 Uncommon trap: reason=array_check action=maybe_recompile pc=0x0000029e781b51e8 method=javafx.css.CompoundSelector.applies(Ljavafx/css/Styleable;[Ljava/util/Set;I)Z @ 128 c2
Event: 21.882 Thread 0x0000029e4a784860 DEOPT PACKING pc=0x0000029e781b51e8 sp=0x000000c9b5efb9d0
Event: 21.882 Thread 0x0000029e4a784860 DEOPT UNPACKING pc=0x0000029e77a37da2 sp=0x000000c9b5efb958 mode 2

Classes loaded (20 events):
Event: 7.169 Loading class java/text/BreakIterator$BreakIteratorCache
Event: 7.169 Loading class java/text/BreakIterator$BreakIteratorCache done
Event: 10.131 Loading class jdk/internal/math/FDBigInteger
Event: 10.132 Loading class jdk/internal/math/FDBigInteger done
Event: 10.133 Loading class sun/reflect/generics/tree/BottomSignature
Event: 10.133 Loading class sun/reflect/generics/tree/BottomSignature done
Event: 10.133 Loading class sun/reflect/generics/tree/Wildcard
Event: 10.133 Loading class sun/reflect/generics/tree/Wildcard done
Event: 10.133 Loading class sun/reflect/generics/reflectiveObjects/WildcardTypeImpl
Event: 10.134 Loading class java/lang/reflect/WildcardType
Event: 10.134 Loading class java/lang/reflect/WildcardType done
Event: 10.134 Loading class sun/reflect/generics/reflectiveObjects/WildcardTypeImpl done
Event: 10.316 Loading class java/util/BitSet$1BitSetSpliterator
Event: 10.316 Loading class java/util/BitSet$1BitSetSpliterator done
Event: 10.316 Loading class java/util/stream/IntPipeline$1
Event: 10.316 Loading class java/util/stream/IntPipeline$1 done
Event: 10.316 Loading class java/util/stream/IntPipeline$1$1
Event: 10.316 Loading class java/util/stream/IntPipeline$1$1 done
Event: 10.400 Loading class java/lang/FdLibm$Acos
Event: 10.400 Loading class java/lang/FdLibm$Acos done

Classes unloaded (0 events):
No events

Classes redefined (0 events):
No events

Internal exceptions (20 events):
Event: 3.192 Thread 0x0000029e4a784860 Exception <a 'sun/nio/fs/WindowsException'{0x000000008bf6dfc8}> (0x000000008bf6dfc8) 
thrown [s\open\src\hotspot\share\prims\jni.cpp, line 520]
Event: 3.219 Thread 0x0000029e4a784860 Exception <a 'java/lang/NoSuchMethodError'{0x000000008be85aa0}: 'java.lang.Object java.lang.invoke.DirectMethodHandle$Holder.newInvokeSpecial(java.lang.Object, double)'> (0x000000008be85aa0) 
thrown [s\open\src\hotspot\share\interpreter\linkResolver.cpp, line 773]
Event: 3.299 Thread 0x0000029e4a784860 Exception <a 'java/lang/ClassNotFoundException'{0x000000008bb72a48}: com/sun/javafx/scene/control/skin/resources/controls> (0x000000008bb72a48) 
thrown [s\open\src\hotspot\share\prims\jni.cpp, line 539]
Event: 3.300 Thread 0x0000029e4a784860 Exception <a 'java/lang/ClassNotFoundException'{0x000000008bb80b08}: com/sun/javafx/scene/control/skin/resources/controls_es> (0x000000008bb80b08) 
thrown [s\open\src\hotspot\share\prims\jni.cpp, line 539]
Event: 3.300 Thread 0x0000029e4a784860 Exception <a 'java/lang/ClassNotFoundException'{0x000000008bb8e390}: com/sun/javafx/scene/control/skin/resources/controls_es_AR> (0x000000008bb8e390) 
thrown [s\open\src\hotspot\share\prims\jni.cpp, line 539]
Event: 3.322 Thread 0x0000029e4a784860 Exception <a 'java/lang/NoSuchMethodError'{0x000000008ba9de70}: 'void java.lang.invoke.DirectMethodHandle$Holder.invokeSpecial(java.lang.Object, java.lang.Object, java.lang.Object, java.lang.Object, java.lang.Object, java.lang.Object)'> (0x000000008ba9de70) 
thrown [s\open\src\hotspot\share\interpreter\linkResolver.cpp, line 773]
Event: 3.415 Thread 0x0000029e4a784860 Exception <a 'java/lang/NoSuchMethodError'{0x000000008b64ab38}: 'long java.lang.invoke.DirectMethodHandle$Holder.invokeStatic(java.lang.Object, java.lang.Object, java.lang.Object)'> (0x000000008b64ab38) 
thrown [s\open\src\hotspot\share\interpreter\linkResolver.cpp, line 773]
Event: 3.415 Thread 0x0000029e4a784860 Exception <a 'java/lang/NoSuchMethodError'{0x000000008b64df08}: 'long java.lang.invoke.DirectMethodHandle$Holder.invokeStaticInit(java.lang.Object, java.lang.Object, java.lang.Object)'> (0x000000008b64df08) 
thrown [s\open\src\hotspot\share\interpreter\linkResolver.cpp, line 773]
Event: 3.418 Thread 0x0000029e4a784860 Exception <a 'java/lang/NoSuchMethodError'{0x000000008b662408}: 'java.lang.Object java.lang.invoke.DirectMethodHandle$Holder.newInvokeSpecial(java.lang.Object, java.lang.Object, long)'> (0x000000008b662408) 
thrown [s\open\src\hotspot\share\interpreter\linkResolver.cpp, line 773]
Event: 3.418 Thread 0x0000029e4a784860 Exception <a 'java/lang/NoSuchMethodError'{0x000000008b665d00}: 'java.lang.Object java.lang.invoke.Invokers$Holder.linkToTargetMethod(java.lang.Object, long, java.lang.Object)'> (0x000000008b665d00) 
thrown [s\open\src\hotspot\share\interpreter\linkResolver.cpp, line 773]
Event: 6.801 Thread 0x0000029e4a784860 Exception <a 'java/lang/NoSuchMethodError'{0x000000008b001580}: 'java.lang.Object java.lang.invoke.DirectMethodHandle$Holder.invokeStaticInit(java.lang.Object, int, int, int, int)'> (0x000000008b001580) 
thrown [s\open\src\hotspot\share\interpreter\linkResolver.cpp, line 773]
Event: 7.101 Thread 0x0000029e4a784860 Exception <a 'java/lang/NoSuchMethodError'{0x000000008b0f2228}: 'java.lang.Object java.lang.invoke.DirectMethodHandle$Holder.invokeStaticInit(java.lang.Object, java.lang.Object, int, int, int, int)'> (0x000000008b0f2228) 
thrown [s\open\src\hotspot\share\interpreter\linkResolver.cpp, line 773]
Event: 10.321 Thread 0x0000029e4a784860 Exception <a 'java/lang/NoSuchMethodError'{0x000000008afe10a0}: 'void java.lang.invoke.DirectMethodHandle$Holder.invokeSpecialIFC(java.lang.Object, java.lang.Object, java.lang.Object, java.lang.Object)'> (0x000000008afe10a0) 
thrown [s\open\src\hotspot\share\interpreter\linkResolver.cpp, line 773]
Event: 10.375 Thread 0x0000029e4a784860 Exception <a 'java/lang/NoSuchMethodError'{0x000000008aa5bf60}: 'void java.lang.invoke.DirectMethodHandle$Holder.invokeSpecial(java.lang.Object, java.lang.Object, int, int)'> (0x000000008aa5bf60) 
thrown [s\open\src\hotspot\share\interpreter\linkResolver.cpp, line 773]
Event: 10.376 Thread 0x0000029e4a784860 Exception <a 'java/lang/NoSuchMethodError'{0x000000008aa61d58}: 'java.lang.Object java.lang.invoke.DirectMethodHandle$Holder.newInvokeSpecial(java.lang.Object, java.lang.Object, int, int)'> (0x000000008aa61d58) 
thrown [s\open\src\hotspot\share\interpreter\linkResolver.cpp, line 773]
Event: 10.376 Thread 0x0000029e4a784860 Exception <a 'java/lang/NoSuchMethodError'{0x000000008aa65cb8}: 'java.lang.Object java.lang.invoke.DirectMethodHandle$Holder.invokeSpecial(java.lang.Object, java.lang.Object, java.lang.Object, int, int)'> (0x000000008aa65cb8) 
thrown [s\open\src\hotspot\share\interpreter\linkResolver.cpp, line 773]
Event: 10.982 Thread 0x0000029e4a784860 Implicit null exception at 0x0000029e78129c0e to 0x0000029e7812dc0c
Event: 10.983 Thread 0x0000029e4a784860 Implicit null exception at 0x0000029e78129c0e to 0x0000029e7812dc0c
Event: 10.983 Thread 0x0000029e4a784860 Implicit null exception at 0x0000029e78129c0e to 0x0000029e7812dc0c
Event: 10.983 Thread 0x0000029e4a784860 Implicit null exception at 0x0000029e78129c0e to 0x0000029e7812dc0c

ZGC Phase Switch (0 events):
No events

VM Operations (20 events):
Event: 13.933 Executing VM operation: Cleanup done
Event: 14.934 Executing VM operation: Cleanup
Event: 14.934 Executing VM operation: Cleanup done
Event: 16.949 Executing VM operation: Cleanup
Event: 16.949 Executing VM operation: Cleanup done
Event: 17.950 Executing VM operation: Cleanup
Event: 17.950 Executing VM operation: Cleanup done
Event: 18.951 Executing VM operation: Cleanup
Event: 18.951 Executing VM operation: Cleanup done
Event: 19.951 Executing VM operation: Cleanup
Event: 19.951 Executing VM operation: Cleanup done
Event: 20.952 Executing VM operation: Cleanup
Event: 20.952 Executing VM operation: Cleanup done
Event: 21.952 Executing VM operation: Cleanup
Event: 21.952 Executing VM operation: Cleanup done
Event: 23.952 Executing VM operation: Cleanup
Event: 23.952 Executing VM operation: Cleanup done
Event: 24.953 Executing VM operation: Cleanup
Event: 24.953 Executing VM operation: Cleanup done
Event: 25.040 Executing VM operation: Exit

Events (20 events):
Event: 3.438 Thread 0x0000029e5078efe0 Thread added: 0x0000029e5078efe0
Event: 3.621 Thread 0x0000029e048d1e30 Thread exited: 0x0000029e048d1e30
Event: 3.637 Thread 0x0000029e048d1760 Thread exited: 0x0000029e048d1760
Event: 6.748 Thread 0x0000029e048d1760 Thread added: 0x0000029e048d1760
Event: 7.087 Thread 0x0000029e048d1760 Thread exited: 0x0000029e048d1760
Event: 7.209 Thread 0x0000029e048d1e30 Thread added: 0x0000029e048d1e30
Event: 7.540 Thread 0x0000029e048d1e30 Thread exited: 0x0000029e048d1e30
Event: 10.212 Thread 0x0000029e048cfc20 Thread added: 0x0000029e048cfc20
Event: 10.360 Thread 0x0000029e048d32a0 Thread added: 0x0000029e048d32a0
Event: 10.726 Thread 0x0000029e048d32a0 Thread exited: 0x0000029e048d32a0
Event: 10.734 Thread 0x0000029e048cfc20 Thread exited: 0x0000029e048cfc20
Event: 11.195 Thread 0x0000029e048d32a0 Thread added: 0x0000029e048d32a0
Event: 11.323 Thread 0x0000029e048d32a0 Thread exited: 0x0000029e048d32a0
Event: 14.844 Thread 0x0000029e048d1760 Thread added: 0x0000029e048d1760
Event: 15.381 Thread 0x0000029e048d1760 Thread exited: 0x0000029e048d1760
Event: 25.037 Thread 0x0000029e507910b0 Thread added: 0x0000029e507910b0
Event: 25.037 Thread 0x0000029e5078f670 Thread added: 0x0000029e5078f670
Event: 25.038 Thread 0x0000029e507910b0 Thread exited: 0x0000029e507910b0
Event: 25.039 Thread 0x0000029e5078f670 Thread exited: 0x0000029e5078f670
Event: 25.040 Thread 0x0000029e048c5160 Thread exited: 0x0000029e048c5160


Dynamic libraries:
0x00007ff77f030000 - 0x00007ff77f040000 	C:\Program Files\Java\jdk-21\bin\java.exe
0x00007ff94ff10000 - 0x00007ff950127000 	C:\WINDOWS\SYSTEM32\ntdll.dll
0x00007ff94ee70000 - 0x00007ff94ef34000 	C:\WINDOWS\System32\KERNEL32.DLL
0x00007ff94d320000 - 0x00007ff94d6cd000 	C:\WINDOWS\System32\KERNELBASE.dll
0x00007ff94db20000 - 0x00007ff94dc31000 	C:\WINDOWS\System32\ucrtbase.dll
0x00007ff92f520000 - 0x00007ff92f539000 	C:\Program Files\Java\jdk-21\bin\jli.dll
0x00007ff9490c0000 - 0x00007ff9490db000 	C:\Program Files\Java\jdk-21\bin\VCRUNTIME140.dll
0x00007ff94e080000 - 0x00007ff94e132000 	C:\WINDOWS\System32\ADVAPI32.dll
0x00007ff94e150000 - 0x00007ff94e1f7000 	C:\WINDOWS\System32\msvcrt.dll
0x00007ff94dfd0000 - 0x00007ff94e079000 	C:\WINDOWS\System32\sechost.dll
0x00007ff94d8b0000 - 0x00007ff94d8d8000 	C:\WINDOWS\System32\bcrypt.dll
0x00007ff94f840000 - 0x00007ff94f954000 	C:\WINDOWS\System32\RPCRT4.dll
0x00007ff94f130000 - 0x00007ff94f2de000 	C:\WINDOWS\System32\USER32.dll
0x00007ff94d2f0000 - 0x00007ff94d316000 	C:\WINDOWS\System32\win32u.dll
0x00007ff928f90000 - 0x00007ff929223000 	C:\WINDOWS\WinSxS\amd64_microsoft.windows.common-controls_6595b64144ccf1df_6.0.22621.3672_none_2713b9d173822955\COMCTL32.dll
0x00007ff94fca0000 - 0x00007ff94fcc9000 	C:\WINDOWS\System32\GDI32.dll
0x00007ff94d8e0000 - 0x00007ff94d9f9000 	C:\WINDOWS\System32\gdi32full.dll
0x00007ff94da80000 - 0x00007ff94db1a000 	C:\WINDOWS\System32\msvcp_win.dll
0x00007ff943f00000 - 0x00007ff943f0a000 	C:\WINDOWS\SYSTEM32\VERSION.dll
0x00007ff94f9f0000 - 0x00007ff94fa21000 	C:\WINDOWS\System32\IMM32.DLL
0x00007ff944420000 - 0x00007ff94442c000 	C:\Program Files\Java\jdk-21\bin\vcruntime140_1.dll
0x00007ff9276b0000 - 0x00007ff92773e000 	C:\Program Files\Java\jdk-21\bin\msvcp140.dll
0x00007ff8f24d0000 - 0x00007ff8f31e7000 	C:\Program Files\Java\jdk-21\bin\server\jvm.dll
0x00007ff94f970000 - 0x00007ff94f9e1000 	C:\WINDOWS\System32\WS2_32.dll
0x00007ff94cea0000 - 0x00007ff94ceed000 	C:\WINDOWS\SYSTEM32\POWRPROF.dll
0x00007ff944570000 - 0x00007ff9445a4000 	C:\WINDOWS\SYSTEM32\WINMM.dll
0x00007ff94ce80000 - 0x00007ff94ce93000 	C:\WINDOWS\SYSTEM32\UMPDC.dll
0x00007ff94c280000 - 0x00007ff94c298000 	C:\WINDOWS\SYSTEM32\kernel.appcore.dll
0x00007ff944410000 - 0x00007ff94441a000 	C:\Program Files\Java\jdk-21\bin\jimage.dll
0x00007ff94a4f0000 - 0x00007ff94a722000 	C:\WINDOWS\SYSTEM32\DBGHELP.DLL
0x00007ff94dc40000 - 0x00007ff94dfce000 	C:\WINDOWS\System32\combase.dll
0x00007ff94ed90000 - 0x00007ff94ee67000 	C:\WINDOWS\System32\OLEAUT32.dll
0x00007ff920520000 - 0x00007ff920552000 	C:\WINDOWS\SYSTEM32\dbgcore.DLL
0x00007ff94da00000 - 0x00007ff94da7b000 	C:\WINDOWS\System32\bcryptPrimitives.dll
0x00007ff943dd0000 - 0x00007ff943def000 	C:\Program Files\Java\jdk-21\bin\java.dll
0x00007ff94e520000 - 0x00007ff94ed87000 	C:\WINDOWS\System32\SHELL32.dll
0x00007ff94b160000 - 0x00007ff94ba5f000 	C:\WINDOWS\SYSTEM32\windows.storage.dll
0x00007ff94b020000 - 0x00007ff94b15f000 	C:\WINDOWS\SYSTEM32\wintypes.dll
0x00007ff94f030000 - 0x00007ff94f129000 	C:\WINDOWS\System32\SHCORE.dll
0x00007ff94fc20000 - 0x00007ff94fc7e000 	C:\WINDOWS\System32\shlwapi.dll
0x00007ff94d160000 - 0x00007ff94d187000 	C:\WINDOWS\SYSTEM32\profapi.dll
0x00007ff927740000 - 0x00007ff927817000 	C:\Program Files\Java\jdk-21\bin\jsvml.dll
0x00007ff943f60000 - 0x00007ff943f70000 	C:\Program Files\Java\jdk-21\bin\net.dll
0x00007ff949620000 - 0x00007ff949756000 	C:\WINDOWS\SYSTEM32\WINHTTP.dll
0x00007ff94c6f0000 - 0x00007ff94c759000 	C:\WINDOWS\system32\mswsock.dll
0x00007ff9424b0000 - 0x00007ff9424c6000 	C:\Program Files\Java\jdk-21\bin\nio.dll
0x00007ff934670000 - 0x00007ff934688000 	C:\Program Files\Java\jdk-21\bin\zip.dll
0x0000029e04e60000 - 0x0000029e04e63000 	C:\Users\User\.openjfx\cache\13\api-ms-win-core-console-l1-1-0.dll
0x0000029e04e70000 - 0x0000029e04e73000 	C:\Users\User\.openjfx\cache\13\api-ms-win-core-datetime-l1-1-0.dll
0x0000029e04e80000 - 0x0000029e04e83000 	C:\Users\User\.openjfx\cache\13\api-ms-win-core-debug-l1-1-0.dll
0x0000029e04e90000 - 0x0000029e04e93000 	C:\Users\User\.openjfx\cache\13\api-ms-win-core-errorhandling-l1-1-0.dll
0x0000029e04ea0000 - 0x0000029e04ea4000 	C:\Users\User\.openjfx\cache\13\api-ms-win-core-file-l1-1-0.dll
0x0000029e04eb0000 - 0x0000029e04eb3000 	C:\Users\User\.openjfx\cache\13\api-ms-win-core-file-l1-2-0.dll
0x0000029e04ec0000 - 0x0000029e04ec3000 	C:\Users\User\.openjfx\cache\13\api-ms-win-core-file-l2-1-0.dll
0x0000029e04ed0000 - 0x0000029e04ed3000 	C:\Users\User\.openjfx\cache\13\api-ms-win-core-handle-l1-1-0.dll
0x0000029e04ee0000 - 0x0000029e04ee3000 	C:\Users\User\.openjfx\cache\13\api-ms-win-core-heap-l1-1-0.dll
0x0000029e04ef0000 - 0x0000029e04ef3000 	C:\Users\User\.openjfx\cache\13\api-ms-win-core-interlocked-l1-1-0.dll
0x0000029e04f00000 - 0x0000029e04f03000 	C:\Users\User\.openjfx\cache\13\api-ms-win-core-libraryloader-l1-1-0.dll
0x0000029e04f10000 - 0x0000029e04f13000 	C:\Users\User\.openjfx\cache\13\api-ms-win-core-localization-l1-2-0.dll
0x0000029e04f20000 - 0x0000029e04f23000 	C:\Users\User\.openjfx\cache\13\api-ms-win-core-memory-l1-1-0.dll
0x0000029e04f30000 - 0x0000029e04f33000 	C:\Users\User\.openjfx\cache\13\api-ms-win-core-namedpipe-l1-1-0.dll
0x0000029e04f40000 - 0x0000029e04f43000 	C:\Users\User\.openjfx\cache\13\api-ms-win-core-processenvironment-l1-1-0.dll
0x0000029e04f50000 - 0x0000029e04f53000 	C:\Users\User\.openjfx\cache\13\api-ms-win-core-processthreads-l1-1-0.dll
0x0000029e04f60000 - 0x0000029e04f63000 	C:\Users\User\.openjfx\cache\13\api-ms-win-core-processthreads-l1-1-1.dll
0x0000029e04f70000 - 0x0000029e04f73000 	C:\Users\User\.openjfx\cache\13\api-ms-win-core-profile-l1-1-0.dll
0x0000029e04f80000 - 0x0000029e04f83000 	C:\Users\User\.openjfx\cache\13\api-ms-win-core-rtlsupport-l1-1-0.dll
0x0000029e04f90000 - 0x0000029e04f93000 	C:\Users\User\.openjfx\cache\13\api-ms-win-core-string-l1-1-0.dll
0x0000029e04fa0000 - 0x0000029e04fa3000 	C:\Users\User\.openjfx\cache\13\api-ms-win-core-synch-l1-1-0.dll
0x0000029e04fb0000 - 0x0000029e04fb3000 	C:\Users\User\.openjfx\cache\13\api-ms-win-core-synch-l1-2-0.dll
0x0000029e04fc0000 - 0x0000029e04fc3000 	C:\Users\User\.openjfx\cache\13\api-ms-win-core-sysinfo-l1-1-0.dll
0x0000029e04fd0000 - 0x0000029e04fd3000 	C:\Users\User\.openjfx\cache\13\api-ms-win-core-timezone-l1-1-0.dll
0x0000029e04fe0000 - 0x0000029e04fe3000 	C:\Users\User\.openjfx\cache\13\api-ms-win-core-util-l1-1-0.dll
0x0000029e04ff0000 - 0x0000029e04ff3000 	C:\Users\User\.openjfx\cache\13\api-ms-win-crt-conio-l1-1-0.dll
0x0000029e4a800000 - 0x0000029e4a804000 	C:\Users\User\.openjfx\cache\13\api-ms-win-crt-convert-l1-1-0.dll
0x0000029e4a810000 - 0x0000029e4a813000 	C:\Users\User\.openjfx\cache\13\api-ms-win-crt-environment-l1-1-0.dll
0x0000029e4a820000 - 0x0000029e4a823000 	C:\Users\User\.openjfx\cache\13\api-ms-win-crt-filesystem-l1-1-0.dll
0x0000029e4a830000 - 0x0000029e4a833000 	C:\Users\User\.openjfx\cache\13\api-ms-win-crt-heap-l1-1-0.dll
0x0000029e4a840000 - 0x0000029e4a843000 	C:\Users\User\.openjfx\cache\13\api-ms-win-crt-locale-l1-1-0.dll
0x0000029e4a850000 - 0x0000029e4a855000 	C:\Users\User\.openjfx\cache\13\api-ms-win-crt-math-l1-1-0.dll
0x0000029e4a860000 - 0x0000029e4a865000 	C:\Users\User\.openjfx\cache\13\api-ms-win-crt-multibyte-l1-1-0.dll
0x0000029e4a870000 - 0x0000029e4a880000 	C:\Users\User\.openjfx\cache\13\api-ms-win-crt-private-l1-1-0.dll
0x0000029e4a880000 - 0x0000029e4a883000 	C:\Users\User\.openjfx\cache\13\api-ms-win-crt-process-l1-1-0.dll
0x0000029e4a890000 - 0x0000029e4a894000 	C:\Users\User\.openjfx\cache\13\api-ms-win-crt-runtime-l1-1-0.dll
0x0000029e4a8a0000 - 0x0000029e4a8a4000 	C:\Users\User\.openjfx\cache\13\api-ms-win-crt-stdio-l1-1-0.dll
0x0000029e4a8b0000 - 0x0000029e4a8b4000 	C:\Users\User\.openjfx\cache\13\api-ms-win-crt-string-l1-1-0.dll
0x0000029e4a8c0000 - 0x0000029e4a8c3000 	C:\Users\User\.openjfx\cache\13\api-ms-win-crt-time-l1-1-0.dll
0x0000029e4a8d0000 - 0x0000029e4a8d3000 	C:\Users\User\.openjfx\cache\13\api-ms-win-crt-utility-l1-1-0.dll
0x00007ff927970000 - 0x00007ff927a6c000 	C:\Users\User\.openjfx\cache\13\ucrtbase.dll
0x00007ff927950000 - 0x00007ff927965000 	C:\Users\User\.openjfx\cache\13\vcruntime140.dll
0x00007ff925dd0000 - 0x00007ff925e6b000 	C:\Users\User\.openjfx\cache\13\msvcp140.dll
0x00007ff925f20000 - 0x00007ff925f71000 	C:\Users\User\.openjfx\cache\13\concrt140.dll
0x00007ff927920000 - 0x00007ff927943000 	C:\Users\User\.openjfx\cache\13\prism_d3d.dll
0x00007ff8e2df0000 - 0x00007ff8e2f98000 	C:\WINDOWS\system32\d3d9.dll
0x00007ff94a990000 - 0x00007ff94a9bb000 	C:\WINDOWS\SYSTEM32\dwmapi.dll
0x00007ff94a740000 - 0x00007ff94a777000 	C:\WINDOWS\SYSTEM32\dxcore.dll
0x00007ff94a330000 - 0x00007ff94a3e1000 	C:\WINDOWS\system32\uxtheme.dll
0x00007ff94fcd0000 - 0x00007ff94fe75000 	C:\WINDOWS\System32\ole32.dll
0x00007ff943b30000 - 0x00007ff943b79000 	C:\WINDOWS\SYSTEM32\directxdatabasehelper.dll
0x00007ff8e83a0000 - 0x00007ff8e83e5000 	C:\Users\User\.openjfx\cache\13\glass.dll
0x00007ff94e200000 - 0x00007ff94e2ff000 	C:\WINDOWS\System32\COMDLG32.dll
0x00007ff94fac0000 - 0x00007ff94fc1e000 	C:\WINDOWS\System32\MSCTF.dll
0x00007ff94bce0000 - 0x00007ff94bdd8000 	C:\WINDOWS\SYSTEM32\DNSAPI.dll
0x00007ff94bcb0000 - 0x00007ff94bcdd000 	C:\WINDOWS\SYSTEM32\IPHLPAPI.DLL
0x00007ff94f300000 - 0x00007ff94f309000 	C:\WINDOWS\System32\NSI.dll
0x00007ff944190000 - 0x00007ff94419a000 	C:\Windows\System32\rasadhlp.dll
0x00007ff9485d0000 - 0x00007ff948653000 	C:\WINDOWS\System32\fwpuclnt.dll
0x00007ff927620000 - 0x00007ff927634000 	C:\Users\User\.openjfx\cache\13\javafx_font.dll
0x00007ff947740000 - 0x00007ff9479b3000 	C:\WINDOWS\SYSTEM32\dwrite.dll
0x00007ff94f790000 - 0x00007ff94f840000 	C:\WINDOWS\System32\clbcatq.dll
0x00007ff94a140000 - 0x00007ff94a2f1000 	C:\WINDOWS\SYSTEM32\WindowsCodecs.dll
0x00007ff911c50000 - 0x00007ff911cae000 	C:\WINDOWS\system32\dataexchange.dll
0x00007ff941e50000 - 0x00007ff9420da000 	C:\WINDOWS\system32\twinapi.appcore.dll
0x00007ff8e8280000 - 0x00007ff8e82b2000 	C:\Program Files\Common Files\Microsoft Shared\Ink\rtscom.dll
0x00007ff932f00000 - 0x00007ff933043000 	C:\WINDOWS\SYSTEM32\textinputframework.dll
0x00007ff9482e0000 - 0x00007ff948413000 	C:\WINDOWS\SYSTEM32\CoreMessaging.dll
0x00007ff942fb0000 - 0x00007ff94331d000 	C:\WINDOWS\SYSTEM32\CoreUIComponents.dll
0x00007ff94c940000 - 0x00007ff94c94c000 	C:\WINDOWS\SYSTEM32\CRYPTBASE.DLL
0x00007ff9447a0000 - 0x00007ff944d8e000 	C:\WINDOWS\SYSTEM32\d2d1.dll
0x00007ff947a00000 - 0x00007ff947c57000 	C:\WINDOWS\SYSTEM32\d3d11.dll
0x00007ff94a860000 - 0x00007ff94a957000 	C:\WINDOWS\SYSTEM32\dxgi.dll
0x00007ff9425f0000 - 0x00007ff942d01000 	C:\WINDOWS\SYSTEM32\D3D10Warp.dll
0x00007ff94c950000 - 0x00007ff94c96b000 	C:\WINDOWS\SYSTEM32\CRYPTSP.dll
0x00007ff94c1e0000 - 0x00007ff94c215000 	C:\WINDOWS\system32\rsaenh.dll
0x00007ff94c7e0000 - 0x00007ff94c808000 	C:\WINDOWS\SYSTEM32\USERENV.dll

dbghelp: loaded successfully - version: 4.0.5 - missing functions: none
symbol engine: initialized successfully - sym options: 0x614 - pdb path: .;C:\Program Files\Java\jdk-21\bin;C:\WINDOWS\SYSTEM32;C:\WINDOWS\WinSxS\amd64_microsoft.windows.common-controls_6595b64144ccf1df_6.0.22621.3672_none_2713b9d173822955;C:\Program Files\Java\jdk-21\bin\server;C:\Users\User\.openjfx\cache\13;C:\WINDOWS\System32\DriverStore\FileRepository\iigd_dch.inf_amd64_46a183a099a0cf25;C:\Program Files\Common Files\Microsoft Shared\Ink

VM Arguments:
jvm_args: --module-path=C:\Users\User\Documents\NetBeansProjects\Inventario\Inventario\target\classes;C:\Users\User\.m2\repository\at\favre\lib\bcrypt\0.9.0\bcrypt-0.9.0.jar;C:\Users\User\.m2\repository\com\sun\mail\javax.mail\1.6.2\javax.mail-1.6.2.jar;C:\Users\User\.m2\repository\net\sf\jasperreports\jasperreports\6.20.0\jasperreports-6.20.0.jar;C:\Users\User\.m2\repository\org\openjfx\javafx-base\13\javafx-base-13-win.jar;C:\Users\User\.m2\repository\org\openjfx\javafx-controls\13\javafx-controls-13-win.jar;C:\Users\User\.m2\repository\org\openjfx\javafx-fxml\13\javafx-fxml-13-win.jar;C:\Users\User\.m2\repository\org\openjfx\javafx-graphics\13\javafx-graphics-13-win.jar --add-modules=com.mycompany.inventario -Djdk.module.main=com.mycompany.inventario 
java_command: com.mycompany.inventario/com.mycompany.inventario.App
java_class_path (initial): C:\Users\User\Documents\NetBeansProjects\Inventario\Inventario\target\classes;C:\Users\User\.m2\repository\at\favre\lib\bytes\1.3.0\bytes-1.3.0.jar;C:\Users\User\.m2\repository\com\fasterxml\jackson\core\jackson-annotations\2.13.3\jackson-annotations-2.13.3.jar;C:\Users\User\.m2\repository\com\fasterxml\jackson\core\jackson-core\2.13.3\jackson-core-2.13.3.jar;C:\Users\User\.m2\repository\com\fasterxml\jackson\core\jackson-databind\2.13.3\jackson-databind-2.13.3.jar;C:\Users\User\.m2\repository\com\fasterxml\jackson\dataformat\jackson-dataformat-xml\2.13.3\jackson-dataformat-xml-2.13.3.jar;C:\Users\User\.m2\repository\com\fasterxml\woodstox\woodstox-core\6.2.7\woodstox-core-6.2.7.jar;C:\Users\User\.m2\repository\com\google\protobuf\protobuf-java\3.21.9\protobuf-java-3.21.9.jar;C:\Users\User\.m2\repository\com\lowagie\itext\2.1.7.js10\itext-2.1.7.js10.jar;C:\Users\User\.m2\repository\com\mysql\mysql-connector-j\8.0.33\mysql-connector-j-8.0.33.jar;C:\Users\User\.m2\repository\commons-beanutils\commons-beanutils\1.9.4\commons-beanutils-1.9.4.jar;C:\Users\User\.m2\repository\commons-collections\commons-collections\3.2.2\commons-collections-3.2.2.jar;C:\Users\User\.m2\repository\commons-digester\commons-digester\2.1\commons-digester-2.1.jar;C:\Users\User\.m2\repository\commons-logging\commons-logging\1.1.1\commons-logging-1.1.1.jar;C:\Users\User\.m2\repository\javax\activation\activation\1.1\activation-1.1.jar;C:\Users\User\.m2\repository\org\apache\commons\commons-collections4\4.2\commons-collections4-4.2.jar;C:\Users\User\.m2\repository\org\bouncycastle\bcprov-jdk15on\1.70\bcprov-jdk15on-1.70.jar;C:\Users\User\.m2\repository\org\bouncycastle\bcutil-jdk15on\1.70\bcutil-jdk15on-1.70.jar;C:\Users\User\.m2\repository\org\codehaus\woodstox\stax2-api\4.2.1\stax2-api-4.2.1.jar;C:\Users\User\.m2\repository\org\eclipse\jdt\ecj\3.21.0\ecj-3.21.0.jar;C:\Users\User\.m2\repository\org\jfree\jcommon\1.0.23\jcommon-1.0.23.jar;C:\Users\User\.m2\repository\org\jfree\jfreechart\1.0.19\jfreechart-1.0.19.jar;C:\Users\User\.m2\repository\org\openjfx\javafx-base\13\javafx-base-13.jar;C:\Users\User\.m2\repository\org\openjfx\javafx-controls\13\javafx-controls-13.jar;C:\Users\User\.m2\repository\org\openjfx\javafx-fxml\13\javafx-fxml-13.jar;C:\Users\User\.m2\repository\org\openjfx\javafx-graphics\13\javafx-graphics-13.jar
Launcher Type: SUN_STANDARD

[Global flags]
     intx CICompilerCount                          = 4                                         {product} {ergonomic}
     uint ConcGCThreads                            = 2                                         {product} {ergonomic}
     uint G1ConcRefinementThreads                  = 8                                         {product} {ergonomic}
   size_t G1HeapRegionSize                         = 1048576                                   {product} {ergonomic}
    uintx GCDrainStackTargetSize                   = 64                                        {product} {ergonomic}
   size_t InitialHeapSize                          = 130023424                                 {product} {ergonomic}
   size_t MarkStackSize                            = 4194304                                   {product} {ergonomic}
   size_t MaxHeapSize                              = 2055208960                                {product} {ergonomic}
   size_t MaxNewSize                               = 1233125376                                {product} {ergonomic}
   size_t MinHeapDeltaBytes                        = 1048576                                   {product} {ergonomic}
   size_t MinHeapSize                              = 8388608                                   {product} {ergonomic}
    uintx NonNMethodCodeHeapSize                   = 5839372                                {pd product} {ergonomic}
    uintx NonProfiledCodeHeapSize                  = 122909434                              {pd product} {ergonomic}
    uintx ProfiledCodeHeapSize                     = 122909434                              {pd product} {ergonomic}
    uintx ReservedCodeCacheSize                    = 251658240                              {pd product} {ergonomic}
     bool SegmentedCodeCache                       = true                                      {product} {ergonomic}
   size_t SoftMaxHeapSize                          = 2055208960                             {manageable} {ergonomic}
     bool UseCompressedOops                        = true                           {product lp64_product} {ergonomic}
     bool UseG1GC                                  = true                                      {product} {ergonomic}
     bool UseLargePagesIndividualAllocation        = false                                  {pd product} {ergonomic}

Logging:
Log output configuration:
 #0: stdout all=off uptime,level,tags foldmultilines=false
 #1: stderr all=off uptime,level,tags foldmultilines=false

Environment Variables:
JAVA_HOME=C:\Program Files\Java\jdk-21
PATH=C:\Program Files\Common Files\Oracle\Java\javapath;C:\Program Files (x86)\Common Files\Oracle\Java\javapath;C:\ProgramData\Oracle\Java\javapath;C:\WINDOWS\system32;C:\WINDOWS;C:\WINDOWS\System32\Wbem;C:\WINDOWS\System32\WindowsPowerShell\v1.0\;C:\WINDOWS\System32\OpenSSH\;C:\msys64\mingw64\bin;C:\Program Files\Python;C:\Program Files\Java\jdk-21\bin;C:\Python;C:\Python\Scripts;C:\Program Files\dotnet\;C:\Program Files\Git\cmd;C:\Users\User\AppData\Local\Microsoft\WindowsApps;C:\Users\User\AppData\Local\Programs\Microsoft VS Code\bin;C:\SRC\sqlite-tools-win32-x86-3400100;C:\Program Files\JetBrains\PyCharm Community Edition 2023.2.3\bin;;C:\Python\;C:\Python\Scripts;C:\Users\User\.dotnet\tools
USERNAME=User
OS=Windows_NT
PROCESSOR_IDENTIFIER=Intel64 Family 6 Model 140 Stepping 1, GenuineIntel
TMP=C:\Users\User\AppData\Local\Temp
TEMP=C:\Users\User\AppData\Local\Temp




Periodic native trim disabled

---------------  S Y S T E M  ---------------

OS:
 Windows 11 , 64 bit Build 22621 (10.0.22621.3958)
OS uptime: 0 days 10:35 hours
Hyper-V role detected

CPU: total 8 (initial active 8) (4 cores per cpu, 2 threads per core) family 6 model 140 stepping 1 microcode 0xb4, cx8, cmov, fxsr, ht, mmx, 3dnowpref, sse, sse2, sse3, ssse3, sse4.1, sse4.2, popcnt, lzcnt, tsc, tscinvbit, avx, avx2, aes, erms, clmul, bmi1, bmi2, adx, avx512f, avx512dq, avx512cd, avx512bw, avx512vl, sha, fma, vzeroupper, avx512_vpopcntdq, avx512_vpclmulqdq, avx512_vaes, avx512_vnni, clflush, clflushopt, clwb, avx512_vbmi2, avx512_vbmi, hv, rdtscp, rdpid, fsrm, gfni, avx512_bitalg, f16c, cet_ibt, cet_ss, avx512_ifma
Processor Information for processor 0
  Max Mhz: 2401, Current Mhz: 2401, Mhz Limit: 2401
Processor Information for processor 1
  Max Mhz: 2401, Current Mhz: 2401, Mhz Limit: 2401
Processor Information for processor 2
  Max Mhz: 2401, Current Mhz: 2401, Mhz Limit: 2401
Processor Information for processor 3
  Max Mhz: 2401, Current Mhz: 1500, Mhz Limit: 2401
Processor Information for processor 4
  Max Mhz: 2401, Current Mhz: 1100, Mhz Limit: 2401
Processor Information for processor 5
  Max Mhz: 2401, Current Mhz: 1100, Mhz Limit: 2401
Processor Information for processor 6
  Max Mhz: 2401, Current Mhz: 1100, Mhz Limit: 2401
Processor Information for processor 7
  Max Mhz: 2401, Current Mhz: 1100, Mhz Limit: 2401

Memory: 4k page, system-wide physical 7834M (1555M free)
TotalPageFile size 9709M (AvailPageFile size 1523M)
current process WorkingSet (physical memory assigned to process): 254M, peak: 280M
current process commit charge ("private bytes"): 299M, peak: 356M

vm_info: Java HotSpot(TM) 64-Bit Server VM (21.0.2+13-LTS-58) for windows-amd64 JRE (21.0.2+13-LTS-58), built on 2024-01-05T18:32:24Z by "mach5one" with MS VC++ 17.1 (VS2022)

END.
